#
# A fatal error has been detected by the Java Runtime Environment:
#
#  EXCEPTION_ACCESS_VIOLATION (0xc0000005) at pc=0x00007ffc7497e7a5, pid=2276, tid=2052
#
# JRE version: Java(TM) SE Runtime Environment (11.0.4+10) (build 11.0.4+10-LTS)
# Java VM: Java HotSpot(TM) 64-Bit Server VM (11.0.4+10-LTS, mixed mode, tiered, compressed oops, g1 gc, windows-amd64)
# Problematic frame:
# V  [jvm.dll+0x65e7a5]
#
# No core dump will be written. Minidumps are not enabled by default on client versions of Windows
#
# If you would like to submit a bug report, please visit:
#   http://bugreport.java.com/bugreport/crash.jsp
#

---------------  S U M M A R Y ------------

Command Line: -Dcom.sun.management.jmxremote -Dcom.sun.management.jmxremote.port=63155 -Dcom.sun.management.jmxremote.authenticate=false -Dcom.sun.management.jmxremote.ssl=false -Djava.rmi.server.hostname=localhost -Dspring.jmx.enabled=true -Dspring.application.admin.enabled=true -Xverify:none -XX:TieredStopAtLevel=1 -Dspring.boot.project.name=spring-boot-ionic-backend -Dfile.encoding=UTF-8 com.marcio.cursomc.CursomcApplication --spring.output.ansi.enabled=always

Host: Intel(R) Celeron(R) CPU G1820 @ 2.70GHz, 2 cores, 7G,  Windows 10 , 64 bit Build 18362 (10.0.18362.959)
Time: Sun Aug  2 14:40:55 2020 Hora oficial do Brasil elapsed time: 1 seconds (0d 0h 0m 1s)

---------------  T H R E A D  ---------------

Current thread (0x000001bf7dde5800):  WatcherThread [stack: 0x000000039f300000,0x000000039f400000] [id=2052]

Stack: [0x000000039f300000,0x000000039f400000],  sp=0x000000039f3ff6b0,  free space=1021k
Native frames: (J=compiled Java code, j=interpreted, Vv=VM code, C=native code)
V  [jvm.dll+0x65e7a5]
V  [jvm.dll+0x6c7a2f]
V  [jvm.dll+0x71321d]
V  [jvm.dll+0x738bd9]
V  [jvm.dll+0x634c82]
C  [ucrtbase.dll+0x20e82]
C  [KERNEL32.DLL+0x17bd4]
C  [ntdll.dll+0x6ce51]


siginfo: EXCEPTION_ACCESS_VIOLATION (0xc0000005), reading address 0x0000000400000003


Register to memory mapping:

RIP=0x00007ffc7497e7a5 jvm.dll
RAX=0x0000000400000003 is an unknown value
RBX=0x000001bf7dcfcd50 points into unknown readable memory: 60 a4 be 74 fc 7f 00 00
RCX=0x000001bf7dce2ef0 points into unknown readable memory: 03 00 00 00 04 00 00 00
RDX=0x0000000000000032 is an unknown value
RSP=0x000000039f3ff6b0 points into unknown readable memory: 80 c5 43 6d bf 01 00 00
RBP=0x0000000000000002 is an unknown value
RSI=0x000001bf7dce2eb0 points into unknown readable memory: 30 2c dc 7d bf 01 00 00
RDI=0x0 is NULL
R8 =0x0 is NULL
R9 =0x000001bf00000b90 is at begin+0 in a stub
StubRoutines::atomic_cmpxchg_long [0x000001bf00000b90, 0x000001bf00000b99[ (9 bytes)
R10=0x00000000546c6148 is an unknown value
R11=0x00000148a2b72cb6 is an unknown value
R12=0x0 is NULL
R13=0x000001bf7dde5800 points into unknown readable memory: 58 7c bf 74 fc 7f 00 00
R14=0x0000000000000032 is an unknown value
R15=0x000001bf7dc43290 points into unknown readable memory: 00 00 00 00 00 00 00 00


Registers:
RAX=0x0000000400000003, RBX=0x000001bf7dcfcd50, RCX=0x000001bf7dce2ef0, RDX=0x0000000000000032
RSP=0x000000039f3ff6b0, RBP=0x0000000000000002, RSI=0x000001bf7dce2eb0, RDI=0x0000000000000000
R8 =0x0000000000000000, R9 =0x000001bf00000b90, R10=0x00000000546c6148, R11=0x00000148a2b72cb6
R12=0x0000000000000000, R13=0x000001bf7dde5800, R14=0x0000000000000032, R15=0x000001bf7dc43290
RIP=0x00007ffc7497e7a5, EFLAGS=0x0000000000010206

Top of Stack: (sp=0x000000039f3ff6b0)
0x000000039f3ff6b0:   000001bf6d43c580 0000000000000ad4
0x000000039f3ff6c0:   0000000000000001 00007ffc74927d40
0x000000039f3ff6d0:   0000000000000000 00007ffc749e7a2f
0x000000039f3ff6e0:   000001bf7dde5800 000001bf7dde5800
0x000000039f3ff6f0:   0000b69f6c980c84 00007ffc749287c9
0x000000039f3ff700:   00007ffc74d93798 00007ffc74a3321d
0x000000039f3ff710:   0000000000000001 000001bf6d43c580
0x000000039f3ff720:   000001bf6d43c580 431bde82d7b634db
0x000000039f3ff730:   000001bf7dc43290 0000b69f6c980c84
0x000000039f3ff740:   000001bf6d43c580 00007ffc74a58bd9
0x000000039f3ff750:   0000000000000001 0000000000000032
0x000000039f3ff760:   0000000000000032 0000000000000002
0x000000039f3ff770:   0000000000000000 0000000000000000
0x000000039f3ff780:   0000000000000000 0000000000000000
0x000000039f3ff790:   0000000000000000 0000000000000000
0x000000039f3ff7a0:   0000000000000000 0000000000000000 

Instructions: (pc=0x00007ffc7497e7a5)
0x00007ffc7497e785:   70 48 83 c4 50 5f c3 cc cc cc cc 40 53 48 83 ec
0x00007ffc7497e795:   20 48 8b d9 48 8b 49 38 48 85 c9 74 0c 48 8b 01
0x00007ffc7497e7a5:   ff 10 48 8b 4b 28 48 89 01 48 83 c4 20 5b c3 cc
0x00007ffc7497e7b5:   cc cc cc cc cc cc cc cc cc cc cc 48 89 5c 24 08 


Stack slot to memory mapping:
stack at sp + 0 slots: 0x000001bf6d43c580 points into unknown readable memory: 01 00 00 00 00 00 00 00
stack at sp + 1 slots: 0x0000000000000ad4 is an unknown value
stack at sp + 2 slots: 0x0000000000000001 is an unknown value
stack at sp + 3 slots: 0x00007ffc74927d40 jvm.dll
stack at sp + 4 slots: 0x0 is NULL
stack at sp + 5 slots: 0x00007ffc749e7a2f jvm.dll
stack at sp + 6 slots: 0x000001bf7dde5800 points into unknown readable memory: 58 7c bf 74 fc 7f 00 00
stack at sp + 7 slots: 0x000001bf7dde5800 points into unknown readable memory: 58 7c bf 74 fc 7f 00 00


---------------  P R O C E S S  ---------------

Threads class SMR info:
_java_thread_list=0x000001bf7ddc2e10, length=13, elements={
0x000001bf6d43e000, 0x000001bf7c2e9800, 0x000001bf7c2f3000, 0x000001bf7cc62800,
0x000001bf7cc64800, 0x000001bf7cc65800, 0x000001bf7cc7c800, 0x000001bf7c27c800,
0x000001bf7ce0d000, 0x000001bf7ce85800, 0x000001bf7dcf9000, 0x000001bf7dd78800,
0x000001bf7ddd8000
}

Java Threads: ( => current thread )
  0x000001bf6d43e000 JavaThread "main" [_thread_in_Java, id=11564, stack(0x000000039df00000,0x000000039e000000)]
  0x000001bf7c2e9800 JavaThread "Reference Handler" daemon [_thread_blocked, id=2888, stack(0x000000039e600000,0x000000039e700000)]
  0x000001bf7c2f3000 JavaThread "Finalizer" daemon [_thread_blocked, id=11788, stack(0x000000039e700000,0x000000039e800000)]
  0x000001bf7cc62800 JavaThread "Signal Dispatcher" daemon [_thread_blocked, id=8556, stack(0x000000039e800000,0x000000039e900000)]
  0x000001bf7cc64800 JavaThread "Attach Listener" daemon [_thread_blocked, id=11372, stack(0x000000039e900000,0x000000039ea00000)]
  0x000001bf7cc65800 JavaThread "C1 CompilerThread0" daemon [_thread_blocked, id=8160, stack(0x000000039ea00000,0x000000039eb00000)]
  0x000001bf7cc7c800 JavaThread "Sweeper thread" daemon [_thread_blocked, id=11296, stack(0x000000039eb00000,0x000000039ec00000)]
  0x000001bf7c27c800 JavaThread "Common-Cleaner" daemon [_thread_blocked, id=8704, stack(0x000000039ec00000,0x000000039ed00000)]
  0x000001bf7ce0d000 JavaThread "C1 CompilerThread1" daemon [_thread_blocked, id=7516, stack(0x000000039ed00000,0x000000039ee00000)]
  0x000001bf7ce85800 JavaThread "Service Thread" daemon [_thread_blocked, id=536, stack(0x000000039ee00000,0x000000039ef00000)]
  0x000001bf7dcf9000 JavaThread "RMI TCP Accept-0" daemon [_thread_in_native, id=4456, stack(0x000000039f000000,0x000000039f100000)]
  0x000001bf7dd78800 JavaThread "RMI TCP Accept-63155" daemon [_thread_in_native, id=8804, stack(0x000000039f100000,0x000000039f200000)]
  0x000001bf7ddd8000 JavaThread "RMI TCP Accept-0" daemon [_thread_in_native, id=11012, stack(0x000000039f200000,0x000000039f300000)]

Other Threads:
  0x000001bf7c2c1800 VMThread "VM Thread" [stack: 0x000000039e500000,0x000000039e600000] [id=1092]
=>0x000001bf7dde5800 WatcherThread [stack: 0x000000039f300000,0x000000039f400000] [id=2052]
  0x000001bf6d451000 GCTaskThread "GC Thread#0" [stack: 0x000000039e000000,0x000000039e100000] [id=6524]
  0x000001bf7d259800 GCTaskThread "GC Thread#1" [stack: 0x000000039ef00000,0x000000039f000000] [id=11500]
  0x000001bf6d481000 ConcurrentGCThread "G1 Main Marker" [stack: 0x000000039e100000,0x000000039e200000] [id=8924]
  0x000001bf6d483000 ConcurrentGCThread "G1 Conc#0" [stack: 0x000000039e200000,0x000000039e300000] [id=6824]
  0x000001bf7c130800 ConcurrentGCThread "G1 Refine#0" [stack: 0x000000039e300000,0x000000039e400000] [id=716]
  0x000001bf7c132000 ConcurrentGCThread "G1 Young RemSet Sampling" [stack: 0x000000039e400000,0x000000039e500000] [id=4216]

Threads with active compile tasks:

VM state:not at safepoint (normal execution)

VM Mutex/Monitor currently owned by a thread:  ([mutex/lock_event])
[0x000001bf6d43c580] PeriodicTask_lock - owner thread: 0x000001bf7dde5800

Heap address: 0x0000000081200000, size: 2030 MB, Compressed Oops mode: 32-bit
Narrow klass base: 0x0000000000000000, Narrow klass shift: 3
Compressed class space size: 1073741824 Address: 0x0000000100000000

Heap:
 garbage-first heap   total 131072K, used 24195K [0x0000000081200000, 0x0000000100000000)
  region size 1024K, 6 young (6144K), 2 survivors (2048K)
 Metaspace       used 13776K, capacity 14173K, committed 14464K, reserved 1062912K
  class space    used 1446K, capacity 1583K, committed 1664K, reserved 1048576K
Heap Regions: E=young(eden), S=young(survivor), O=old, HS=humongous(starts), HC=humongous(continues), CS=collection set, F=free, A=archive, TAMS=top-at-mark-start (previous, next)
|   0|0x0000000081200000, 0x0000000081300000, 0x0000000081300000|100%|HS|  |TAMS 0x0000000081200000, 0x0000000081200000| Complete 
|   1|0x0000000081300000, 0x0000000081400000, 0x0000000081400000|100%| O|  |TAMS 0x0000000081300000, 0x0000000081300000| Untracked 
|   2|0x0000000081400000, 0x0000000081500000, 0x0000000081500000|100%| O|  |TAMS 0x0000000081400000, 0x0000000081400000| Untracked 
|   3|0x0000000081500000, 0x0000000081600000, 0x0000000081600000|100%| O|  |TAMS 0x0000000081500000, 0x0000000081500000| Untracked 
|   4|0x0000000081600000, 0x0000000081700000, 0x0000000081700000|100%| O|  |TAMS 0x0000000081600000, 0x0000000081600000| Untracked 
|   5|0x0000000081700000, 0x0000000081800000, 0x0000000081800000|100%| O|  |TAMS 0x0000000081700000, 0x0000000081700000| Untracked 
|   6|0x0000000081800000, 0x0000000081900000, 0x0000000081900000|100%| O|  |TAMS 0x0000000081800000, 0x0000000081800000| Untracked 
|   7|0x0000000081900000, 0x0000000081a00000, 0x0000000081a00000|100%| O|  |TAMS 0x0000000081900000, 0x0000000081900000| Untracked 
|   8|0x0000000081a00000, 0x0000000081b00000, 0x0000000081b00000|100%| O|  |TAMS 0x0000000081a00000, 0x0000000081a00000| Untracked 
|   9|0x0000000081b00000, 0x0000000081c00000, 0x0000000081c00000|100%| O|  |TAMS 0x0000000081b00000, 0x0000000081b00000| Untracked 
|  10|0x0000000081c00000, 0x0000000081d00000, 0x0000000081d00000|100%| O|  |TAMS 0x0000000081c00000, 0x0000000081c00000| Untracked 
|  11|0x0000000081d00000, 0x0000000081e00000, 0x0000000081e00000|100%| O|  |TAMS 0x0000000081d00000, 0x0000000081d00000| Untracked 
|  12|0x0000000081e00000, 0x0000000081f00000, 0x0000000081f00000|100%| O|  |TAMS 0x0000000081e00000, 0x0000000081e00000| Untracked 
|  13|0x0000000081f00000, 0x0000000082000000, 0x0000000082000000|100%| O|  |TAMS 0x0000000081f00000, 0x0000000081f00000| Untracked 
|  14|0x0000000082000000, 0x0000000082100000, 0x0000000082100000|100%| O|  |TAMS 0x0000000082000000, 0x0000000082000000| Untracked 
|  15|0x0000000082100000, 0x0000000082200000, 0x0000000082200000|100%| O|  |TAMS 0x0000000082100000, 0x0000000082100000| Untracked 
|  16|0x0000000082200000, 0x0000000082300000, 0x0000000082300000|100%| O|  |TAMS 0x0000000082200000, 0x0000000082200000| Untracked 
|  17|0x0000000082300000, 0x0000000082400000, 0x0000000082400000|100%| O|  |TAMS 0x0000000082300000, 0x0000000082300000| Untracked 
|  18|0x0000000082400000, 0x00000000824ad600, 0x0000000082500000| 67%| O|  |TAMS 0x0000000082400000, 0x0000000082400000| Untracked 
|  19|0x0000000082500000, 0x0000000082500000, 0x0000000082600000|  0%| F|  |TAMS 0x0000000082500000, 0x0000000082500000| Untracked 
|  20|0x0000000082600000, 0x0000000082600000, 0x0000000082700000|  0%| F|  |TAMS 0x0000000082600000, 0x0000000082600000| Untracked 
|  21|0x0000000082700000, 0x0000000082700000, 0x0000000082800000|  0%| F|  |TAMS 0x0000000082700000, 0x0000000082700000| Untracked 
|  22|0x0000000082800000, 0x0000000082800000, 0x0000000082900000|  0%| F|  |TAMS 0x0000000082800000, 0x0000000082800000| Untracked 
|  23|0x0000000082900000, 0x0000000082900000, 0x0000000082a00000|  0%| F|  |TAMS 0x0000000082900000, 0x0000000082900000| Untracked 
|  24|0x0000000082a00000, 0x0000000082a00000, 0x0000000082b00000|  0%| F|  |TAMS 0x0000000082a00000, 0x0000000082a00000| Untracked 
|  25|0x0000000082b00000, 0x0000000082b00000, 0x0000000082c00000|  0%| F|  |TAMS 0x0000000082b00000, 0x0000000082b00000| Untracked 
|  26|0x0000000082c00000, 0x0000000082c00000, 0x0000000082d00000|  0%| F|  |TAMS 0x0000000082c00000, 0x0000000082c00000| Untracked 
|  27|0x0000000082d00000, 0x0000000082d00000, 0x0000000082e00000|  0%| F|  |TAMS 0x0000000082d00000, 0x0000000082d00000| Untracked 
|  28|0x0000000082e00000, 0x0000000082e00000, 0x0000000082f00000|  0%| F|  |TAMS 0x0000000082e00000, 0x0000000082e00000| Untracked 
|  29|0x0000000082f00000, 0x0000000082f00000, 0x0000000083000000|  0%| F|  |TAMS 0x0000000082f00000, 0x0000000082f00000| Untracked 
|  30|0x0000000083000000, 0x0000000083000000, 0x0000000083100000|  0%| F|  |TAMS 0x0000000083000000, 0x0000000083000000| Untracked 
|  31|0x0000000083100000, 0x0000000083100000, 0x0000000083200000|  0%| F|  |TAMS 0x0000000083100000, 0x0000000083100000| Untracked 
|  32|0x0000000083200000, 0x0000000083200000, 0x0000000083300000|  0%| F|  |TAMS 0x0000000083200000, 0x0000000083200000| Untracked 
|  33|0x0000000083300000, 0x0000000083300000, 0x0000000083400000|  0%| F|  |TAMS 0x0000000083300000, 0x0000000083300000| Untracked 
|  34|0x0000000083400000, 0x0000000083400000, 0x0000000083500000|  0%| F|  |TAMS 0x0000000083400000, 0x0000000083400000| Untracked 
|  35|0x0000000083500000, 0x0000000083500000, 0x0000000083600000|  0%| F|  |TAMS 0x0000000083500000, 0x0000000083500000| Untracked 
|  36|0x0000000083600000, 0x0000000083600000, 0x0000000083700000|  0%| F|  |TAMS 0x0000000083600000, 0x0000000083600000| Untracked 
|  37|0x0000000083700000, 0x0000000083700000, 0x0000000083800000|  0%| F|  |TAMS 0x0000000083700000, 0x0000000083700000| Untracked 
|  38|0x0000000083800000, 0x0000000083800000, 0x0000000083900000|  0%| F|  |TAMS 0x0000000083800000, 0x0000000083800000| Untracked 
|  39|0x0000000083900000, 0x0000000083900000, 0x0000000083a00000|  0%| F|  |TAMS 0x0000000083900000, 0x0000000083900000| Untracked 
|  40|0x0000000083a00000, 0x0000000083a00000, 0x0000000083b00000|  0%| F|  |TAMS 0x0000000083a00000, 0x0000000083a00000| Untracked 
|  41|0x0000000083b00000, 0x0000000083b00000, 0x0000000083c00000|  0%| F|  |TAMS 0x0000000083b00000, 0x0000000083b00000| Untracked 
|  42|0x0000000083c00000, 0x0000000083c00000, 0x0000000083d00000|  0%| F|  |TAMS 0x0000000083c00000, 0x0000000083c00000| Untracked 
|  43|0x0000000083d00000, 0x0000000083d00000, 0x0000000083e00000|  0%| F|  |TAMS 0x0000000083d00000, 0x0000000083d00000| Untracked 
|  44|0x0000000083e00000, 0x0000000083e00000, 0x0000000083f00000|  0%| F|  |TAMS 0x0000000083e00000, 0x0000000083e00000| Untracked 
|  45|0x0000000083f00000, 0x0000000083f00000, 0x0000000084000000|  0%| F|  |TAMS 0x0000000083f00000, 0x0000000083f00000| Untracked 
|  46|0x0000000084000000, 0x0000000084000000, 0x0000000084100000|  0%| F|  |TAMS 0x0000000084000000, 0x0000000084000000| Untracked 
|  47|0x0000000084100000, 0x0000000084100000, 0x0000000084200000|  0%| F|  |TAMS 0x0000000084100000, 0x0000000084100000| Untracked 
|  48|0x0000000084200000, 0x0000000084200000, 0x0000000084300000|  0%| F|  |TAMS 0x0000000084200000, 0x0000000084200000| Untracked 
|  49|0x0000000084300000, 0x0000000084300000, 0x0000000084400000|  0%| F|  |TAMS 0x0000000084300000, 0x0000000084300000| Untracked 
|  50|0x0000000084400000, 0x0000000084400000, 0x0000000084500000|  0%| F|  |TAMS 0x0000000084400000, 0x0000000084400000| Untracked 
|  51|0x0000000084500000, 0x0000000084500000, 0x0000000084600000|  0%| F|  |TAMS 0x0000000084500000, 0x0000000084500000| Untracked 
|  52|0x0000000084600000, 0x0000000084600000, 0x0000000084700000|  0%| F|  |TAMS 0x0000000084600000, 0x0000000084600000| Untracked 
|  53|0x0000000084700000, 0x0000000084700000, 0x0000000084800000|  0%| F|  |TAMS 0x0000000084700000, 0x0000000084700000| Untracked 
|  54|0x0000000084800000, 0x0000000084800000, 0x0000000084900000|  0%| F|  |TAMS 0x0000000084800000, 0x0000000084800000| Untracked 
|  55|0x0000000084900000, 0x0000000084900000, 0x0000000084a00000|  0%| F|  |TAMS 0x0000000084900000, 0x0000000084900000| Untracked 
|  56|0x0000000084a00000, 0x0000000084a00000, 0x0000000084b00000|  0%| F|  |TAMS 0x0000000084a00000, 0x0000000084a00000| Untracked 
|  57|0x0000000084b00000, 0x0000000084b00000, 0x0000000084c00000|  0%| F|  |TAMS 0x0000000084b00000, 0x0000000084b00000| Untracked 
|  58|0x0000000084c00000, 0x0000000084c00000, 0x0000000084d00000|  0%| F|  |TAMS 0x0000000084c00000, 0x0000000084c00000| Untracked 
|  59|0x0000000084d00000, 0x0000000084d00000, 0x0000000084e00000|  0%| F|  |TAMS 0x0000000084d00000, 0x0000000084d00000| Untracked 
|  60|0x0000000084e00000, 0x0000000084e00000, 0x0000000084f00000|  0%| F|  |TAMS 0x0000000084e00000, 0x0000000084e00000| Untracked 
|  61|0x0000000084f00000, 0x0000000084f00000, 0x0000000085000000|  0%| F|  |TAMS 0x0000000084f00000, 0x0000000084f00000| Untracked 
|  62|0x0000000085000000, 0x0000000085000000, 0x0000000085100000|  0%| F|  |TAMS 0x0000000085000000, 0x0000000085000000| Untracked 
|  63|0x0000000085100000, 0x0000000085100000, 0x0000000085200000|  0%| F|  |TAMS 0x0000000085100000, 0x0000000085100000| Untracked 
|  64|0x0000000085200000, 0x0000000085200000, 0x0000000085300000|  0%| F|  |TAMS 0x0000000085200000, 0x0000000085200000| Untracked 
|  65|0x0000000085300000, 0x0000000085300000, 0x0000000085400000|  0%| F|  |TAMS 0x0000000085300000, 0x0000000085300000| Untracked 
|  66|0x0000000085400000, 0x0000000085400000, 0x0000000085500000|  0%| F|  |TAMS 0x0000000085400000, 0x0000000085400000| Untracked 
|  67|0x0000000085500000, 0x0000000085500000, 0x0000000085600000|  0%| F|  |TAMS 0x0000000085500000, 0x0000000085500000| Untracked 
|  68|0x0000000085600000, 0x0000000085600000, 0x0000000085700000|  0%| F|  |TAMS 0x0000000085600000, 0x0000000085600000| Untracked 
|  69|0x0000000085700000, 0x0000000085700000, 0x0000000085800000|  0%| F|  |TAMS 0x0000000085700000, 0x0000000085700000| Untracked 
|  70|0x0000000085800000, 0x0000000085800000, 0x0000000085900000|  0%| F|  |TAMS 0x0000000085800000, 0x0000000085800000| Untracked 
|  71|0x0000000085900000, 0x0000000085900000, 0x0000000085a00000|  0%| F|  |TAMS 0x0000000085900000, 0x0000000085900000| Untracked 
|  72|0x0000000085a00000, 0x0000000085a00000, 0x0000000085b00000|  0%| F|  |TAMS 0x0000000085a00000, 0x0000000085a00000| Untracked 
|  73|0x0000000085b00000, 0x0000000085b00000, 0x0000000085c00000|  0%| F|  |TAMS 0x0000000085b00000, 0x0000000085b00000| Untracked 
|  74|0x0000000085c00000, 0x0000000085c00000, 0x0000000085d00000|  0%| F|  |TAMS 0x0000000085c00000, 0x0000000085c00000| Untracked 
|  75|0x0000000085d00000, 0x0000000085d00000, 0x0000000085e00000|  0%| F|  |TAMS 0x0000000085d00000, 0x0000000085d00000| Untracked 
|  76|0x0000000085e00000, 0x0000000085e00000, 0x0000000085f00000|  0%| F|  |TAMS 0x0000000085e00000, 0x0000000085e00000| Untracked 
|  77|0x0000000085f00000, 0x0000000085f00000, 0x0000000086000000|  0%| F|  |TAMS 0x0000000085f00000, 0x0000000085f00000| Untracked 
|  78|0x0000000086000000, 0x0000000086000000, 0x0000000086100000|  0%| F|  |TAMS 0x0000000086000000, 0x0000000086000000| Untracked 
|  79|0x0000000086100000, 0x0000000086100000, 0x0000000086200000|  0%| F|  |TAMS 0x0000000086100000, 0x0000000086100000| Untracked 
|  80|0x0000000086200000, 0x0000000086200000, 0x0000000086300000|  0%| F|  |TAMS 0x0000000086200000, 0x0000000086200000| Untracked 
|  81|0x0000000086300000, 0x0000000086300000, 0x0000000086400000|  0%| F|  |TAMS 0x0000000086300000, 0x0000000086300000| Untracked 
|  82|0x0000000086400000, 0x0000000086400000, 0x0000000086500000|  0%| F|  |TAMS 0x0000000086400000, 0x0000000086400000| Untracked 
|  83|0x0000000086500000, 0x0000000086500000, 0x0000000086600000|  0%| F|  |TAMS 0x0000000086500000, 0x0000000086500000| Untracked 
|  84|0x0000000086600000, 0x0000000086600000, 0x0000000086700000|  0%| F|  |TAMS 0x0000000086600000, 0x0000000086600000| Untracked 
|  85|0x0000000086700000, 0x0000000086700000, 0x0000000086800000|  0%| F|  |TAMS 0x0000000086700000, 0x0000000086700000| Untracked 
|  86|0x0000000086800000, 0x0000000086800000, 0x0000000086900000|  0%| F|  |TAMS 0x0000000086800000, 0x0000000086800000| Untracked 
|  87|0x0000000086900000, 0x0000000086900000, 0x0000000086a00000|  0%| F|  |TAMS 0x0000000086900000, 0x0000000086900000| Untracked 
|  88|0x0000000086a00000, 0x0000000086a00000, 0x0000000086b00000|  0%| F|  |TAMS 0x0000000086a00000, 0x0000000086a00000| Untracked 
|  89|0x0000000086b00000, 0x0000000086b00000, 0x0000000086c00000|  0%| F|  |TAMS 0x0000000086b00000, 0x0000000086b00000| Untracked 
|  90|0x0000000086c00000, 0x0000000086c00000, 0x0000000086d00000|  0%| F|  |TAMS 0x0000000086c00000, 0x0000000086c00000| Untracked 
|  91|0x0000000086d00000, 0x0000000086d00000, 0x0000000086e00000|  0%| F|  |TAMS 0x0000000086d00000, 0x0000000086d00000| Untracked 
|  92|0x0000000086e00000, 0x0000000086e00000, 0x0000000086f00000|  0%| F|  |TAMS 0x0000000086e00000, 0x0000000086e00000| Untracked 
|  93|0x0000000086f00000, 0x0000000086f00000, 0x0000000087000000|  0%| F|  |TAMS 0x0000000086f00000, 0x0000000086f00000| Untracked 
|  94|0x0000000087000000, 0x0000000087000000, 0x0000000087100000|  0%| F|  |TAMS 0x0000000087000000, 0x0000000087000000| Untracked 
|  95|0x0000000087100000, 0x0000000087100000, 0x0000000087200000|  0%| F|  |TAMS 0x0000000087100000, 0x0000000087100000| Untracked 
|  96|0x0000000087200000, 0x0000000087200000, 0x0000000087300000|  0%| F|  |TAMS 0x0000000087200000, 0x0000000087200000| Untracked 
|  97|0x0000000087300000, 0x0000000087300000, 0x0000000087400000|  0%| F|  |TAMS 0x0000000087300000, 0x0000000087300000| Untracked 
|  98|0x0000000087400000, 0x0000000087400000, 0x0000000087500000|  0%| F|  |TAMS 0x0000000087400000, 0x0000000087400000| Untracked 
|  99|0x0000000087500000, 0x0000000087500000, 0x0000000087600000|  0%| F|  |TAMS 0x0000000087500000, 0x0000000087500000| Untracked 
| 100|0x0000000087600000, 0x0000000087600000, 0x0000000087700000|  0%| F|  |TAMS 0x0000000087600000, 0x0000000087600000| Untracked 
| 101|0x0000000087700000, 0x0000000087700000, 0x0000000087800000|  0%| F|  |TAMS 0x0000000087700000, 0x0000000087700000| Untracked 
| 102|0x0000000087800000, 0x0000000087800000, 0x0000000087900000|  0%| F|  |TAMS 0x0000000087800000, 0x0000000087800000| Untracked 
| 103|0x0000000087900000, 0x0000000087900000, 0x0000000087a00000|  0%| F|  |TAMS 0x0000000087900000, 0x0000000087900000| Untracked 
| 104|0x0000000087a00000, 0x0000000087a00000, 0x0000000087b00000|  0%| F|  |TAMS 0x0000000087a00000, 0x0000000087a00000| Untracked 
| 105|0x0000000087b00000, 0x0000000087b00000, 0x0000000087c00000|  0%| F|  |TAMS 0x0000000087b00000, 0x0000000087b00000| Untracked 
| 106|0x0000000087c00000, 0x0000000087c00000, 0x0000000087d00000|  0%| F|  |TAMS 0x0000000087c00000, 0x0000000087c00000| Untracked 
| 107|0x0000000087d00000, 0x0000000087d00000, 0x0000000087e00000|  0%| F|  |TAMS 0x0000000087d00000, 0x0000000087d00000| Untracked 
| 108|0x0000000087e00000, 0x0000000087e00000, 0x0000000087f00000|  0%| F|  |TAMS 0x0000000087e00000, 0x0000000087e00000| Untracked 
| 109|0x0000000087f00000, 0x0000000087f00000, 0x0000000088000000|  0%| F|  |TAMS 0x0000000087f00000, 0x0000000087f00000| Untracked 
| 110|0x0000000088000000, 0x0000000088000000, 0x0000000088100000|  0%| F|  |TAMS 0x0000000088000000, 0x0000000088000000| Untracked 
| 111|0x0000000088100000, 0x0000000088100000, 0x0000000088200000|  0%| F|  |TAMS 0x0000000088100000, 0x0000000088100000| Untracked 
| 112|0x0000000088200000, 0x0000000088200000, 0x0000000088300000|  0%| F|  |TAMS 0x0000000088200000, 0x0000000088200000| Untracked 
| 113|0x0000000088300000, 0x0000000088300000, 0x0000000088400000|  0%| F|  |TAMS 0x0000000088300000, 0x0000000088300000| Untracked 
| 114|0x0000000088400000, 0x00000000884f3920, 0x0000000088500000| 95%| S|CS|TAMS 0x0000000088400000, 0x0000000088400000| Complete 
| 115|0x0000000088500000, 0x0000000088600000, 0x0000000088600000|100%| S|CS|TAMS 0x0000000088500000, 0x0000000088500000| Complete 
| 116|0x0000000088600000, 0x0000000088600000, 0x0000000088700000|  0%| F|  |TAMS 0x0000000088600000, 0x0000000088600000| Untracked 
| 117|0x0000000088700000, 0x0000000088700000, 0x0000000088800000|  0%| F|  |TAMS 0x0000000088700000, 0x0000000088700000| Untracked 
| 118|0x0000000088800000, 0x0000000088800000, 0x0000000088900000|  0%| F|  |TAMS 0x0000000088800000, 0x0000000088800000| Untracked 
| 119|0x0000000088900000, 0x0000000088900000, 0x0000000088a00000|  0%| F|  |TAMS 0x0000000088900000, 0x0000000088900000| Untracked 
| 120|0x0000000088a00000, 0x0000000088a00000, 0x0000000088b00000|  0%| F|  |TAMS 0x0000000088a00000, 0x0000000088a00000| Untracked 
| 121|0x0000000088b00000, 0x0000000088b00000, 0x0000000088c00000|  0%| F|  |TAMS 0x0000000088b00000, 0x0000000088b00000| Untracked 
| 122|0x0000000088c00000, 0x0000000088c00000, 0x0000000088d00000|  0%| F|  |TAMS 0x0000000088c00000, 0x0000000088c00000| Untracked 
| 123|0x0000000088d00000, 0x0000000088d00000, 0x0000000088e00000|  0%| F|  |TAMS 0x0000000088d00000, 0x0000000088d00000| Untracked 
| 124|0x0000000088e00000, 0x0000000088e48130, 0x0000000088f00000| 28%| E|  |TAMS 0x0000000088e00000, 0x0000000088e00000| Complete 
| 125|0x0000000088f00000, 0x0000000089000000, 0x0000000089000000|100%| E|CS|TAMS 0x0000000088f00000, 0x0000000088f00000| Complete 
| 126|0x0000000089000000, 0x0000000089100000, 0x0000000089100000|100%| E|CS|TAMS 0x0000000089000000, 0x0000000089000000| Complete 
| 127|0x0000000089100000, 0x0000000089200000, 0x0000000089200000|100%| E|CS|TAMS 0x0000000089100000, 0x0000000089100000| Complete 

Card table byte_map: [0x000001bf75760000,0x000001bf75b60000] _byte_map_base: 0x000001bf75357000

Marking Bits (Prev, Next): (CMBitMap*) 0x000001bf6d4781c8, (CMBitMap*) 0x000001bf6d478200
 Prev Bits: [0x000001bf75f60000, 0x000001bf77f18000)
 Next Bits: [0x000001bf77f20000, 0x000001bf79ed8000)

Polling page: 0x000001bf6b170000

Metaspace:

Usage:
  Non-class:     12.36 MB capacity,    12.06 MB ( 98%) used,   273.56 KB (  2%) free+waste,    32.81 KB ( <1%) overhead. 
      Class:      1.55 MB capacity,     1.42 MB ( 92%) used,   116.60 KB (  7%) free+waste,    16.25 KB (  1%) overhead. 
       Both:     13.90 MB capacity,    13.47 MB ( 97%) used,   390.16 KB (  3%) free+waste,    49.06 KB ( <1%) overhead. 

Virtual space:
  Non-class space:       14.00 MB reserved,      12.50 MB ( 89%) committed 
      Class space:        1.00 GB reserved,       1.63 MB ( <1%) committed 
             Both:        1.01 GB reserved,      14.13 MB (  1%) committed 

Chunk freelists:
   Non-Class:  2.25 KB
       Class:  2.13 KB
        Both:  4.38 KB

CodeHeap 'non-profiled nmethods': size=239488Kb used=2207Kb max_used=2207Kb free=237280Kb
 bounds [0x000001bf00620000, 0x000001bf00890000, 0x000001bf0f000000]
CodeHeap 'non-nmethods': size=6272Kb used=1666Kb max_used=1666Kb free=4605Kb
 bounds [0x000001bf00000000, 0x000001bf00270000, 0x000001bf00620000]
 total_blobs=1878 nmethods=1450 adapters=339
 compilation: enabled
              stopped_count=0, restarted_count=0
 full_count=0

Compilation events (10 events):
Event: 1.143 Thread 0x000001bf7ce0d000 nmethod 1309 0x000001bf007ff510 code [0x000001bf007ff6e0, 0x000001bf007ffa40]
Event: 1.144 Thread 0x000001bf7cc65800 1310       1       java.util.WeakHashMap::remove (133 bytes)
Event: 1.144 Thread 0x000001bf7ce0d000 1311       1       java.lang.String::isEmpty (14 bytes)
Event: 1.144 Thread 0x000001bf7ce0d000 nmethod 1311 0x000001bf007ffb90 code [0x000001bf007ffd40, 0x000001bf007ffe78]
Event: 1.144 Thread 0x000001bf7cc65800 nmethod 1310 0x000001bf007fff10 code [0x000001bf00800100, 0x000001bf00800570]
Event: 1.147 Thread 0x000001bf7ce0d000 1313   !   1       java.net.URL::<init> (543 bytes)
Event: 1.147 Thread 0x000001bf7cc65800 1314       1       java.net.URLStreamHandler::setURL (73 bytes)
Event: 1.147 Thread 0x000001bf7cc65800 nmethod 1314 0x000001bf00800c10 code [0x000001bf00800e20, 0x000001bf008012e0]
Event: 1.147 Thread 0x000001bf7cc65800 1315   !   1       java.net.URL::set (114 bytes)
Event: 1.148 Thread 0x000001bf7cc65800 nmethod 1315 0x000001bf00801510 code [0x000001bf00801740, 0x000001bf00801fe0]

GC Heap History (6 events):
Event: 0.542 GC heap before
{Heap before GC invocations=0 (full 0):
 garbage-first heap   total 131072K, used 7168K [0x0000000081200000, 0x0000000100000000)
  region size 1024K, 7 young (7168K), 0 survivors (0K)
 Metaspace       used 6097K, capacity 6174K, committed 6272K, reserved 1056768K
  class space    used 540K, capacity 567K, committed 640K, reserved 1048576K
}
Event: 0.546 GC heap after
{Heap after GC invocations=1 (full 0):
 garbage-first heap   total 131072K, used 5478K [0x0000000081200000, 0x0000000100000000)
  region size 1024K, 1 young (1024K), 1 survivors (1024K)
 Metaspace       used 6097K, capacity 6174K, committed 6272K, reserved 1056768K
  class space    used 540K, capacity 567K, committed 640K, reserved 1048576K
}
Event: 0.609 GC heap before
{Heap before GC invocations=1 (full 0):
 garbage-first heap   total 131072K, used 9574K [0x0000000081200000, 0x0000000100000000)
  region size 1024K, 6 young (6144K), 1 survivors (1024K)
 Metaspace       used 6098K, capacity 6174K, committed 6272K, reserved 1056768K
  class space    used 540K, capacity 567K, committed 640K, reserved 1048576K
}
Event: 0.612 GC heap after
{Heap after GC invocations=2 (full 0):
 garbage-first heap   total 131072K, used 9847K [0x0000000081200000, 0x0000000100000000)
  region size 1024K, 1 young (1024K), 1 survivors (1024K)
 Metaspace       used 6098K, capacity 6174K, committed 6272K, reserved 1056768K
  class space    used 540K, capacity 567K, committed 640K, reserved 1048576K
}
Event: 0.739 GC heap before
{Heap before GC invocations=2 (full 0):
 garbage-first heap   total 131072K, used 18039K [0x0000000081200000, 0x0000000100000000)
  region size 1024K, 10 young (10240K), 1 survivors (1024K)
 Metaspace       used 7843K, capacity 7977K, committed 8320K, reserved 1056768K
  class space    used 743K, capacity 787K, committed 896K, reserved 1048576K
}
Event: 0.743 GC heap after
{Heap after GC invocations=3 (full 0):
 garbage-first heap   total 131072K, used 18725K [0x0000000081200000, 0x0000000100000000)
  region size 1024K, 2 young (2048K), 2 survivors (2048K)
 Metaspace       used 7843K, capacity 7977K, committed 8320K, reserved 1056768K
  class space    used 743K, capacity 787K, committed 896K, reserved 1048576K
}

Deoptimization events (0 events):
No events

Classes redefined (0 events):
No events

Internal exceptions (10 events):
Event: 0.917 Thread 0x000001bf6d43e000 Exception <a 'java/lang/NoSuchMethodError'{0x0000000088e7c628}: java.lang.invoke.DirectMethodHandle$Holder.invokeStaticInit(Ljava/lang/Object;IIII)Ljava/lang/Object;> (0x0000000088e7c628) thrown at [t:/workspace/open/src/hotspot/share/interpreter/linkReso
Event: 1.009 Thread 0x000001bf6d43e000 Exception <a 'java/lang/NoSuchMethodError'{0x0000000088edbd10}: java.lang.invoke.DirectMethodHandle$Holder.invokeStatic(Ljava/lang/Object;Ljava/lang/Object;IIII)Ljava/lang/Object;> (0x0000000088edbd10) thrown at [t:/workspace/open/src/hotspot/share/interp
Event: 1.009 Thread 0x000001bf6d43e000 Exception <a 'java/lang/NoSuchMethodError'{0x0000000088edf058}: java.lang.invoke.DirectMethodHandle$Holder.invokeStaticInit(Ljava/lang/Object;Ljava/lang/Object;IIII)Ljava/lang/Object;> (0x0000000088edf058) thrown at [t:/workspace/open/src/hotspot/share/in
Event: 1.023 Thread 0x000001bf6d43e000 Exception <a 'java/lang/ClassNotFoundException'{0x0000000088efc870}: javax/management/remote/rmi/RMIServerImpl_Skel> (0x0000000088efc870) thrown at [t:/workspace/open/src/hotspot/share/classfile/systemDictionary.cpp, line 231]
Event: 1.060 Thread 0x000001bf6d43e000 Exception <a 'java/lang/ClassNotFoundException'{0x0000000088daacc8}: jdk/internal/agent/resources/spi/agentProvider> (0x0000000088daacc8) thrown at [t:/workspace/open/src/hotspot/share/classfile/systemDictionary.cpp, line 231]
Event: 1.067 Thread 0x000001bf6d43e000 Exception <a 'java/lang/NoSuchMethodError'{0x0000000088c01288}: java.lang.invoke.DirectMethodHandle$Holder.invokeStatic(Ljava/lang/Object;Ljava/lang/Object;Ljava/lang/Object;Ljava/lang/Object;Ljava/lang/Object;Ljava/lang/Object;Ljava/lang/Object;Ljava/lan
Event: 1.068 Thread 0x000001bf6d43e000 Exception <a 'java/lang/NoSuchMethodError'{0x0000000088c0daa8}: java.lang.invoke.DirectMethodHandle$Holder.invokeStatic(Ljava/lang/Object;Ljava/lang/Object;Ljava/lang/Object;Ljava/lang/Object;Ljava/lang/Object;Ljava/lang/Object;Ljava/lang/Object;Ljava/lan
Event: 1.070 Thread 0x000001bf6d43e000 Exception <a 'java/lang/NoSuchMethodError'{0x0000000088c27580}: java.lang.invoke.DelegatingMethodHandle$Holder.reinvoke_L(Ljava/lang/Object;ILjava/lang/Object;)Ljava/lang/Object;> (0x0000000088c27580) thrown at [t:/workspace/open/src/hotspot/share/interpr
Event: 1.127 Thread 0x000001bf6d43e000 Exception <a 'java/lang/ClassNotFoundException'{0x00000000889573d8}: javax/smartcardio/CardPermission> (0x00000000889573d8) thrown at [t:/workspace/open/src/hotspot/share/classfile/systemDictionary.cpp, line 231]
Event: 1.130 Thread 0x000001bf6d43e000 Exception <a 'java/io/FileNotFoundException'{0x0000000088965a78}> (0x0000000088965a78) thrown at [t:/workspace/open/src/hotspot/share/prims/jni.cpp, line 615]

Events (10 events):
Event: 1.143 loading class ch/qos/logback/core/encoder/EncoderBase
Event: 1.143 loading class ch/qos/logback/core/encoder/EncoderBase done
Event: 1.144 loading class ch/qos/logback/core/encoder/Encoder
Event: 1.144 loading class ch/qos/logback/core/encoder/Encoder done
Event: 1.146 loading class ch/qos/logback/classic/layout/TTLLLayout
Event: 1.146 loading class ch/qos/logback/classic/layout/TTLLLayout done
Event: 1.147 loading class ch/qos/logback/core/LayoutBase
Event: 1.147 loading class ch/qos/logback/core/LayoutBase done
Event: 1.147 loading class ch/qos/logback/core/Layout
Event: 1.147 loading class ch/qos/logback/core/Layout done


Dynamic libraries:
0x00007ff6fb410000 - 0x00007ff6fb457000 	C:\Program Files\Java\jdk-11.0.4\bin\javaw.exe
0x00007ffcb4940000 - 0x00007ffcb4b30000 	C:\WINDOWS\SYSTEM32\ntdll.dll
0x00007ffcb3e80000 - 0x00007ffcb3f32000 	C:\WINDOWS\System32\KERNEL32.DLL
0x00007ffcb1b80000 - 0x00007ffcb1e24000 	C:\WINDOWS\System32\KERNELBASE.dll
0x00007ffcaf630000 - 0x00007ffcaf6bf000 	C:\WINDOWS\SYSTEM32\apphelp.dll
0x00007ffcb32e0000 - 0x00007ffcb3383000 	C:\WINDOWS\System32\ADVAPI32.dll
0x00007ffcb2f10000 - 0x00007ffcb2fae000 	C:\WINDOWS\System32\msvcrt.dll
0x00007ffcb2df0000 - 0x00007ffcb2e87000 	C:\WINDOWS\System32\sechost.dll
0x00007ffcb3d60000 - 0x00007ffcb3e80000 	C:\WINDOWS\System32\RPCRT4.dll
0x00007ffcb3f40000 - 0x00007ffcb40d4000 	C:\WINDOWS\System32\USER32.dll
0x00007ffcb2970000 - 0x00007ffcb2991000 	C:\WINDOWS\System32\win32u.dll
0x00007ffcb4850000 - 0x00007ffcb4876000 	C:\WINDOWS\System32\GDI32.dll
0x00007ffcb19c0000 - 0x00007ffcb1b56000 	C:\WINDOWS\System32\gdi32full.dll
0x00007ffcb1920000 - 0x00007ffcb19be000 	C:\WINDOWS\System32\msvcp_win.dll
0x00007ffcb2870000 - 0x00007ffcb296a000 	C:\WINDOWS\System32\ucrtbase.dll
0x00007ffca4860000 - 0x00007ffca4ae4000 	C:\WINDOWS\WinSxS\amd64_microsoft.windows.common-controls_6595b64144ccf1df_6.0.18362.959_none_e6c7bbbf130c62bb\COMCTL32.dll
0x00007ffcb2a00000 - 0x00007ffcb2d35000 	C:\WINDOWS\System32\combase.dll
0x00007ffcb1ee0000 - 0x00007ffcb1f60000 	C:\WINDOWS\System32\bcryptPrimitives.dll
0x00007ffca4840000 - 0x00007ffca484a000 	C:\WINDOWS\SYSTEM32\VERSION.dll
0x00007ffcb35a0000 - 0x00007ffcb35ce000 	C:\WINDOWS\System32\IMM32.DLL
0x00007ffc94a90000 - 0x00007ffc94aa6000 	C:\Program Files\Java\jdk-11.0.4\bin\vcruntime140.dll
0x00007ffc83980000 - 0x00007ffc83a2a000 	C:\Program Files\Java\jdk-11.0.4\bin\msvcp140.dll
0x00007ffc74320000 - 0x00007ffc74e47000 	C:\Program Files\Java\jdk-11.0.4\bin\server\jvm.dll
0x00007ffcb2e90000 - 0x00007ffcb2e98000 	C:\WINDOWS\System32\PSAPI.DLL
0x00007ffc9d270000 - 0x00007ffc9d279000 	C:\WINDOWS\SYSTEM32\WSOCK32.dll
0x00007ffcb3a40000 - 0x00007ffcb3aaf000 	C:\WINDOWS\System32\WS2_32.dll
0x00007ffcaf400000 - 0x00007ffcaf424000 	C:\WINDOWS\SYSTEM32\WINMM.dll
0x00007ffcaf3d0000 - 0x00007ffcaf3fd000 	C:\WINDOWS\SYSTEM32\WINMMBASE.dll
0x00007ffcb29a0000 - 0x00007ffcb29ea000 	C:\WINDOWS\System32\cfgmgr32.dll
0x00007ffcb1850000 - 0x00007ffcb1861000 	C:\WINDOWS\System32\kernel.appcore.dll
0x00007ffca4cb0000 - 0x00007ffca4cc1000 	C:\Program Files\Java\jdk-11.0.4\bin\verify.dll
0x00007ffcaff40000 - 0x00007ffcb0134000 	C:\WINDOWS\SYSTEM32\DBGHELP.DLL
0x00007ffca4460000 - 0x00007ffca448a000 	C:\WINDOWS\SYSTEM32\dbgcore.DLL
0x00007ffc87cf0000 - 0x00007ffc87d19000 	C:\Program Files\Java\jdk-11.0.4\bin\java.dll
0x00007ffc9ac70000 - 0x00007ffc9ac86000 	C:\Program Files\Java\jdk-11.0.4\bin\zip.dll
0x00007ffcb01f0000 - 0x00007ffcb01fa000 	C:\Program Files\Java\jdk-11.0.4\bin\jimage.dll
0x00007ffcb40e0000 - 0x00007ffcb47c6000 	C:\WINDOWS\System32\SHELL32.dll
0x00007ffcb2d40000 - 0x00007ffcb2de9000 	C:\WINDOWS\System32\shcore.dll
0x00007ffcb1f60000 - 0x00007ffcb26e2000 	C:\WINDOWS\System32\windows.storage.dll
0x00007ffcb1890000 - 0x00007ffcb18b3000 	C:\WINDOWS\System32\profapi.dll
0x00007ffcb1800000 - 0x00007ffcb184a000 	C:\WINDOWS\System32\powrprof.dll
0x00007ffcb17f0000 - 0x00007ffcb1800000 	C:\WINDOWS\System32\UMPDC.dll
0x00007ffcb34e0000 - 0x00007ffcb3532000 	C:\WINDOWS\System32\shlwapi.dll
0x00007ffcb1b60000 - 0x00007ffcb1b77000 	C:\WINDOWS\System32\cryptsp.dll
0x00007ffc9a8d0000 - 0x00007ffc9a8e9000 	C:\Program Files\Java\jdk-11.0.4\bin\net.dll
0x00007ffca8350000 - 0x00007ffca8440000 	C:\WINDOWS\SYSTEM32\WINHTTP.dll
0x00007ffca5c00000 - 0x00007ffca5dd6000 	C:\WINDOWS\SYSTEM32\urlmon.dll
0x00007ffca5fa0000 - 0x00007ffca6246000 	C:\WINDOWS\SYSTEM32\iertutil.dll
0x00007ffcb1230000 - 0x00007ffcb123c000 	C:\WINDOWS\SYSTEM32\CRYPTBASE.DLL
0x00007ffcb1060000 - 0x00007ffcb10c7000 	C:\WINDOWS\system32\mswsock.dll
0x00007ffc97120000 - 0x00007ffc97133000 	C:\Program Files\Java\jdk-11.0.4\bin\nio.dll
0x00007ffca6a10000 - 0x00007ffca6a19000 	C:\Program Files\Java\jdk-11.0.4\bin\management.dll
0x00007ffca69e0000 - 0x00007ffca69ec000 	C:\Program Files\Java\jdk-11.0.4\bin\management_ext.dll
0x00007ffca0670000 - 0x00007ffca0686000 	C:\WINDOWS\system32\napinsp.dll
0x00007ffca0650000 - 0x00007ffca066a000 	C:\WINDOWS\system32\pnrpnsp.dll
0x00007ffcb0db0000 - 0x00007ffcb0e7b000 	C:\WINDOWS\SYSTEM32\DNSAPI.dll
0x00007ffcb29f0000 - 0x00007ffcb29f8000 	C:\WINDOWS\System32\NSI.dll
0x00007ffcb0d70000 - 0x00007ffcb0daa000 	C:\WINDOWS\SYSTEM32\IPHLPAPI.DLL
0x00007ffca0640000 - 0x00007ffca064e000 	C:\WINDOWS\System32\winrnr.dll
0x00007ffcadbf0000 - 0x00007ffcadc0c000 	C:\WINDOWS\system32\NLAapi.dll
0x00007ffca0620000 - 0x00007ffca0635000 	C:\WINDOWS\system32\wshbth.dll
0x00007ffca4cd0000 - 0x00007ffca4cda000 	C:\Windows\System32\rasadhlp.dll
0x00007ffca9470000 - 0x00007ffca94e7000 	C:\WINDOWS\System32\fwpuclnt.dll
0x00007ffcb2840000 - 0x00007ffcb2866000 	C:\WINDOWS\System32\bcrypt.dll
0x00007ffcb0bd0000 - 0x00007ffcb0c03000 	C:\WINDOWS\system32\rsaenh.dll
0x00007ffcb16e0000 - 0x00007ffcb1705000 	C:\WINDOWS\SYSTEM32\USERENV.dll
0x00007ffca97a0000 - 0x00007ffca97b6000 	C:\WINDOWS\SYSTEM32\dhcpcsvc6.DLL
0x00007ffca9780000 - 0x00007ffca979c000 	C:\WINDOWS\SYSTEM32\dhcpcsvc.DLL

dbghelp: loaded successfully - version: 4.0.5 - missing functions: none
symbol engine: initialized successfully - sym options: 0x614 - pdb path: .;C:\Program Files\Java\jdk-11.0.4\bin;C:\WINDOWS\SYSTEM32;C:\WINDOWS\WinSxS\amd64_microsoft.windows.common-controls_6595b64144ccf1df_6.0.18362.959_none_e6c7bbbf130c62bb;C:\Program Files\Java\jdk-11.0.4\bin\server

VM Arguments:
jvm_args: -Dcom.sun.management.jmxremote -Dcom.sun.management.jmxremote.port=63155 -Dcom.sun.management.jmxremote.authenticate=false -Dcom.sun.management.jmxremote.ssl=false -Djava.rmi.server.hostname=localhost -Dspring.jmx.enabled=true -Dspring.application.admin.enabled=true -Xverify:none -XX:TieredStopAtLevel=1 -Dspring.boot.project.name=spring-boot-ionic-backend -Dfile.encoding=UTF-8 
java_command: com.marcio.cursomc.CursomcApplication --spring.output.ansi.enabled=always
java_class_path (initial): C:\Users\Marcio\spring-boot-projects\spring-boot-ionic-backend\target\classes;C:\Users\Marcio\.m2\repository\org\springframework\boot\spring-boot-starter-web\2.3.1.RELEASE\spring-boot-starter-web-2.3.1.RELEASE.jar;C:\Users\Marcio\.m2\repository\org\springframework\boot\spring-boot-starter\2.3.1.RELEASE\spring-boot-starter-2.3.1.RELEASE.jar;C:\Users\Marcio\.m2\repository\org\springframework\boot\spring-boot-starter-logging\2.3.1.RELEASE\spring-boot-starter-logging-2.3.1.RELEASE.jar;C:\Users\Marcio\.m2\repository\ch\qos\logback\logback-classic\1.2.3\logback-classic-1.2.3.jar;C:\Users\Marcio\.m2\repository\ch\qos\logback\logback-core\1.2.3\logback-core-1.2.3.jar;C:\Users\Marcio\.m2\repository\org\apache\logging\log4j\log4j-to-slf4j\2.13.3\log4j-to-slf4j-2.13.3.jar;C:\Users\Marcio\.m2\repository\org\apache\logging\log4j\log4j-api\2.13.3\log4j-api-2.13.3.jar;C:\Users\Marcio\.m2\repository\org\slf4j\jul-to-slf4j\1.7.30\jul-to-slf4j-1.7.30.jar;C:\Users\Marcio\.m2\repository\jakarta\annotation\jakarta.annotation-api\1.3.5\jakarta.annotation-api-1.3.5.jar;C:\Users\Marcio\.m2\repository\org\yaml\snakeyaml\1.26\snakeyaml-1.26.jar;C:\Users\Marcio\.m2\repository\org\springframework\boot\spring-boot-starter-json\2.3.1.RELEASE\spring-boot-starter-json-2.3.1.RELEASE.jar;C:\Users\Marcio\.m2\repository\com\fasterxml\jackson\datatype\jackson-datatype-jdk8\2.11.0\jackson-datatype-jdk8-2.11.0.jar;C:\Users\Marcio\.m2\repository\com\fasterxml\jackson\datatype\jackson-datatype-jsr310\2.11.0\jackson-datatype-jsr310-2.11.0.jar;C:\Users\Marcio\.m2\repository\com\fasterxml\jackson\module\jackson-module-parameter-names\2.11.0\jackson-module-parameter-names-2.11.0.jar;C:\Users\Marcio\.m2\repository\org\springframework\boot\spring-boot-starter-tomcat\2.3.1.RELEASE\spring-boot-starter-tomcat-2.3.1.RELEASE.jar;C:\Users\Marcio\.m2\repository\org\apache\tomcat\embed\tomcat-embed-core\9.0.36\tomcat-embed-core-9.0.36.jar;C:\Users\Marcio\.m2\repository\org\glassfish\jakarta.
Launcher Type: SUN_STANDARD

[Global flags]
     bool BytecodeVerificationLocal                = false                                     {product} {command line}
     bool BytecodeVerificationRemote               = false                                     {product} {command line}
     intx CICompilerCount                          = 2                                         {product} {ergonomic}
     uint ConcGCThreads                            = 1                                         {product} {ergonomic}
     uint G1ConcRefinementThreads                  = 2                                         {product} {ergonomic}
   size_t G1HeapRegionSize                         = 1048576                                   {product} {ergonomic}
    uintx GCDrainStackTargetSize                   = 64                                        {product} {ergonomic}
   size_t InitialHeapSize                          = 134217728                                 {product} {ergonomic}
     bool ManagementServer                         = true                                      {product} {command line}
   size_t MarkStackSize                            = 4194304                                   {product} {ergonomic}
   size_t MaxHeapSize                              = 2128609280                                {product} {ergonomic}
   size_t MaxNewSize                               = 1277165568                                {product} {ergonomic}
   size_t MinHeapDeltaBytes                        = 1048576                                   {product} {ergonomic}
    uintx NonNMethodCodeHeapSize                   = 6396312                                {pd product} {ergonomic}
    uintx NonProfiledCodeHeapSize                  = 245261928                              {pd product} {ergonomic}
    uintx ProfiledCodeHeapSize                     = 0                                      {pd product} {ergonomic}
    uintx ReservedCodeCacheSize                    = 251658240                              {pd product} {ergonomic}
     bool SegmentedCodeCache                       = true                                      {product} {ergonomic}
     intx TieredStopAtLevel                        = 1                                         {product} {command line}
     bool UseCompressedClassPointers               = true                                 {lp64_product} {ergonomic}
     bool UseCompressedOops                        = true                                 {lp64_product} {ergonomic}
     bool UseG1GC                                  = true                                      {product} {ergonomic}
     bool UseLargePagesIndividualAllocation        = false                                  {pd product} {ergonomic}

Logging:
Log output configuration:
 #0: stdout all=warning uptime,level,tags
 #1: stderr all=off uptime,level,tags

Environment Variables:
JAVA_HOME=C:\Program Files\Java\jdk-11.0.4
PATH=C:/Program Files/Java/jdk-11.0.4/bin/server;C:/Program Files/Java/jdk-11.0.4/bin;C:\oraclexe\client_oracle11;C:\Program Files (x86)\ActiveState Komodo Edit 10\;C:\WINDOWS\system32;C:\WINDOWS;C:\WINDOWS\System32\Wbem;C:\WINDOWS\System32\WindowsPowerShell\v1.0\;C:\WINDOWS\System32\OpenSSH\;C:\Program Files\Java\jdk-11.0.4\bin;C:\Program Files\Git\cmd;C:\Program Files\Java\jdk-11.0.4\bin;C:\Program Files\MongoDB\Server\4.2\bin;C:\xampp\php;C:\xampp\mysql\bin;C:\Users\Marcio\AppData\Local\Microsoft\WindowsApps;C:\Program Files\heroku\bin;C:\SpringBoot\sts-4.7.1.RELEASE;
USERNAME=Marcio
OS=Windows_NT
PROCESSOR_IDENTIFIER=Intel64 Family 6 Model 60 Stepping 3, GenuineIntel



---------------  S Y S T E M  ---------------

OS: Windows 10 , 64 bit Build 18362 (10.0.18362.959)

CPU:total 2 (initial active 2) (2 cores per cpu, 1 threads per core) family 6 model 60 stepping 3, cmov, cx8, fxsr, mmx, sse, sse2, sse3, ssse3, sse4.1, sse4.2, popcnt, clmul, erms, lzcnt, tsc, tscinvbit

Memory: 4k page, system-wide physical 8113M (1668M free)
TotalPageFile size 10361M (AvailPageFile size 1964M)
current process WorkingSet (physical memory assigned to process): 85M, peak: 85M
current process commit charge ("private bytes"): 217M, peak: 217M

vm_info: Java HotSpot(TM) 64-Bit Server VM (11.0.4+10-LTS) for windows-amd64 JRE (11.0.4+10-LTS), built on Jul  4 2019 16:28:13 by "mach5one" with MS VC++ 15.5 (VS2017)

END.
