#
# A fatal error has been detected by the Java Runtime Environment:
#
#  EXCEPTION_ACCESS_VIOLATION (0xc0000005) at pc=0x00007ffc7497e7a5, pid=8892, tid=3740
#
# JRE version: Java(TM) SE Runtime Environment (11.0.4+10) (build 11.0.4+10-LTS)
# Java VM: Java HotSpot(TM) 64-Bit Server VM (11.0.4+10-LTS, mixed mode, tiered, compressed oops, g1 gc, windows-amd64)
# Problematic frame:
# V  [jvm.dll+0x65e7a5]
#
# No core dump will be written. Minidumps are not enabled by default on client versions of Windows
#
# If you would like to submit a bug report, please visit:
#   http://bugreport.java.com/bugreport/crash.jsp
#

---------------  S U M M A R Y ------------

Command Line: -Dcom.sun.management.jmxremote -Dcom.sun.management.jmxremote.port=63172 -Dcom.sun.management.jmxremote.authenticate=false -Dcom.sun.management.jmxremote.ssl=false -Djava.rmi.server.hostname=localhost -Dspring.jmx.enabled=true -Dspring.application.admin.enabled=true -Xverify:none -XX:TieredStopAtLevel=1 -Dspring.boot.project.name=spring-boot-ionic-backend -Dfile.encoding=UTF-8 com.marcio.cursomc.CursomcApplication --spring.output.ansi.enabled=always

Host: Intel(R) Celeron(R) CPU G1820 @ 2.70GHz, 2 cores, 7G,  Windows 10 , 64 bit Build 18362 (10.0.18362.959)
Time: Sun Aug  2 14:41:46 2020 Hora oficial do Brasil elapsed time: 1 seconds (0d 0h 0m 1s)

---------------  T H R E A D  ---------------

Current thread (0x0000025fbe118800):  WatcherThread [stack: 0x0000006041a00000,0x0000006041b00000] [id=3740]

Stack: [0x0000006041a00000,0x0000006041b00000],  sp=0x0000006041aff3d0,  free space=1020k
Native frames: (J=compiled Java code, j=interpreted, Vv=VM code, C=native code)
V  [jvm.dll+0x65e7a5]
V  [jvm.dll+0x6c7a2f]
V  [jvm.dll+0x71321d]
V  [jvm.dll+0x738bd9]
V  [jvm.dll+0x634c82]
C  [ucrtbase.dll+0x20e82]
C  [KERNEL32.DLL+0x17bd4]
C  [ntdll.dll+0x6ce51]


siginfo: EXCEPTION_ACCESS_VIOLATION (0xc0000005), reading address 0x00007ffc0000000f


Register to memory mapping:

RIP=0x00007ffc7497e7a5 jvm.dll
RAX=0x00007ffc0000000f is an unknown value
RBX=0x0000025fbe0032d0 points into unknown readable memory: 60 a4 be 74 fc 7f 00 00
RCX=0x0000025f9c5f79a0 points into unknown readable memory: 0f 00 00 00 fc 7f 00 00
RDX=0x0000000000000032 is an unknown value
RSP=0x0000006041aff3d0 points into unknown readable memory: 10 c8 77 9e 5f 02 00 00
RBP=0x0000000000000002 is an unknown value
RSI=0x0000025f9c5f79c0 points into unknown readable memory: 90 92 0f be 5f 02 00 00
RDI=0x0 is NULL
R8 =0x0 is NULL
R9 =0x0000025fa6aa0b90 is at begin+0 in a stub
StubRoutines::atomic_cmpxchg_long [0x0000025fa6aa0b90, 0x0000025fa6aa0b99[ (9 bytes)
R10=0x00000000546c6148 is an unknown value
R11=0x00000148a2b72cb6 is an unknown value
R12=0x0 is NULL
R13=0x0000025fbe118800 points into unknown readable memory: 58 7c bf 74 fc 7f 00 00
R14=0x0000000000000032 is an unknown value
R15=0x0000025fbdedd690 points into unknown readable memory: 00 00 00 00 00 00 00 00


Registers:
RAX=0x00007ffc0000000f, RBX=0x0000025fbe0032d0, RCX=0x0000025f9c5f79a0, RDX=0x0000000000000032
RSP=0x0000006041aff3d0, RBP=0x0000000000000002, RSI=0x0000025f9c5f79c0, RDI=0x0000000000000000
R8 =0x0000000000000000, R9 =0x0000025fa6aa0b90, R10=0x00000000546c6148, R11=0x00000148a2b72cb6
R12=0x0000000000000000, R13=0x0000025fbe118800, R14=0x0000000000000032, R15=0x0000025fbdedd690
RIP=0x00007ffc7497e7a5, EFLAGS=0x0000000000010206

Top of Stack: (sp=0x0000006041aff3d0)
0x0000006041aff3d0:   0000025f9e77c810 0000000000000ad4
0x0000006041aff3e0:   0000000000000001 00007ffc74927d40
0x0000006041aff3f0:   0000000000000000 00007ffc749e7a2f
0x0000006041aff400:   0000025fbe118800 0000025fbe118800
0x0000006041aff410:   0000b6ab44f40e60 00007ffc749287c9
0x0000006041aff420:   00007ffc74d93798 00007ffc74a3321d
0x0000006041aff430:   0000000000000001 0000025f9e77c810
0x0000006041aff440:   0000025f9e77c810 431bde82d7b634db
0x0000006041aff450:   0000025fbdedd690 0000b6ab44f40e60
0x0000006041aff460:   0000025f9e77c810 00007ffc74a58bd9
0x0000006041aff470:   0000000000000001 0000000000000032
0x0000006041aff480:   0000000000000032 0000000000000002
0x0000006041aff490:   0000000000000000 0000000000000000
0x0000006041aff4a0:   0000000000000000 0000000000000000
0x0000006041aff4b0:   0000000000000000 0000000000000000
0x0000006041aff4c0:   0000000000000000 0000000000000000 

Instructions: (pc=0x00007ffc7497e7a5)
0x00007ffc7497e785:   70 48 83 c4 50 5f c3 cc cc cc cc 40 53 48 83 ec
0x00007ffc7497e795:   20 48 8b d9 48 8b 49 38 48 85 c9 74 0c 48 8b 01
0x00007ffc7497e7a5:   ff 10 48 8b 4b 28 48 89 01 48 83 c4 20 5b c3 cc
0x00007ffc7497e7b5:   cc cc cc cc cc cc cc cc cc cc cc 48 89 5c 24 08 


Stack slot to memory mapping:
stack at sp + 0 slots: 0x0000025f9e77c810 points into unknown readable memory: 01 00 00 00 00 00 00 00
stack at sp + 1 slots: 0x0000000000000ad4 is an unknown value
stack at sp + 2 slots: 0x0000000000000001 is an unknown value
stack at sp + 3 slots: 0x00007ffc74927d40 jvm.dll
stack at sp + 4 slots: 0x0 is NULL
stack at sp + 5 slots: 0x00007ffc749e7a2f jvm.dll
stack at sp + 6 slots: 0x0000025fbe118800 points into unknown readable memory: 58 7c bf 74 fc 7f 00 00
stack at sp + 7 slots: 0x0000025fbe118800 points into unknown readable memory: 58 7c bf 74 fc 7f 00 00


---------------  P R O C E S S  ---------------

Threads class SMR info:
_java_thread_list=0x0000025fbe0f94d0, length=13, elements={
0x0000025f9e77e000, 0x0000025fbc619800, 0x0000025fbc623000, 0x0000025fbcfa2800,
0x0000025fbcfa4800, 0x0000025fbcfa5800, 0x0000025fbcfbc800, 0x0000025fbc5ac800,
0x0000025fbd1c0800, 0x0000025fbdfc7800, 0x0000025fbe0a5800, 0x0000025fbe0ab800,
0x0000025fbe10e000
}

Java Threads: ( => current thread )
  0x0000025f9e77e000 JavaThread "main" [_thread_in_vm, id=11412, stack(0x0000006040600000,0x0000006040700000)]
  0x0000025fbc619800 JavaThread "Reference Handler" daemon [_thread_blocked, id=1048, stack(0x0000006040d00000,0x0000006040e00000)]
  0x0000025fbc623000 JavaThread "Finalizer" daemon [_thread_blocked, id=6168, stack(0x0000006040e00000,0x0000006040f00000)]
  0x0000025fbcfa2800 JavaThread "Signal Dispatcher" daemon [_thread_blocked, id=11332, stack(0x0000006040f00000,0x0000006041000000)]
  0x0000025fbcfa4800 JavaThread "Attach Listener" daemon [_thread_blocked, id=2528, stack(0x0000006041000000,0x0000006041100000)]
  0x0000025fbcfa5800 JavaThread "C1 CompilerThread0" daemon [_thread_in_vm, id=10076, stack(0x0000006041100000,0x0000006041200000)]
  0x0000025fbcfbc800 JavaThread "Sweeper thread" daemon [_thread_blocked, id=11024, stack(0x0000006041200000,0x0000006041300000)]
  0x0000025fbc5ac800 JavaThread "Common-Cleaner" daemon [_thread_blocked, id=2016, stack(0x0000006041300000,0x0000006041400000)]
  0x0000025fbd1c0800 JavaThread "Service Thread" daemon [_thread_blocked, id=576, stack(0x0000006041400000,0x0000006041500000)]
  0x0000025fbdfc7800 JavaThread "C1 CompilerThread1" daemon [_thread_in_vm, id=2176, stack(0x0000006041600000,0x0000006041700000)]
  0x0000025fbe0a5800 JavaThread "RMI TCP Accept-0" daemon [_thread_in_native, id=7376, stack(0x0000006041700000,0x0000006041800000)]
  0x0000025fbe0ab800 JavaThread "RMI TCP Accept-63172" daemon [_thread_in_native, id=4588, stack(0x0000006041800000,0x0000006041900000)]
  0x0000025fbe10e000 JavaThread "RMI TCP Accept-0" daemon [_thread_in_native, id=6488, stack(0x0000006041900000,0x0000006041a00000)]

Other Threads:
  0x0000025fbc5f1800 VMThread "VM Thread" [stack: 0x0000006040c00000,0x0000006040d00000] [id=5048]
=>0x0000025fbe118800 WatcherThread [stack: 0x0000006041a00000,0x0000006041b00000] [id=3740]
  0x0000025f9e791000 GCTaskThread "GC Thread#0" [stack: 0x0000006040700000,0x0000006040800000] [id=9068]
  0x0000025fbd560800 GCTaskThread "GC Thread#1" [stack: 0x0000006041500000,0x0000006041600000] [id=1616]
  0x0000025f9e7c1000 ConcurrentGCThread "G1 Main Marker" [stack: 0x0000006040800000,0x0000006040900000] [id=6532]
  0x0000025f9e7c3000 ConcurrentGCThread "G1 Conc#0" [stack: 0x0000006040900000,0x0000006040a00000] [id=8812]
  0x0000025fbc460800 ConcurrentGCThread "G1 Refine#0" [stack: 0x0000006040a00000,0x0000006040b00000] [id=2400]
  0x0000025fbc462000 ConcurrentGCThread "G1 Young RemSet Sampling" [stack: 0x0000006040b00000,0x0000006040c00000] [id=8272]

Threads with active compile tasks:
C1 CompilerThread01161       1       java.lang.String::indexOf (65 bytes)
C1 CompilerThread11094       1       java.util.concurrent.ConcurrentHashMap$EntryIterator::next (51 bytes)

VM state:not at safepoint (normal execution)

VM Mutex/Monitor currently owned by a thread:  ([mutex/lock_event])
[0x0000025f9e77c810] PeriodicTask_lock - owner thread: 0x0000025fbe118800

Heap address: 0x0000000081200000, size: 2030 MB, Compressed Oops mode: 32-bit
Narrow klass base: 0x0000000000000000, Narrow klass shift: 3
Compressed class space size: 1073741824 Address: 0x0000000100000000

Heap:
 garbage-first heap   total 131072K, used 26942K [0x0000000081200000, 0x0000000100000000)
  region size 1024K, 11 young (11264K), 2 survivors (2048K)
 Metaspace       used 12818K, capacity 13210K, committed 13312K, reserved 1060864K
  class space    used 1334K, capacity 1473K, committed 1536K, reserved 1048576K
Heap Regions: E=young(eden), S=young(survivor), O=old, HS=humongous(starts), HC=humongous(continues), CS=collection set, F=free, A=archive, TAMS=top-at-mark-start (previous, next)
|   0|0x0000000081200000, 0x0000000081300000, 0x0000000081300000|100%|HS|  |TAMS 0x0000000081200000, 0x0000000081200000| Complete 
|   1|0x0000000081300000, 0x0000000081400000, 0x0000000081400000|100%| O|  |TAMS 0x0000000081300000, 0x0000000081300000| Untracked 
|   2|0x0000000081400000, 0x0000000081500000, 0x0000000081500000|100%| O|  |TAMS 0x0000000081400000, 0x0000000081400000| Untracked 
|   3|0x0000000081500000, 0x0000000081600000, 0x0000000081600000|100%| O|  |TAMS 0x0000000081500000, 0x0000000081500000| Untracked 
|   4|0x0000000081600000, 0x0000000081700000, 0x0000000081700000|100%| O|  |TAMS 0x0000000081600000, 0x0000000081600000| Untracked 
|   5|0x0000000081700000, 0x0000000081800000, 0x0000000081800000|100%| O|  |TAMS 0x0000000081700000, 0x0000000081700000| Untracked 
|   6|0x0000000081800000, 0x0000000081900000, 0x0000000081900000|100%| O|  |TAMS 0x0000000081800000, 0x0000000081800000| Untracked 
|   7|0x0000000081900000, 0x0000000081a00000, 0x0000000081a00000|100%| O|  |TAMS 0x0000000081900000, 0x0000000081900000| Untracked 
|   8|0x0000000081a00000, 0x0000000081b00000, 0x0000000081b00000|100%| O|  |TAMS 0x0000000081a00000, 0x0000000081a00000| Untracked 
|   9|0x0000000081b00000, 0x0000000081c00000, 0x0000000081c00000|100%| O|  |TAMS 0x0000000081b00000, 0x0000000081b00000| Untracked 
|  10|0x0000000081c00000, 0x0000000081d00000, 0x0000000081d00000|100%| O|  |TAMS 0x0000000081c00000, 0x0000000081c00000| Untracked 
|  11|0x0000000081d00000, 0x0000000081e00000, 0x0000000081e00000|100%| O|  |TAMS 0x0000000081d00000, 0x0000000081d00000| Untracked 
|  12|0x0000000081e00000, 0x0000000081f00000, 0x0000000081f00000|100%| O|  |TAMS 0x0000000081e00000, 0x0000000081e00000| Untracked 
|  13|0x0000000081f00000, 0x0000000082000000, 0x0000000082000000|100%| O|  |TAMS 0x0000000081f00000, 0x0000000081f00000| Untracked 
|  14|0x0000000082000000, 0x0000000082100000, 0x0000000082100000|100%| O|  |TAMS 0x0000000082000000, 0x0000000082000000| Untracked 
|  15|0x0000000082100000, 0x0000000082200000, 0x0000000082200000|100%| O|  |TAMS 0x0000000082100000, 0x0000000082100000| Untracked 
|  16|0x0000000082200000, 0x000000008224fa00, 0x0000000082300000| 31%| O|  |TAMS 0x0000000082200000, 0x0000000082200000| Untracked 
|  17|0x0000000082300000, 0x0000000082300000, 0x0000000082400000|  0%| F|  |TAMS 0x0000000082300000, 0x0000000082300000| Untracked 
|  18|0x0000000082400000, 0x0000000082400000, 0x0000000082500000|  0%| F|  |TAMS 0x0000000082400000, 0x0000000082400000| Untracked 
|  19|0x0000000082500000, 0x0000000082500000, 0x0000000082600000|  0%| F|  |TAMS 0x0000000082500000, 0x0000000082500000| Untracked 
|  20|0x0000000082600000, 0x0000000082600000, 0x0000000082700000|  0%| F|  |TAMS 0x0000000082600000, 0x0000000082600000| Untracked 
|  21|0x0000000082700000, 0x0000000082700000, 0x0000000082800000|  0%| F|  |TAMS 0x0000000082700000, 0x0000000082700000| Untracked 
|  22|0x0000000082800000, 0x0000000082800000, 0x0000000082900000|  0%| F|  |TAMS 0x0000000082800000, 0x0000000082800000| Untracked 
|  23|0x0000000082900000, 0x0000000082900000, 0x0000000082a00000|  0%| F|  |TAMS 0x0000000082900000, 0x0000000082900000| Untracked 
|  24|0x0000000082a00000, 0x0000000082a00000, 0x0000000082b00000|  0%| F|  |TAMS 0x0000000082a00000, 0x0000000082a00000| Untracked 
|  25|0x0000000082b00000, 0x0000000082b00000, 0x0000000082c00000|  0%| F|  |TAMS 0x0000000082b00000, 0x0000000082b00000| Untracked 
|  26|0x0000000082c00000, 0x0000000082c00000, 0x0000000082d00000|  0%| F|  |TAMS 0x0000000082c00000, 0x0000000082c00000| Untracked 
|  27|0x0000000082d00000, 0x0000000082d00000, 0x0000000082e00000|  0%| F|  |TAMS 0x0000000082d00000, 0x0000000082d00000| Untracked 
|  28|0x0000000082e00000, 0x0000000082e00000, 0x0000000082f00000|  0%| F|  |TAMS 0x0000000082e00000, 0x0000000082e00000| Untracked 
|  29|0x0000000082f00000, 0x0000000082f00000, 0x0000000083000000|  0%| F|  |TAMS 0x0000000082f00000, 0x0000000082f00000| Untracked 
|  30|0x0000000083000000, 0x0000000083000000, 0x0000000083100000|  0%| F|  |TAMS 0x0000000083000000, 0x0000000083000000| Untracked 
|  31|0x0000000083100000, 0x0000000083100000, 0x0000000083200000|  0%| F|  |TAMS 0x0000000083100000, 0x0000000083100000| Untracked 
|  32|0x0000000083200000, 0x0000000083200000, 0x0000000083300000|  0%| F|  |TAMS 0x0000000083200000, 0x0000000083200000| Untracked 
|  33|0x0000000083300000, 0x0000000083300000, 0x0000000083400000|  0%| F|  |TAMS 0x0000000083300000, 0x0000000083300000| Untracked 
|  34|0x0000000083400000, 0x0000000083400000, 0x0000000083500000|  0%| F|  |TAMS 0x0000000083400000, 0x0000000083400000| Untracked 
|  35|0x0000000083500000, 0x0000000083500000, 0x0000000083600000|  0%| F|  |TAMS 0x0000000083500000, 0x0000000083500000| Untracked 
|  36|0x0000000083600000, 0x0000000083600000, 0x0000000083700000|  0%| F|  |TAMS 0x0000000083600000, 0x0000000083600000| Untracked 
|  37|0x0000000083700000, 0x0000000083700000, 0x0000000083800000|  0%| F|  |TAMS 0x0000000083700000, 0x0000000083700000| Untracked 
|  38|0x0000000083800000, 0x0000000083800000, 0x0000000083900000|  0%| F|  |TAMS 0x0000000083800000, 0x0000000083800000| Untracked 
|  39|0x0000000083900000, 0x0000000083900000, 0x0000000083a00000|  0%| F|  |TAMS 0x0000000083900000, 0x0000000083900000| Untracked 
|  40|0x0000000083a00000, 0x0000000083a00000, 0x0000000083b00000|  0%| F|  |TAMS 0x0000000083a00000, 0x0000000083a00000| Untracked 
|  41|0x0000000083b00000, 0x0000000083b00000, 0x0000000083c00000|  0%| F|  |TAMS 0x0000000083b00000, 0x0000000083b00000| Untracked 
|  42|0x0000000083c00000, 0x0000000083c00000, 0x0000000083d00000|  0%| F|  |TAMS 0x0000000083c00000, 0x0000000083c00000| Untracked 
|  43|0x0000000083d00000, 0x0000000083d00000, 0x0000000083e00000|  0%| F|  |TAMS 0x0000000083d00000, 0x0000000083d00000| Untracked 
|  44|0x0000000083e00000, 0x0000000083e00000, 0x0000000083f00000|  0%| F|  |TAMS 0x0000000083e00000, 0x0000000083e00000| Untracked 
|  45|0x0000000083f00000, 0x0000000083f00000, 0x0000000084000000|  0%| F|  |TAMS 0x0000000083f00000, 0x0000000083f00000| Untracked 
|  46|0x0000000084000000, 0x0000000084000000, 0x0000000084100000|  0%| F|  |TAMS 0x0000000084000000, 0x0000000084000000| Untracked 
|  47|0x0000000084100000, 0x0000000084100000, 0x0000000084200000|  0%| F|  |TAMS 0x0000000084100000, 0x0000000084100000| Untracked 
|  48|0x0000000084200000, 0x0000000084200000, 0x0000000084300000|  0%| F|  |TAMS 0x0000000084200000, 0x0000000084200000| Untracked 
|  49|0x0000000084300000, 0x0000000084300000, 0x0000000084400000|  0%| F|  |TAMS 0x0000000084300000, 0x0000000084300000| Untracked 
|  50|0x0000000084400000, 0x0000000084400000, 0x0000000084500000|  0%| F|  |TAMS 0x0000000084400000, 0x0000000084400000| Untracked 
|  51|0x0000000084500000, 0x0000000084500000, 0x0000000084600000|  0%| F|  |TAMS 0x0000000084500000, 0x0000000084500000| Untracked 
|  52|0x0000000084600000, 0x0000000084600000, 0x0000000084700000|  0%| F|  |TAMS 0x0000000084600000, 0x0000000084600000| Untracked 
|  53|0x0000000084700000, 0x0000000084700000, 0x0000000084800000|  0%| F|  |TAMS 0x0000000084700000, 0x0000000084700000| Untracked 
|  54|0x0000000084800000, 0x0000000084800000, 0x0000000084900000|  0%| F|  |TAMS 0x0000000084800000, 0x0000000084800000| Untracked 
|  55|0x0000000084900000, 0x0000000084900000, 0x0000000084a00000|  0%| F|  |TAMS 0x0000000084900000, 0x0000000084900000| Untracked 
|  56|0x0000000084a00000, 0x0000000084a00000, 0x0000000084b00000|  0%| F|  |TAMS 0x0000000084a00000, 0x0000000084a00000| Untracked 
|  57|0x0000000084b00000, 0x0000000084b00000, 0x0000000084c00000|  0%| F|  |TAMS 0x0000000084b00000, 0x0000000084b00000| Untracked 
|  58|0x0000000084c00000, 0x0000000084c00000, 0x0000000084d00000|  0%| F|  |TAMS 0x0000000084c00000, 0x0000000084c00000| Untracked 
|  59|0x0000000084d00000, 0x0000000084d00000, 0x0000000084e00000|  0%| F|  |TAMS 0x0000000084d00000, 0x0000000084d00000| Untracked 
|  60|0x0000000084e00000, 0x0000000084e00000, 0x0000000084f00000|  0%| F|  |TAMS 0x0000000084e00000, 0x0000000084e00000| Untracked 
|  61|0x0000000084f00000, 0x0000000084f00000, 0x0000000085000000|  0%| F|  |TAMS 0x0000000084f00000, 0x0000000084f00000| Untracked 
|  62|0x0000000085000000, 0x0000000085000000, 0x0000000085100000|  0%| F|  |TAMS 0x0000000085000000, 0x0000000085000000| Untracked 
|  63|0x0000000085100000, 0x0000000085100000, 0x0000000085200000|  0%| F|  |TAMS 0x0000000085100000, 0x0000000085100000| Untracked 
|  64|0x0000000085200000, 0x0000000085200000, 0x0000000085300000|  0%| F|  |TAMS 0x0000000085200000, 0x0000000085200000| Untracked 
|  65|0x0000000085300000, 0x0000000085300000, 0x0000000085400000|  0%| F|  |TAMS 0x0000000085300000, 0x0000000085300000| Untracked 
|  66|0x0000000085400000, 0x0000000085400000, 0x0000000085500000|  0%| F|  |TAMS 0x0000000085400000, 0x0000000085400000| Untracked 
|  67|0x0000000085500000, 0x0000000085500000, 0x0000000085600000|  0%| F|  |TAMS 0x0000000085500000, 0x0000000085500000| Untracked 
|  68|0x0000000085600000, 0x0000000085600000, 0x0000000085700000|  0%| F|  |TAMS 0x0000000085600000, 0x0000000085600000| Untracked 
|  69|0x0000000085700000, 0x0000000085700000, 0x0000000085800000|  0%| F|  |TAMS 0x0000000085700000, 0x0000000085700000| Untracked 
|  70|0x0000000085800000, 0x0000000085800000, 0x0000000085900000|  0%| F|  |TAMS 0x0000000085800000, 0x0000000085800000| Untracked 
|  71|0x0000000085900000, 0x0000000085900000, 0x0000000085a00000|  0%| F|  |TAMS 0x0000000085900000, 0x0000000085900000| Untracked 
|  72|0x0000000085a00000, 0x0000000085a00000, 0x0000000085b00000|  0%| F|  |TAMS 0x0000000085a00000, 0x0000000085a00000| Untracked 
|  73|0x0000000085b00000, 0x0000000085b00000, 0x0000000085c00000|  0%| F|  |TAMS 0x0000000085b00000, 0x0000000085b00000| Untracked 
|  74|0x0000000085c00000, 0x0000000085c00000, 0x0000000085d00000|  0%| F|  |TAMS 0x0000000085c00000, 0x0000000085c00000| Untracked 
|  75|0x0000000085d00000, 0x0000000085d00000, 0x0000000085e00000|  0%| F|  |TAMS 0x0000000085d00000, 0x0000000085d00000| Untracked 
|  76|0x0000000085e00000, 0x0000000085e00000, 0x0000000085f00000|  0%| F|  |TAMS 0x0000000085e00000, 0x0000000085e00000| Untracked 
|  77|0x0000000085f00000, 0x0000000085f00000, 0x0000000086000000|  0%| F|  |TAMS 0x0000000085f00000, 0x0000000085f00000| Untracked 
|  78|0x0000000086000000, 0x0000000086000000, 0x0000000086100000|  0%| F|  |TAMS 0x0000000086000000, 0x0000000086000000| Untracked 
|  79|0x0000000086100000, 0x0000000086100000, 0x0000000086200000|  0%| F|  |TAMS 0x0000000086100000, 0x0000000086100000| Untracked 
|  80|0x0000000086200000, 0x0000000086200000, 0x0000000086300000|  0%| F|  |TAMS 0x0000000086200000, 0x0000000086200000| Untracked 
|  81|0x0000000086300000, 0x0000000086300000, 0x0000000086400000|  0%| F|  |TAMS 0x0000000086300000, 0x0000000086300000| Untracked 
|  82|0x0000000086400000, 0x0000000086400000, 0x0000000086500000|  0%| F|  |TAMS 0x0000000086400000, 0x0000000086400000| Untracked 
|  83|0x0000000086500000, 0x0000000086500000, 0x0000000086600000|  0%| F|  |TAMS 0x0000000086500000, 0x0000000086500000| Untracked 
|  84|0x0000000086600000, 0x0000000086600000, 0x0000000086700000|  0%| F|  |TAMS 0x0000000086600000, 0x0000000086600000| Untracked 
|  85|0x0000000086700000, 0x0000000086700000, 0x0000000086800000|  0%| F|  |TAMS 0x0000000086700000, 0x0000000086700000| Untracked 
|  86|0x0000000086800000, 0x0000000086800000, 0x0000000086900000|  0%| F|  |TAMS 0x0000000086800000, 0x0000000086800000| Untracked 
|  87|0x0000000086900000, 0x0000000086900000, 0x0000000086a00000|  0%| F|  |TAMS 0x0000000086900000, 0x0000000086900000| Untracked 
|  88|0x0000000086a00000, 0x0000000086a00000, 0x0000000086b00000|  0%| F|  |TAMS 0x0000000086a00000, 0x0000000086a00000| Untracked 
|  89|0x0000000086b00000, 0x0000000086b00000, 0x0000000086c00000|  0%| F|  |TAMS 0x0000000086b00000, 0x0000000086b00000| Untracked 
|  90|0x0000000086c00000, 0x0000000086c00000, 0x0000000086d00000|  0%| F|  |TAMS 0x0000000086c00000, 0x0000000086c00000| Untracked 
|  91|0x0000000086d00000, 0x0000000086d00000, 0x0000000086e00000|  0%| F|  |TAMS 0x0000000086d00000, 0x0000000086d00000| Untracked 
|  92|0x0000000086e00000, 0x0000000086e00000, 0x0000000086f00000|  0%| F|  |TAMS 0x0000000086e00000, 0x0000000086e00000| Untracked 
|  93|0x0000000086f00000, 0x0000000086f00000, 0x0000000087000000|  0%| F|  |TAMS 0x0000000086f00000, 0x0000000086f00000| Untracked 
|  94|0x0000000087000000, 0x0000000087000000, 0x0000000087100000|  0%| F|  |TAMS 0x0000000087000000, 0x0000000087000000| Untracked 
|  95|0x0000000087100000, 0x0000000087100000, 0x0000000087200000|  0%| F|  |TAMS 0x0000000087100000, 0x0000000087100000| Untracked 
|  96|0x0000000087200000, 0x0000000087200000, 0x0000000087300000|  0%| F|  |TAMS 0x0000000087200000, 0x0000000087200000| Untracked 
|  97|0x0000000087300000, 0x0000000087300000, 0x0000000087400000|  0%| F|  |TAMS 0x0000000087300000, 0x0000000087300000| Untracked 
|  98|0x0000000087400000, 0x0000000087400000, 0x0000000087500000|  0%| F|  |TAMS 0x0000000087400000, 0x0000000087400000| Untracked 
|  99|0x0000000087500000, 0x0000000087500000, 0x0000000087600000|  0%| F|  |TAMS 0x0000000087500000, 0x0000000087500000| Untracked 
| 100|0x0000000087600000, 0x0000000087600000, 0x0000000087700000|  0%| F|  |TAMS 0x0000000087600000, 0x0000000087600000| Untracked 
| 101|0x0000000087700000, 0x0000000087700000, 0x0000000087800000|  0%| F|  |TAMS 0x0000000087700000, 0x0000000087700000| Untracked 
| 102|0x0000000087800000, 0x0000000087800000, 0x0000000087900000|  0%| F|  |TAMS 0x0000000087800000, 0x0000000087800000| Untracked 
| 103|0x0000000087900000, 0x0000000087900000, 0x0000000087a00000|  0%| F|  |TAMS 0x0000000087900000, 0x0000000087900000| Untracked 
| 104|0x0000000087a00000, 0x0000000087a00000, 0x0000000087b00000|  0%| F|  |TAMS 0x0000000087a00000, 0x0000000087a00000| Untracked 
| 105|0x0000000087b00000, 0x0000000087b00000, 0x0000000087c00000|  0%| F|  |TAMS 0x0000000087b00000, 0x0000000087b00000| Untracked 
| 106|0x0000000087c00000, 0x0000000087c00000, 0x0000000087d00000|  0%| F|  |TAMS 0x0000000087c00000, 0x0000000087c00000| Untracked 
| 107|0x0000000087d00000, 0x0000000087d00000, 0x0000000087e00000|  0%| F|  |TAMS 0x0000000087d00000, 0x0000000087d00000| Untracked 
| 108|0x0000000087e00000, 0x0000000087e00000, 0x0000000087f00000|  0%| F|  |TAMS 0x0000000087e00000, 0x0000000087e00000| Untracked 
| 109|0x0000000087f00000, 0x0000000087f00000, 0x0000000088000000|  0%| F|  |TAMS 0x0000000087f00000, 0x0000000087f00000| Untracked 
| 110|0x0000000088000000, 0x0000000088000000, 0x0000000088100000|  0%| F|  |TAMS 0x0000000088000000, 0x0000000088000000| Untracked 
| 111|0x0000000088100000, 0x0000000088100000, 0x0000000088200000|  0%| F|  |TAMS 0x0000000088100000, 0x0000000088100000| Untracked 
| 112|0x0000000088200000, 0x0000000088200000, 0x0000000088300000|  0%| F|  |TAMS 0x0000000088200000, 0x0000000088200000| Untracked 
| 113|0x0000000088300000, 0x0000000088300000, 0x0000000088400000|  0%| F|  |TAMS 0x0000000088300000, 0x0000000088300000| Untracked 
| 114|0x0000000088400000, 0x0000000088400000, 0x0000000088500000|  0%| F|  |TAMS 0x0000000088400000, 0x0000000088400000| Untracked 
| 115|0x0000000088500000, 0x0000000088500000, 0x0000000088600000|  0%| F|  |TAMS 0x0000000088500000, 0x0000000088500000| Untracked 
| 116|0x0000000088600000, 0x0000000088700000, 0x0000000088700000|100%| S|CS|TAMS 0x0000000088600000, 0x0000000088600000| Complete 
| 117|0x0000000088700000, 0x0000000088800000, 0x0000000088800000|100%| S|CS|TAMS 0x0000000088700000, 0x0000000088700000| Complete 
| 118|0x0000000088800000, 0x0000000088800000, 0x0000000088900000|  0%| F|  |TAMS 0x0000000088800000, 0x0000000088800000| Untracked 
| 119|0x0000000088900000, 0x0000000088934330, 0x0000000088a00000| 20%| E|  |TAMS 0x0000000088900000, 0x0000000088900000| Complete 
| 120|0x0000000088a00000, 0x0000000088b00000, 0x0000000088b00000|100%| E|CS|TAMS 0x0000000088a00000, 0x0000000088a00000| Complete 
| 121|0x0000000088b00000, 0x0000000088c00000, 0x0000000088c00000|100%| E|CS|TAMS 0x0000000088b00000, 0x0000000088b00000| Complete 
| 122|0x0000000088c00000, 0x0000000088d00000, 0x0000000088d00000|100%| E|CS|TAMS 0x0000000088c00000, 0x0000000088c00000| Complete 
| 123|0x0000000088d00000, 0x0000000088e00000, 0x0000000088e00000|100%| E|CS|TAMS 0x0000000088d00000, 0x0000000088d00000| Complete 
| 124|0x0000000088e00000, 0x0000000088f00000, 0x0000000088f00000|100%| E|CS|TAMS 0x0000000088e00000, 0x0000000088e00000| Complete 
| 125|0x0000000088f00000, 0x0000000089000000, 0x0000000089000000|100%| E|CS|TAMS 0x0000000088f00000, 0x0000000088f00000| Complete 
| 126|0x0000000089000000, 0x0000000089100000, 0x0000000089100000|100%| E|CS|TAMS 0x0000000089000000, 0x0000000089000000| Complete 
| 127|0x0000000089100000, 0x0000000089200000, 0x0000000089200000|100%| E|CS|TAMS 0x0000000089100000, 0x0000000089100000| Complete 

Card table byte_map: [0x0000025fb5aa0000,0x0000025fb5ea0000] _byte_map_base: 0x0000025fb5697000

Marking Bits (Prev, Next): (CMBitMap*) 0x0000025f9e7b81c8, (CMBitMap*) 0x0000025f9e7b8200
 Prev Bits: [0x0000025fb62a0000, 0x0000025fb8258000)
 Next Bits: [0x0000025fb8260000, 0x0000025fba218000)

Polling page: 0x0000025f9c700000

Metaspace:

Usage:
  Non-class:     11.46 MB capacity,    11.22 MB ( 98%) used,   217.43 KB (  2%) free+waste,    30.63 KB ( <1%) overhead. 
      Class:      1.44 MB capacity,     1.30 MB ( 91%) used,   122.58 KB (  8%) free+waste,    15.19 KB (  1%) overhead. 
       Both:     12.90 MB capacity,    12.52 MB ( 97%) used,   340.01 KB (  3%) free+waste,    45.81 KB ( <1%) overhead. 

Virtual space:
  Non-class space:       12.00 MB reserved,      11.50 MB ( 96%) committed 
      Class space:        1.00 GB reserved,       1.50 MB ( <1%) committed 
             Both:        1.01 GB reserved,      13.00 MB (  1%) committed 

Chunk freelists:
   Non-Class:  4.88 KB
       Class:  3.88 KB
        Both:  8.75 KB

CodeHeap 'non-profiled nmethods': size=239488Kb used=1653Kb max_used=1653Kb free=237834Kb
 bounds [0x0000025fa70c0000, 0x0000025fa7330000, 0x0000025fb5aa0000]
CodeHeap 'non-nmethods': size=6272Kb used=1654Kb max_used=1654Kb free=4617Kb
 bounds [0x0000025fa6aa0000, 0x0000025fa6d10000, 0x0000025fa70c0000]
 total_blobs=1582 nmethods=1165 adapters=329
 compilation: enabled
              stopped_count=0, restarted_count=0
 full_count=0

Compilation events (10 events):
Event: 1.068 Thread 0x0000025fbcfa5800 1148   !   1       java.io.BufferedWriter::write (117 bytes)
Event: 1.068 Thread 0x0000025fbcfa5800 nmethod 1148 0x0000025fa7251910 code [0x0000025fa7251b00, 0x0000025fa7251f70]
Event: 1.068 Thread 0x0000025fbcfa5800 1146       1       java.io.BufferedWriter::min (9 bytes)
Event: 1.068 Thread 0x0000025fbcfa5800 nmethod 1146 0x0000025fa7252210 code [0x0000025fa72523c0, 0x0000025fa72524f8]
Event: 1.068 Thread 0x0000025fbcfa5800 1147       1       java.io.Writer::write (11 bytes)
Event: 1.068 Thread 0x0000025fbcfa5800 nmethod 1147 0x0000025fa7252590 code [0x0000025fa7252740, 0x0000025fa72528b0]
Event: 1.069 Thread 0x0000025fbcfa5800 1149       1       java.lang.ClassLoader::checkName (37 bytes)
Event: 1.070 Thread 0x0000025fbcfa5800 nmethod 1149 0x0000025fa7252990 code [0x0000025fa7252b80, 0x0000025fa7252ea0]
Event: 1.073 Thread 0x0000025fbcfa5800 1150       1       jdk.internal.loader.URLClassPath$Loader::getBaseURL (5 bytes)
Event: 1.073 Thread 0x0000025fbcfa5800 nmethod 1150 0x0000025fa7253090 code [0x0000025fa7253240, 0x0000025fa7253358]

GC Heap History (6 events):
Event: 0.530 GC heap before
{Heap before GC invocations=0 (full 0):
 garbage-first heap   total 131072K, used 7168K [0x0000000081200000, 0x0000000100000000)
  region size 1024K, 7 young (7168K), 0 survivors (0K)
 Metaspace       used 6100K, capacity 6174K, committed 6272K, reserved 1056768K
  class space    used 540K, capacity 567K, committed 640K, reserved 1048576K
}
Event: 0.534 GC heap after
{Heap after GC invocations=1 (full 0):
 garbage-first heap   total 131072K, used 5659K [0x0000000081200000, 0x0000000100000000)
  region size 1024K, 1 young (1024K), 1 survivors (1024K)
 Metaspace       used 6100K, capacity 6174K, committed 6272K, reserved 1056768K
  class space    used 540K, capacity 567K, committed 640K, reserved 1048576K
}
Event: 0.589 GC heap before
{Heap before GC invocations=1 (full 0):
 garbage-first heap   total 131072K, used 9755K [0x0000000081200000, 0x0000000100000000)
  region size 1024K, 6 young (6144K), 1 survivors (1024K)
 Metaspace       used 6100K, capacity 6174K, committed 6272K, reserved 1056768K
  class space    used 540K, capacity 567K, committed 640K, reserved 1048576K
}
Event: 0.591 GC heap after
{Heap after GC invocations=2 (full 0):
 garbage-first heap   total 131072K, used 10054K [0x0000000081200000, 0x0000000100000000)
  region size 1024K, 1 young (1024K), 1 survivors (1024K)
 Metaspace       used 6100K, capacity 6174K, committed 6272K, reserved 1056768K
  class space    used 540K, capacity 567K, committed 640K, reserved 1048576K
}
Event: 0.704 GC heap before
{Heap before GC invocations=2 (full 0):
 garbage-first heap   total 131072K, used 18246K [0x0000000081200000, 0x0000000100000000)
  region size 1024K, 10 young (10240K), 1 survivors (1024K)
 Metaspace       used 7984K, capacity 8066K, committed 8320K, reserved 1056768K
  class space    used 761K, capacity 795K, committed 896K, reserved 1048576K
}
Event: 0.709 GC heap after
{Heap after GC invocations=3 (full 0):
 garbage-first heap   total 131072K, used 18750K [0x0000000081200000, 0x0000000100000000)
  region size 1024K, 2 young (2048K), 2 survivors (2048K)
 Metaspace       used 7984K, capacity 8066K, committed 8320K, reserved 1056768K
  class space    used 761K, capacity 795K, committed 896K, reserved 1048576K
}

Deoptimization events (0 events):
No events

Classes redefined (0 events):
No events

Internal exceptions (10 events):
Event: 0.847 Thread 0x0000025f9e77e000 Exception <a 'java/lang/NoSuchMethodError'{0x0000000088fe2850}: java.lang.invoke.DirectMethodHandle$Holder.invokeSpecialIFC(Ljava/lang/Object;Ljava/lang/Object;Ljava/lang/Object;)I> (0x0000000088fe2850) thrown at [t:/workspace/open/src/hotspot/share/inter
Event: 0.867 Thread 0x0000025f9e77e000 Exception <a 'java/lang/NoSuchMethodError'{0x0000000088e4b830}: java.lang.invoke.DirectMethodHandle$Holder.invokeStatic(Ljava/lang/Object;IIII)Ljava/lang/Object;> (0x0000000088e4b830) thrown at [t:/workspace/open/src/hotspot/share/interpreter/linkResolver
Event: 0.867 Thread 0x0000025f9e77e000 Exception <a 'java/lang/NoSuchMethodError'{0x0000000088e4e948}: java.lang.invoke.DirectMethodHandle$Holder.invokeStaticInit(Ljava/lang/Object;IIII)Ljava/lang/Object;> (0x0000000088e4e948) thrown at [t:/workspace/open/src/hotspot/share/interpreter/linkReso
Event: 0.959 Thread 0x0000025f9e77e000 Exception <a 'java/lang/NoSuchMethodError'{0x0000000088eae068}: java.lang.invoke.DirectMethodHandle$Holder.invokeStatic(Ljava/lang/Object;Ljava/lang/Object;IIII)Ljava/lang/Object;> (0x0000000088eae068) thrown at [t:/workspace/open/src/hotspot/share/interp
Event: 0.959 Thread 0x0000025f9e77e000 Exception <a 'java/lang/NoSuchMethodError'{0x0000000088eb13b0}: java.lang.invoke.DirectMethodHandle$Holder.invokeStaticInit(Ljava/lang/Object;Ljava/lang/Object;IIII)Ljava/lang/Object;> (0x0000000088eb13b0) thrown at [t:/workspace/open/src/hotspot/share/in
Event: 0.973 Thread 0x0000025f9e77e000 Exception <a 'java/lang/ClassNotFoundException'{0x0000000088ecee38}: javax/management/remote/rmi/RMIServerImpl_Skel> (0x0000000088ecee38) thrown at [t:/workspace/open/src/hotspot/share/classfile/systemDictionary.cpp, line 231]
Event: 1.011 Thread 0x0000025f9e77e000 Exception <a 'java/lang/ClassNotFoundException'{0x0000000088d74ac8}: jdk/internal/agent/resources/spi/agentProvider> (0x0000000088d74ac8) thrown at [t:/workspace/open/src/hotspot/share/classfile/systemDictionary.cpp, line 231]
Event: 1.018 Thread 0x0000025f9e77e000 Exception <a 'java/lang/NoSuchMethodError'{0x0000000088dcab78}: java.lang.invoke.DirectMethodHandle$Holder.invokeStatic(Ljava/lang/Object;Ljava/lang/Object;Ljava/lang/Object;Ljava/lang/Object;Ljava/lang/Object;Ljava/lang/Object;Ljava/lang/Object;Ljava/lan
Event: 1.019 Thread 0x0000025f9e77e000 Exception <a 'java/lang/NoSuchMethodError'{0x0000000088dd7398}: java.lang.invoke.DirectMethodHandle$Holder.invokeStatic(Ljava/lang/Object;Ljava/lang/Object;Ljava/lang/Object;Ljava/lang/Object;Ljava/lang/Object;Ljava/lang/Object;Ljava/lang/Object;Ljava/lan
Event: 1.022 Thread 0x0000025f9e77e000 Exception <a 'java/lang/NoSuchMethodError'{0x0000000088df1220}: java.lang.invoke.DelegatingMethodHandle$Holder.reinvoke_L(Ljava/lang/Object;ILjava/lang/Object;)Ljava/lang/Object;> (0x0000000088df1220) thrown at [t:/workspace/open/src/hotspot/share/interpr

Events (10 events):
Event: 1.076 loading class sun/nio/cs/ThreadLocalCoders$1
Event: 1.076 loading class sun/nio/cs/ThreadLocalCoders$Cache
Event: 1.076 loading class sun/nio/cs/ThreadLocalCoders$Cache done
Event: 1.076 loading class sun/nio/cs/ThreadLocalCoders$1 done
Event: 1.076 loading class sun/nio/cs/ThreadLocalCoders$2
Event: 1.076 loading class sun/nio/cs/ThreadLocalCoders$2 done
Event: 1.077 loading class sun/security/provider/PolicyParser
Event: 1.077 loading class sun/security/provider/PolicyParser done
Event: 1.077 loading class java/io/StreamTokenizer
Event: 1.077 loading class java/io/StreamTokenizer done


Dynamic libraries:
0x00007ff6fb410000 - 0x00007ff6fb457000 	C:\Program Files\Java\jdk-11.0.4\bin\javaw.exe
0x00007ffcb4940000 - 0x00007ffcb4b30000 	C:\WINDOWS\SYSTEM32\ntdll.dll
0x00007ffcb3e80000 - 0x00007ffcb3f32000 	C:\WINDOWS\System32\KERNEL32.DLL
0x00007ffcb1b80000 - 0x00007ffcb1e24000 	C:\WINDOWS\System32\KERNELBASE.dll
0x00007ffcaf630000 - 0x00007ffcaf6bf000 	C:\WINDOWS\SYSTEM32\apphelp.dll
0x00007ffcb32e0000 - 0x00007ffcb3383000 	C:\WINDOWS\System32\ADVAPI32.dll
0x00007ffcb2f10000 - 0x00007ffcb2fae000 	C:\WINDOWS\System32\msvcrt.dll
0x00007ffcb2df0000 - 0x00007ffcb2e87000 	C:\WINDOWS\System32\sechost.dll
0x00007ffcb3d60000 - 0x00007ffcb3e80000 	C:\WINDOWS\System32\RPCRT4.dll
0x00007ffcb3f40000 - 0x00007ffcb40d4000 	C:\WINDOWS\System32\USER32.dll
0x00007ffcb2970000 - 0x00007ffcb2991000 	C:\WINDOWS\System32\win32u.dll
0x00007ffcb4850000 - 0x00007ffcb4876000 	C:\WINDOWS\System32\GDI32.dll
0x00007ffcb19c0000 - 0x00007ffcb1b56000 	C:\WINDOWS\System32\gdi32full.dll
0x00007ffcb1920000 - 0x00007ffcb19be000 	C:\WINDOWS\System32\msvcp_win.dll
0x00007ffcb2870000 - 0x00007ffcb296a000 	C:\WINDOWS\System32\ucrtbase.dll
0x00007ffca4860000 - 0x00007ffca4ae4000 	C:\WINDOWS\WinSxS\amd64_microsoft.windows.common-controls_6595b64144ccf1df_6.0.18362.959_none_e6c7bbbf130c62bb\COMCTL32.dll
0x00007ffcb2a00000 - 0x00007ffcb2d35000 	C:\WINDOWS\System32\combase.dll
0x00007ffcb1ee0000 - 0x00007ffcb1f60000 	C:\WINDOWS\System32\bcryptPrimitives.dll
0x00007ffca4840000 - 0x00007ffca484a000 	C:\WINDOWS\SYSTEM32\VERSION.dll
0x00007ffcb35a0000 - 0x00007ffcb35ce000 	C:\WINDOWS\System32\IMM32.DLL
0x00007ffc94a90000 - 0x00007ffc94aa6000 	C:\Program Files\Java\jdk-11.0.4\bin\vcruntime140.dll
0x00007ffc83980000 - 0x00007ffc83a2a000 	C:\Program Files\Java\jdk-11.0.4\bin\msvcp140.dll
0x00007ffc74320000 - 0x00007ffc74e47000 	C:\Program Files\Java\jdk-11.0.4\bin\server\jvm.dll
0x00007ffcb2e90000 - 0x00007ffcb2e98000 	C:\WINDOWS\System32\PSAPI.DLL
0x00007ffc9d270000 - 0x00007ffc9d279000 	C:\WINDOWS\SYSTEM32\WSOCK32.dll
0x00007ffcb3a40000 - 0x00007ffcb3aaf000 	C:\WINDOWS\System32\WS2_32.dll
0x00007ffcaf400000 - 0x00007ffcaf424000 	C:\WINDOWS\SYSTEM32\WINMM.dll
0x00007ffcaf3d0000 - 0x00007ffcaf3fd000 	C:\WINDOWS\SYSTEM32\WINMMBASE.dll
0x00007ffcb29a0000 - 0x00007ffcb29ea000 	C:\WINDOWS\System32\cfgmgr32.dll
0x00007ffcb1850000 - 0x00007ffcb1861000 	C:\WINDOWS\System32\kernel.appcore.dll
0x00007ffca4cb0000 - 0x00007ffca4cc1000 	C:\Program Files\Java\jdk-11.0.4\bin\verify.dll
0x00007ffcaff40000 - 0x00007ffcb0134000 	C:\WINDOWS\SYSTEM32\DBGHELP.DLL
0x00007ffca4460000 - 0x00007ffca448a000 	C:\WINDOWS\SYSTEM32\dbgcore.DLL
0x00007ffc87cf0000 - 0x00007ffc87d19000 	C:\Program Files\Java\jdk-11.0.4\bin\java.dll
0x00007ffc9ac70000 - 0x00007ffc9ac86000 	C:\Program Files\Java\jdk-11.0.4\bin\zip.dll
0x00007ffcb01f0000 - 0x00007ffcb01fa000 	C:\Program Files\Java\jdk-11.0.4\bin\jimage.dll
0x00007ffcb40e0000 - 0x00007ffcb47c6000 	C:\WINDOWS\System32\SHELL32.dll
0x00007ffcb2d40000 - 0x00007ffcb2de9000 	C:\WINDOWS\System32\shcore.dll
0x00007ffcb1f60000 - 0x00007ffcb26e2000 	C:\WINDOWS\System32\windows.storage.dll
0x00007ffcb1890000 - 0x00007ffcb18b3000 	C:\WINDOWS\System32\profapi.dll
0x00007ffcb1800000 - 0x00007ffcb184a000 	C:\WINDOWS\System32\powrprof.dll
0x00007ffcb17f0000 - 0x00007ffcb1800000 	C:\WINDOWS\System32\UMPDC.dll
0x00007ffcb34e0000 - 0x00007ffcb3532000 	C:\WINDOWS\System32\shlwapi.dll
0x00007ffcb1b60000 - 0x00007ffcb1b77000 	C:\WINDOWS\System32\cryptsp.dll
0x00007ffc9a8d0000 - 0x00007ffc9a8e9000 	C:\Program Files\Java\jdk-11.0.4\bin\net.dll
0x00007ffca8350000 - 0x00007ffca8440000 	C:\WINDOWS\SYSTEM32\WINHTTP.dll
0x00007ffca5c00000 - 0x00007ffca5dd6000 	C:\WINDOWS\SYSTEM32\urlmon.dll
0x00007ffca5fa0000 - 0x00007ffca6246000 	C:\WINDOWS\SYSTEM32\iertutil.dll
0x00007ffcb1230000 - 0x00007ffcb123c000 	C:\WINDOWS\SYSTEM32\CRYPTBASE.DLL
0x00007ffcb1060000 - 0x00007ffcb10c7000 	C:\WINDOWS\system32\mswsock.dll
0x00007ffc97120000 - 0x00007ffc97133000 	C:\Program Files\Java\jdk-11.0.4\bin\nio.dll
0x00007ffca6a10000 - 0x00007ffca6a19000 	C:\Program Files\Java\jdk-11.0.4\bin\management.dll
0x00007ffca69e0000 - 0x00007ffca69ec000 	C:\Program Files\Java\jdk-11.0.4\bin\management_ext.dll
0x00007ffca0670000 - 0x00007ffca0686000 	C:\WINDOWS\system32\napinsp.dll
0x00007ffca0650000 - 0x00007ffca066a000 	C:\WINDOWS\system32\pnrpnsp.dll
0x00007ffcb0db0000 - 0x00007ffcb0e7b000 	C:\WINDOWS\SYSTEM32\DNSAPI.dll
0x00007ffcb29f0000 - 0x00007ffcb29f8000 	C:\WINDOWS\System32\NSI.dll
0x00007ffcb0d70000 - 0x00007ffcb0daa000 	C:\WINDOWS\SYSTEM32\IPHLPAPI.DLL
0x00007ffca0640000 - 0x00007ffca064e000 	C:\WINDOWS\System32\winrnr.dll
0x00007ffcadbf0000 - 0x00007ffcadc0c000 	C:\WINDOWS\system32\NLAapi.dll
0x00007ffca0620000 - 0x00007ffca0635000 	C:\WINDOWS\system32\wshbth.dll
0x00007ffca4cd0000 - 0x00007ffca4cda000 	C:\Windows\System32\rasadhlp.dll
0x00007ffca9470000 - 0x00007ffca94e7000 	C:\WINDOWS\System32\fwpuclnt.dll
0x00007ffcb2840000 - 0x00007ffcb2866000 	C:\WINDOWS\System32\bcrypt.dll
0x00007ffcb0bd0000 - 0x00007ffcb0c03000 	C:\WINDOWS\system32\rsaenh.dll
0x00007ffcb16e0000 - 0x00007ffcb1705000 	C:\WINDOWS\SYSTEM32\USERENV.dll
0x00007ffca97a0000 - 0x00007ffca97b6000 	C:\WINDOWS\SYSTEM32\dhcpcsvc6.DLL
0x00007ffca9780000 - 0x00007ffca979c000 	C:\WINDOWS\SYSTEM32\dhcpcsvc.DLL

dbghelp: loaded successfully - version: 4.0.5 - missing functions: none
symbol engine: initialized successfully - sym options: 0x614 - pdb path: .;C:\Program Files\Java\jdk-11.0.4\bin;C:\WINDOWS\SYSTEM32;C:\WINDOWS\WinSxS\amd64_microsoft.windows.common-controls_6595b64144ccf1df_6.0.18362.959_none_e6c7bbbf130c62bb;C:\Program Files\Java\jdk-11.0.4\bin\server

VM Arguments:
jvm_args: -Dcom.sun.management.jmxremote -Dcom.sun.management.jmxremote.port=63172 -Dcom.sun.management.jmxremote.authenticate=false -Dcom.sun.management.jmxremote.ssl=false -Djava.rmi.server.hostname=localhost -Dspring.jmx.enabled=true -Dspring.application.admin.enabled=true -Xverify:none -XX:TieredStopAtLevel=1 -Dspring.boot.project.name=spring-boot-ionic-backend -Dfile.encoding=UTF-8 
java_command: com.marcio.cursomc.CursomcApplication --spring.output.ansi.enabled=always
java_class_path (initial): C:\Users\Marcio\spring-boot-projects\spring-boot-ionic-backend\target\classes;C:\Users\Marcio\.m2\repository\org\springframework\boot\spring-boot-starter-web\2.3.1.RELEASE\spring-boot-starter-web-2.3.1.RELEASE.jar;C:\Users\Marcio\.m2\repository\org\springframework\boot\spring-boot-starter\2.3.1.RELEASE\spring-boot-starter-2.3.1.RELEASE.jar;C:\Users\Marcio\.m2\repository\org\springframework\boot\spring-boot-starter-logging\2.3.1.RELEASE\spring-boot-starter-logging-2.3.1.RELEASE.jar;C:\Users\Marcio\.m2\repository\ch\qos\logback\logback-classic\1.2.3\logback-classic-1.2.3.jar;C:\Users\Marcio\.m2\repository\ch\qos\logback\logback-core\1.2.3\logback-core-1.2.3.jar;C:\Users\Marcio\.m2\repository\org\apache\logging\log4j\log4j-to-slf4j\2.13.3\log4j-to-slf4j-2.13.3.jar;C:\Users\Marcio\.m2\repository\org\apache\logging\log4j\log4j-api\2.13.3\log4j-api-2.13.3.jar;C:\Users\Marcio\.m2\repository\org\slf4j\jul-to-slf4j\1.7.30\jul-to-slf4j-1.7.30.jar;C:\Users\Marcio\.m2\repository\jakarta\annotation\jakarta.annotation-api\1.3.5\jakarta.annotation-api-1.3.5.jar;C:\Users\Marcio\.m2\repository\org\yaml\snakeyaml\1.26\snakeyaml-1.26.jar;C:\Users\Marcio\.m2\repository\org\springframework\boot\spring-boot-starter-json\2.3.1.RELEASE\spring-boot-starter-json-2.3.1.RELEASE.jar;C:\Users\Marcio\.m2\repository\com\fasterxml\jackson\datatype\jackson-datatype-jdk8\2.11.0\jackson-datatype-jdk8-2.11.0.jar;C:\Users\Marcio\.m2\repository\com\fasterxml\jackson\datatype\jackson-datatype-jsr310\2.11.0\jackson-datatype-jsr310-2.11.0.jar;C:\Users\Marcio\.m2\repository\com\fasterxml\jackson\module\jackson-module-parameter-names\2.11.0\jackson-module-parameter-names-2.11.0.jar;C:\Users\Marcio\.m2\repository\org\springframework\boot\spring-boot-starter-tomcat\2.3.1.RELEASE\spring-boot-starter-tomcat-2.3.1.RELEASE.jar;C:\Users\Marcio\.m2\repository\org\apache\tomcat\embed\tomcat-embed-core\9.0.36\tomcat-embed-core-9.0.36.jar;C:\Users\Marcio\.m2\repository\org\glassfish\jakarta.
Launcher Type: SUN_STANDARD

[Global flags]
     bool BytecodeVerificationLocal                = false                                     {product} {command line}
     bool BytecodeVerificationRemote               = false                                     {product} {command line}
     intx CICompilerCount                          = 2                                         {product} {ergonomic}
     uint ConcGCThreads                            = 1                                         {product} {ergonomic}
     uint G1ConcRefinementThreads                  = 2                                         {product} {ergonomic}
   size_t G1HeapRegionSize                         = 1048576                                   {product} {ergonomic}
    uintx GCDrainStackTargetSize                   = 64                                        {product} {ergonomic}
   size_t InitialHeapSize                          = 134217728                                 {product} {ergonomic}
     bool ManagementServer                         = true                                      {product} {command line}
   size_t MarkStackSize                            = 4194304                                   {product} {ergonomic}
   size_t MaxHeapSize                              = 2128609280                                {product} {ergonomic}
   size_t MaxNewSize                               = 1277165568                                {product} {ergonomic}
   size_t MinHeapDeltaBytes                        = 1048576                                   {product} {ergonomic}
    uintx NonNMethodCodeHeapSize                   = 6396312                                {pd product} {ergonomic}
    uintx NonProfiledCodeHeapSize                  = 245261928                              {pd product} {ergonomic}
    uintx ProfiledCodeHeapSize                     = 0                                      {pd product} {ergonomic}
    uintx ReservedCodeCacheSize                    = 251658240                              {pd product} {ergonomic}
     bool SegmentedCodeCache                       = true                                      {product} {ergonomic}
     intx TieredStopAtLevel                        = 1                                         {product} {command line}
     bool UseCompressedClassPointers               = true                                 {lp64_product} {ergonomic}
     bool UseCompressedOops                        = true                                 {lp64_product} {ergonomic}
     bool UseG1GC                                  = true                                      {product} {ergonomic}
     bool UseLargePagesIndividualAllocation        = false                                  {pd product} {ergonomic}

Logging:
Log output configuration:
 #0: stdout all=warning uptime,level,tags
 #1: stderr all=off uptime,level,tags

Environment Variables:
JAVA_HOME=C:\Program Files\Java\jdk-11.0.4
PATH=C:/Program Files/Java/jdk-11.0.4/bin/server;C:/Program Files/Java/jdk-11.0.4/bin;C:\oraclexe\client_oracle11;C:\Program Files (x86)\ActiveState Komodo Edit 10\;C:\WINDOWS\system32;C:\WINDOWS;C:\WINDOWS\System32\Wbem;C:\WINDOWS\System32\WindowsPowerShell\v1.0\;C:\WINDOWS\System32\OpenSSH\;C:\Program Files\Java\jdk-11.0.4\bin;C:\Program Files\Git\cmd;C:\Program Files\Java\jdk-11.0.4\bin;C:\Program Files\MongoDB\Server\4.2\bin;C:\xampp\php;C:\xampp\mysql\bin;C:\Users\Marcio\AppData\Local\Microsoft\WindowsApps;C:\Program Files\heroku\bin;C:\SpringBoot\sts-4.7.1.RELEASE;
USERNAME=Marcio
OS=Windows_NT
PROCESSOR_IDENTIFIER=Intel64 Family 6 Model 60 Stepping 3, GenuineIntel



---------------  S Y S T E M  ---------------

OS: Windows 10 , 64 bit Build 18362 (10.0.18362.959)

CPU:total 2 (initial active 2) (2 cores per cpu, 1 threads per core) family 6 model 60 stepping 3, cmov, cx8, fxsr, mmx, sse, sse2, sse3, ssse3, sse4.1, sse4.2, popcnt, clmul, erms, lzcnt, tsc, tscinvbit

Memory: 4k page, system-wide physical 8113M (1768M free)
TotalPageFile size 10361M (AvailPageFile size 1917M)
current process WorkingSet (physical memory assigned to process): 77M, peak: 77M
current process commit charge ("private bytes"): 213M, peak: 213M

vm_info: Java HotSpot(TM) 64-Bit Server VM (11.0.4+10-LTS) for windows-amd64 JRE (11.0.4+10-LTS), built on Jul  4 2019 16:28:13 by "mach5one" with MS VC++ 15.5 (VS2017)

END.
