#
# A fatal error has been detected by the Java Runtime Environment:
#
#  EXCEPTION_ACCESS_VIOLATION (0xc0000005) at pc=0x00007ffc7497e48d, pid=10796, tid=892
#
# JRE version: Java(TM) SE Runtime Environment (11.0.4+10) (build 11.0.4+10-LTS)
# Java VM: Java HotSpot(TM) 64-Bit Server VM (11.0.4+10-LTS, mixed mode, tiered, compressed oops, g1 gc, windows-amd64)
# Problematic frame:
# V  [jvm.dll+0x65e48d]
#
# No core dump will be written. Minidumps are not enabled by default on client versions of Windows
#
# If you would like to submit a bug report, please visit:
#   http://bugreport.java.com/bugreport/crash.jsp
#

---------------  S U M M A R Y ------------

Command Line: -Dcom.sun.management.jmxremote -Dcom.sun.management.jmxremote.port=55079 -Dcom.sun.management.jmxremote.authenticate=false -Dcom.sun.management.jmxremote.ssl=false -Djava.rmi.server.hostname=localhost -Dspring.jmx.enabled=true -Dspring.application.admin.enabled=true -Xverify:none -XX:TieredStopAtLevel=1 -Dspring.boot.project.name=spring-boot-ionic-backend -Dfile.encoding=UTF-8 com.marcio.cursomc.CursomcApplication --spring.output.ansi.enabled=always

Host: Intel(R) Celeron(R) CPU G1820 @ 2.70GHz, 2 cores, 7G,  Windows 10 , 64 bit Build 18362 (10.0.18362.959)
Time: Mon Aug  3 13:24:54 2020 Hora oficial do Brasil elapsed time: 251 seconds (0d 0h 4m 11s)

---------------  T H R E A D  ---------------

Current thread (0x00000266f2e6c000):  JavaThread "DestroyJavaVM" [_thread_in_vm, id=892, stack(0x000000d13c100000,0x000000d13c200000)]

Stack: [0x000000d13c100000,0x000000d13c200000],  sp=0x000000d13c1ff4f0,  free space=1021k
Native frames: (J=compiled Java code, j=interpreted, Vv=VM code, C=native code)
V  [jvm.dll+0x65e48d]
V  [jvm.dll+0x65ea3a]
V  [jvm.dll+0x373509]
V  [jvm.dll+0x733a23]
V  [jvm.dll+0x3d4b08]
C  [javaw.exe+0x367e]
C  [javaw.exe+0x17e2c]
C  [KERNEL32.DLL+0x17bd4]
C  [ntdll.dll+0x6ce51]


siginfo: EXCEPTION_ACCESS_VIOLATION (0xc0000005), reading address 0x0000000c00000013


Register to memory mapping:

RIP=0x00007ffc7497e48d jvm.dll
RAX=0x0000000000000001 is an unknown value
RBX=0x0000000c0000000b is an unknown value
RCX=0x00000266caed0000 points into unknown readable memory: 00 00 00 00 00 00 00 00
RDX=0x00000266caed0000 points into unknown readable memory: 00 00 00 00 00 00 00 00
RSP=0x000000d13c1ff4f0 points into unknown readable memory: cd 00 00 00 00 00 00 00
RBP=0x0 is NULL
RSI=0x0000000000000001 is an unknown value
RDI=0x00000266eca05380 points into unknown readable memory: 0b 00 00 00 0c 00 00 00
R8 =0x0000000000000003 is an unknown value
R9 =0x0000000000000001 is an unknown value
R10=0x0000000000008000 is an unknown value
R11=0x000000d13c1ff3f0 points into unknown readable memory: 00 00 00 00 00 00 00 00
R12=0x00000266cb128868 points into unknown readable memory: 70 7e 42 82 00 00 00 00
R13=0x00000266caef2bb0 points into unknown readable memory: 63 6f 6d 2e 6d 61 72 63
R14=0x00000266cb128858 points into unknown readable memory: 60 88 42 82 00 00 00 00
R15=0x00000266cb128850 points into unknown readable memory: 60 88 42 82 00 00 00 00


Registers:
RAX=0x0000000000000001, RBX=0x0000000c0000000b, RCX=0x00000266caed0000, RDX=0x00000266caed0000
RSP=0x000000d13c1ff4f0, RBP=0x0000000000000000, RSI=0x0000000000000001, RDI=0x00000266eca05380
R8 =0x0000000000000003, R9 =0x0000000000000001, R10=0x0000000000008000, R11=0x000000d13c1ff3f0
R12=0x00000266cb128868, R13=0x00000266caef2bb0, R14=0x00000266cb128858, R15=0x00000266cb128850
RIP=0x00007ffc7497e48d, EFLAGS=0x0000000000010202

Top of Stack: (sp=0x000000d13c1ff4f0)
0x000000d13c1ff4f0:   00000000000000cd 00007ffc00000000
0x000000d13c1ff500:   0000026600000000 0000000000000000
0x000000d13c1ff510:   00000266f2e6c000 00007ffc7497ea3a
0x000000d13c1ff520:   00000266cb125220 000000d13c1ff6d8
0x000000d13c1ff530:   0000000000000001 00000266f2e6c000
0x000000d13c1ff540:   00000266f0d49bd0 00007ffc74693509
0x000000d13c1ff550:   0000000000000000 000000d13c1ff6d8
0x000000d13c1ff560:   0000000000000000 0000026600000011
0x000000d13c1ff570:   00000266f2e6c000 00007ffc74a53a23
0x000000d13c1ff580:   00000266cb125220 00000266cb1244a0
0x000000d13c1ff590:   0000000000000001 000000d13c1ff6d8
0x000000d13c1ff5a0:   00000266f2e6c000 00000266cb128858
0x000000d13c1ff5b0:   000000000000000e 0000000000000000
0x000000d13c1ff5c0:   00000266f03c5500 00000266caefe380
0x000000d13c1ff5d0:   00000266f2e6c000 00000266f03c5500
0x000000d13c1ff5e0:   00000266caefe380 00000266caefe390 

Instructions: (pc=0x00007ffc7497e48d)
0x00007ffc7497e46d:   8b ce e8 ac b8 a5 ff 48 8b 3d d5 ef 40 00 48 8b
0x00007ffc7497e47d:   74 24 40 48 85 ff 74 39 48 8b 1f 48 85 db 74 29
0x00007ffc7497e48d:   48 83 7b 08 01 75 1a 48 8b 53 18 89 2b 48 85 d2
0x00007ffc7497e49d:   74 0f 39 6b 04 48 8b cb e8 e6 36 c9 ff 48 89 6b 


Stack slot to memory mapping:
stack at sp + 0 slots: 0x00000000000000cd is an unknown value
stack at sp + 1 slots: 0x00007ffc00000000 is an unknown value
stack at sp + 2 slots: 0x0000026600000000 is an unknown value
stack at sp + 3 slots: 0x0 is NULL
stack at sp + 4 slots: 0x00000266f2e6c000 points into unknown readable memory: 98 7d bf 74 fc 7f 00 00
stack at sp + 5 slots: 0x00007ffc7497ea3a jvm.dll
stack at sp + 6 slots: 0x00000266cb125220 points into unknown readable memory: 00 00 00 00 00 00 00 00
stack at sp + 7 slots: 0x000000d13c1ff6d8 points into unknown readable memory: 00 00 00 00 00 00 00 00


---------------  P R O C E S S  ---------------

Threads class SMR info:
_java_thread_list=0x00000266f0d49bd0, length=17, elements={
0x00000266eb813800, 0x00000266eb81d800, 0x00000266eb870800, 0x00000266eb874000,
0x00000266eb880000, 0x00000266eaf99800, 0x00000266eba91800, 0x00000266eca26000,
0x00000266eca97800, 0x00000266ecaf9000, 0x00000266ecbe7000, 0x00000266ecdcb000,
0x00000266ecddc800, 0x00000266eeda3000, 0x00000266f2e64800, 0x00000266f2e6a000,
0x00000266f2e71000
}

Java Threads: ( => current thread )
  0x00000266eb813800 JavaThread "Reference Handler" daemon [_thread_blocked, id=12196, stack(0x000000d13c800000,0x000000d13c900000)]
  0x00000266eb81d800 JavaThread "Finalizer" daemon [_thread_blocked, id=11556, stack(0x000000d13c900000,0x000000d13ca00000)]
  0x00000266eb870800 JavaThread "Attach Listener" daemon [_thread_blocked, id=1260, stack(0x000000d13cb00000,0x000000d13cc00000)]
  0x00000266eb874000 JavaThread "C1 CompilerThread0" daemon [_thread_blocked, id=3180, stack(0x000000d13cc00000,0x000000d13cd00000)]
  0x00000266eb880000 JavaThread "Sweeper thread" daemon [_thread_blocked, id=5008, stack(0x000000d13cd00000,0x000000d13ce00000)]
  0x00000266eaf99800 JavaThread "Common-Cleaner" daemon [_thread_blocked, id=9520, stack(0x000000d13ce00000,0x000000d13cf00000)]
  0x00000266eba91800 JavaThread "Service Thread" daemon [_thread_blocked, id=8024, stack(0x000000d13cf00000,0x000000d13d000000)]
  0x00000266eca26000 JavaThread "RMI TCP Accept-0" daemon [_thread_in_native, id=8504, stack(0x000000d13d200000,0x000000d13d300000)]
  0x00000266eca97800 JavaThread "RMI TCP Accept-55079" daemon [_thread_in_native, id=5944, stack(0x000000d13d300000,0x000000d13d400000)]
  0x00000266ecaf9000 JavaThread "RMI TCP Accept-0" daemon [_thread_in_native, id=1184, stack(0x000000d13d400000,0x000000d13d500000)]
  0x00000266ecbe7000 JavaThread "RMI Scheduler(0)" daemon [_thread_blocked, id=7344, stack(0x000000d13d700000,0x000000d13d800000)]
  0x00000266ecdcb000 JavaThread "RMI TCP Connection(13)-127.0.0.1" daemon [_thread_in_native, id=5924, stack(0x000000d13d800000,0x000000d13d900000)]
  0x00000266ecddc800 JavaThread "JMX server connection timeout 18" daemon [_thread_blocked, id=11960, stack(0x000000d13d900000,0x000000d13da00000)]
  0x00000266eeda3000 JavaThread "mysql-cj-abandoned-connection-cleanup" daemon [_thread_blocked, id=6700, stack(0x000000d13dc00000,0x000000d13dd00000)]
  0x00000266f2e64800 JavaThread "Live Reload Server" daemon [_thread_in_native, id=4264, stack(0x000000d13e600000,0x000000d13e700000)]
  0x00000266f2e6a000 JavaThread "RMI TCP Connection(14)-127.0.0.1" daemon [_thread_in_native, id=7580, stack(0x000000d13bf00000,0x000000d13c000000)]
  0x00000266f2e71000 JavaThread "JMX server connection timeout 271" daemon [_thread_blocked, id=5536, stack(0x000000d13c000000,0x000000d13c100000)]

Other Threads:
  0x00000266cb13c000 GCTaskThread "GC Thread#0" [stack: 0x000000d13c200000,0x000000d13c300000] [id=1312]
  0x00000266ebbe9800 GCTaskThread "GC Thread#1" [stack: 0x000000d13d000000,0x000000d13d100000] [id=10016]
  0x00000266cb16d800 ConcurrentGCThread "G1 Main Marker" [stack: 0x000000d13c300000,0x000000d13c400000] [id=9640]
  0x00000266cb16f800 ConcurrentGCThread "G1 Conc#0" [stack: 0x000000d13c400000,0x000000d13c500000] [id=8176]
  0x00000266eae46800 ConcurrentGCThread "G1 Refine#0" [stack: 0x000000d13c500000,0x000000d13c600000] [id=10596]
  0x00000266eae49800 ConcurrentGCThread "G1 Young RemSet Sampling" [stack: 0x000000d13c600000,0x000000d13c700000] [id=11104]

=>0x00000266f2e6c000 (exited) JavaThread "DestroyJavaVM" [_thread_in_vm, id=892, stack(0x000000d13c100000,0x000000d13c200000)]

Threads with active compile tasks:

VM state:at safepoint (shutting down)

VM Mutex/Monitor currently owned by a thread:  ([mutex/lock_event])
[0x00000266cb1244a0] Threads_lock - owner thread: 0x00000266eafdf000

Heap address: 0x0000000081200000, size: 2030 MB, Compressed Oops mode: 32-bit
Narrow klass base: 0x0000000000000000, Narrow klass shift: 3
Compressed class space size: 1073741824 Address: 0x0000000100000000

Heap:
 garbage-first heap   total 189440K, used 110193K [0x0000000081200000, 0x0000000100000000)
  region size 1024K, 69 young (70656K), 10 survivors (10240K)
 Metaspace       used 76401K, capacity 78424K, committed 78628K, reserved 1118208K
  class space    used 9985K, capacity 10769K, committed 10880K, reserved 1048576K
Heap Regions: E=young(eden), S=young(survivor), O=old, HS=humongous(starts), HC=humongous(continues), CS=collection set, F=free, A=archive, TAMS=top-at-mark-start (previous, next)
|   0|0x0000000081200000, 0x0000000081300000, 0x0000000081300000|100%|HS|  |TAMS 0x0000000081300000, 0x0000000081200000| Complete 
|   1|0x0000000081300000, 0x0000000081400000, 0x0000000081400000|100%| O|  |TAMS 0x0000000081400000, 0x0000000081300000| Untracked 
|   2|0x0000000081400000, 0x0000000081500000, 0x0000000081500000|100%| O|  |TAMS 0x0000000081500000, 0x0000000081400000| Untracked 
|   3|0x0000000081500000, 0x0000000081600000, 0x0000000081600000|100%| O|  |TAMS 0x0000000081600000, 0x0000000081500000| Untracked 
|   4|0x0000000081600000, 0x0000000081700000, 0x0000000081700000|100%| O|  |TAMS 0x0000000081700000, 0x0000000081600000| Untracked 
|   5|0x0000000081700000, 0x0000000081800000, 0x0000000081800000|100%| O|  |TAMS 0x0000000081800000, 0x0000000081700000| Untracked 
|   6|0x0000000081800000, 0x0000000081900000, 0x0000000081900000|100%| O|  |TAMS 0x0000000081900000, 0x0000000081800000| Untracked 
|   7|0x0000000081900000, 0x0000000081a00000, 0x0000000081a00000|100%| O|  |TAMS 0x0000000081a00000, 0x0000000081900000| Untracked 
|   8|0x0000000081a00000, 0x0000000081b00000, 0x0000000081b00000|100%| O|  |TAMS 0x0000000081b00000, 0x0000000081a00000| Untracked 
|   9|0x0000000081b00000, 0x0000000081c00000, 0x0000000081c00000|100%| O|  |TAMS 0x0000000081c00000, 0x0000000081b00000| Untracked 
|  10|0x0000000081c00000, 0x0000000081d00000, 0x0000000081d00000|100%| O|  |TAMS 0x0000000081d00000, 0x0000000081c00000| Untracked 
|  11|0x0000000081d00000, 0x0000000081e00000, 0x0000000081e00000|100%| O|  |TAMS 0x0000000081e00000, 0x0000000081d00000| Untracked 
|  12|0x0000000081e00000, 0x0000000081f00000, 0x0000000081f00000|100%| O|  |TAMS 0x0000000081f00000, 0x0000000081e00000| Untracked 
|  13|0x0000000081f00000, 0x0000000082000000, 0x0000000082000000|100%| O|  |TAMS 0x0000000082000000, 0x0000000081f00000| Untracked 
|  14|0x0000000082000000, 0x0000000082100000, 0x0000000082100000|100%| O|  |TAMS 0x0000000082100000, 0x0000000082000000| Untracked 
|  15|0x0000000082100000, 0x0000000082200000, 0x0000000082200000|100%| O|  |TAMS 0x0000000082200000, 0x0000000082100000| Untracked 
|  16|0x0000000082200000, 0x0000000082300000, 0x0000000082300000|100%| O|  |TAMS 0x0000000082300000, 0x0000000082200000| Untracked 
|  17|0x0000000082300000, 0x0000000082400000, 0x0000000082400000|100%| O|  |TAMS 0x0000000082400000, 0x0000000082300000| Untracked 
|  18|0x0000000082400000, 0x0000000082500000, 0x0000000082500000|100%| O|  |TAMS 0x0000000082500000, 0x0000000082400000| Untracked 
|  19|0x0000000082500000, 0x0000000082600000, 0x0000000082600000|100%| O|  |TAMS 0x0000000082600000, 0x0000000082500000| Untracked 
|  20|0x0000000082600000, 0x0000000082700000, 0x0000000082700000|100%| O|  |TAMS 0x0000000082700000, 0x0000000082600000| Untracked 
|  21|0x0000000082700000, 0x0000000082800000, 0x0000000082800000|100%| O|  |TAMS 0x0000000082800000, 0x0000000082700000| Untracked 
|  22|0x0000000082800000, 0x0000000082900000, 0x0000000082900000|100%| O|  |TAMS 0x0000000082900000, 0x0000000082800000| Untracked 
|  23|0x0000000082900000, 0x0000000082a00000, 0x0000000082a00000|100%| O|  |TAMS 0x0000000082a00000, 0x0000000082900000| Untracked 
|  24|0x0000000082a00000, 0x0000000082b00000, 0x0000000082b00000|100%|HS|  |TAMS 0x0000000082b00000, 0x0000000082a00000| Complete 
|  25|0x0000000082b00000, 0x0000000082c00000, 0x0000000082c00000|100%|HC|  |TAMS 0x0000000082c00000, 0x0000000082b00000| Complete 
|  26|0x0000000082c00000, 0x0000000082d00000, 0x0000000082d00000|100%| O|  |TAMS 0x0000000082d00000, 0x0000000082c00000| Untracked 
|  27|0x0000000082d00000, 0x0000000082e00000, 0x0000000082e00000|100%| O|  |TAMS 0x0000000082e00000, 0x0000000082d00000| Untracked 
|  28|0x0000000082e00000, 0x0000000082f00000, 0x0000000082f00000|100%| O|  |TAMS 0x0000000082f00000, 0x0000000082e00000| Untracked 
|  29|0x0000000082f00000, 0x0000000083000000, 0x0000000083000000|100%| O|  |TAMS 0x0000000083000000, 0x0000000082f00000| Untracked 
|  30|0x0000000083000000, 0x0000000083100000, 0x0000000083100000|100%| O|  |TAMS 0x0000000083100000, 0x0000000083000000| Untracked 
|  31|0x0000000083100000, 0x0000000083200000, 0x0000000083200000|100%| O|  |TAMS 0x00000000831e3200, 0x0000000083100000| Untracked 
|  32|0x0000000083200000, 0x0000000083300000, 0x0000000083300000|100%| O|  |TAMS 0x0000000083200000, 0x0000000083200000| Untracked 
|  33|0x0000000083300000, 0x0000000083400000, 0x0000000083400000|100%| O|  |TAMS 0x0000000083300000, 0x0000000083300000| Untracked 
|  34|0x0000000083400000, 0x0000000083500000, 0x0000000083500000|100%| O|  |TAMS 0x0000000083400000, 0x0000000083400000| Untracked 
|  35|0x0000000083500000, 0x0000000083600000, 0x0000000083600000|100%| O|  |TAMS 0x0000000083500000, 0x0000000083500000| Untracked 
|  36|0x0000000083600000, 0x0000000083700000, 0x0000000083700000|100%| O|  |TAMS 0x0000000083600000, 0x0000000083600000| Untracked 
|  37|0x0000000083700000, 0x0000000083800000, 0x0000000083800000|100%| O|  |TAMS 0x0000000083700000, 0x0000000083700000| Untracked 
|  38|0x0000000083800000, 0x000000008389c600, 0x0000000083900000| 61%| O|  |TAMS 0x0000000083800000, 0x0000000083800000| Untracked 
|  39|0x0000000083900000, 0x0000000083a00000, 0x0000000083a00000|100%|HS|  |TAMS 0x0000000083900000, 0x0000000083900000| Complete 
|  40|0x0000000083a00000, 0x0000000083b00000, 0x0000000083b00000|100%|HC|  |TAMS 0x0000000083a00000, 0x0000000083a00000| Complete 
|  41|0x0000000083b00000, 0x0000000083b00000, 0x0000000083c00000|  0%| F|  |TAMS 0x0000000083b00000, 0x0000000083b00000| Untracked 
|  42|0x0000000083c00000, 0x0000000083c00000, 0x0000000083d00000|  0%| F|  |TAMS 0x0000000083c00000, 0x0000000083c00000| Untracked 
|  43|0x0000000083d00000, 0x0000000083d00000, 0x0000000083e00000|  0%| F|  |TAMS 0x0000000083d00000, 0x0000000083d00000| Untracked 
|  44|0x0000000083e00000, 0x0000000083e00000, 0x0000000083f00000|  0%| F|  |TAMS 0x0000000083e00000, 0x0000000083e00000| Untracked 
|  45|0x0000000083f00000, 0x0000000083f00000, 0x0000000084000000|  0%| F|  |TAMS 0x0000000083f00000, 0x0000000083f00000| Untracked 
|  46|0x0000000084000000, 0x0000000084000000, 0x0000000084100000|  0%| F|  |TAMS 0x0000000084000000, 0x0000000084000000| Untracked 
|  47|0x0000000084100000, 0x0000000084100000, 0x0000000084200000|  0%| F|  |TAMS 0x0000000084100000, 0x0000000084100000| Untracked 
|  48|0x0000000084200000, 0x0000000084200000, 0x0000000084300000|  0%| F|  |TAMS 0x0000000084200000, 0x0000000084200000| Untracked 
|  49|0x0000000084300000, 0x0000000084300000, 0x0000000084400000|  0%| F|  |TAMS 0x0000000084300000, 0x0000000084300000| Untracked 
|  50|0x0000000084400000, 0x0000000084400000, 0x0000000084500000|  0%| F|  |TAMS 0x0000000084400000, 0x0000000084400000| Untracked 
|  51|0x0000000084500000, 0x0000000084500000, 0x0000000084600000|  0%| F|  |TAMS 0x0000000084500000, 0x0000000084500000| Untracked 
|  52|0x0000000084600000, 0x0000000084600000, 0x0000000084700000|  0%| F|  |TAMS 0x0000000084600000, 0x0000000084600000| Untracked 
|  53|0x0000000084700000, 0x0000000084700000, 0x0000000084800000|  0%| F|  |TAMS 0x0000000084700000, 0x0000000084700000| Untracked 
|  54|0x0000000084800000, 0x0000000084800000, 0x0000000084900000|  0%| F|  |TAMS 0x0000000084800000, 0x0000000084800000| Untracked 
|  55|0x0000000084900000, 0x0000000084900000, 0x0000000084a00000|  0%| F|  |TAMS 0x0000000084900000, 0x0000000084900000| Untracked 
|  56|0x0000000084a00000, 0x0000000084a00000, 0x0000000084b00000|  0%| F|  |TAMS 0x0000000084a00000, 0x0000000084a00000| Untracked 
|  57|0x0000000084b00000, 0x0000000084b00000, 0x0000000084c00000|  0%| F|  |TAMS 0x0000000084b00000, 0x0000000084b00000| Untracked 
|  58|0x0000000084c00000, 0x0000000084c00000, 0x0000000084d00000|  0%| F|  |TAMS 0x0000000084c00000, 0x0000000084c00000| Untracked 
|  59|0x0000000084d00000, 0x0000000084d00000, 0x0000000084e00000|  0%| F|  |TAMS 0x0000000084d00000, 0x0000000084d00000| Untracked 
|  60|0x0000000084e00000, 0x0000000084e00000, 0x0000000084f00000|  0%| F|  |TAMS 0x0000000084e00000, 0x0000000084e00000| Untracked 
|  61|0x0000000084f00000, 0x0000000084f00000, 0x0000000085000000|  0%| F|  |TAMS 0x0000000084f00000, 0x0000000084f00000| Untracked 
|  62|0x0000000085000000, 0x0000000085000000, 0x0000000085100000|  0%| F|  |TAMS 0x0000000085000000, 0x0000000085000000| Untracked 
|  63|0x0000000085100000, 0x0000000085100000, 0x0000000085200000|  0%| F|  |TAMS 0x0000000085100000, 0x0000000085100000| Untracked 
|  64|0x0000000085200000, 0x0000000085300000, 0x0000000085300000|100%| S|CS|TAMS 0x0000000085200000, 0x0000000085200000| Complete 
|  65|0x0000000085300000, 0x0000000085300000, 0x0000000085400000|  0%| F|  |TAMS 0x0000000085300000, 0x0000000085300000| Untracked 
|  66|0x0000000085400000, 0x0000000085400000, 0x0000000085500000|  0%| F|  |TAMS 0x0000000085400000, 0x0000000085400000| Untracked 
|  67|0x0000000085500000, 0x0000000085500000, 0x0000000085600000|  0%| F|  |TAMS 0x0000000085500000, 0x0000000085500000| Untracked 
|  68|0x0000000085600000, 0x0000000085600000, 0x0000000085700000|  0%| F|  |TAMS 0x0000000085600000, 0x0000000085600000| Untracked 
|  69|0x0000000085700000, 0x0000000085700000, 0x0000000085800000|  0%| F|  |TAMS 0x0000000085700000, 0x0000000085700000| Untracked 
|  70|0x0000000085800000, 0x0000000085800000, 0x0000000085900000|  0%| F|  |TAMS 0x0000000085800000, 0x0000000085800000| Untracked 
|  71|0x0000000085900000, 0x0000000085900000, 0x0000000085a00000|  0%| F|  |TAMS 0x0000000085900000, 0x0000000085900000| Untracked 
|  72|0x0000000085a00000, 0x0000000085a00000, 0x0000000085b00000|  0%| F|  |TAMS 0x0000000085a00000, 0x0000000085a00000| Untracked 
|  73|0x0000000085b00000, 0x0000000085b00000, 0x0000000085c00000|  0%| F|  |TAMS 0x0000000085b00000, 0x0000000085b00000| Untracked 
|  74|0x0000000085c00000, 0x0000000085c00000, 0x0000000085d00000|  0%| F|  |TAMS 0x0000000085c00000, 0x0000000085c00000| Untracked 
|  75|0x0000000085d00000, 0x0000000085e00000, 0x0000000085e00000|100%| S|CS|TAMS 0x0000000085d00000, 0x0000000085d00000| Complete 
|  76|0x0000000085e00000, 0x0000000085f00000, 0x0000000085f00000|100%| S|CS|TAMS 0x0000000085e00000, 0x0000000085e00000| Complete 
|  77|0x0000000085f00000, 0x0000000086000000, 0x0000000086000000|100%| S|CS|TAMS 0x0000000085f00000, 0x0000000085f00000| Complete 
|  78|0x0000000086000000, 0x0000000086100000, 0x0000000086100000|100%| S|CS|TAMS 0x0000000086000000, 0x0000000086000000| Complete 
|  79|0x0000000086100000, 0x0000000086200000, 0x0000000086200000|100%| S|CS|TAMS 0x0000000086100000, 0x0000000086100000| Complete 
|  80|0x0000000086200000, 0x0000000086300000, 0x0000000086300000|100%| S|CS|TAMS 0x0000000086200000, 0x0000000086200000| Complete 
|  81|0x0000000086300000, 0x0000000086400000, 0x0000000086400000|100%| S|CS|TAMS 0x0000000086300000, 0x0000000086300000| Complete 
|  82|0x0000000086400000, 0x0000000086500000, 0x0000000086500000|100%| S|CS|TAMS 0x0000000086400000, 0x0000000086400000| Complete 
|  83|0x0000000086500000, 0x0000000086600000, 0x0000000086600000|100%| S|CS|TAMS 0x0000000086500000, 0x0000000086500000| Complete 
|  84|0x0000000086600000, 0x0000000086600000, 0x0000000086700000|  0%| F|  |TAMS 0x0000000086600000, 0x0000000086600000| Untracked 
|  85|0x0000000086700000, 0x0000000086700000, 0x0000000086800000|  0%| F|  |TAMS 0x0000000086700000, 0x0000000086700000| Untracked 
|  86|0x0000000086800000, 0x0000000086800000, 0x0000000086900000|  0%| F|  |TAMS 0x0000000086800000, 0x0000000086800000| Untracked 
|  87|0x0000000086900000, 0x0000000086900000, 0x0000000086a00000|  0%| F|  |TAMS 0x0000000086900000, 0x0000000086900000| Untracked 
|  88|0x0000000086a00000, 0x0000000086a00000, 0x0000000086b00000|  0%| F|  |TAMS 0x0000000086a00000, 0x0000000086a00000| Untracked 
|  89|0x0000000086b00000, 0x0000000086b00000, 0x0000000086c00000|  0%| F|  |TAMS 0x0000000086b00000, 0x0000000086b00000| Untracked 
|  90|0x0000000086c00000, 0x0000000086c00000, 0x0000000086d00000|  0%| F|  |TAMS 0x0000000086c00000, 0x0000000086c00000| Untracked 
|  91|0x0000000086d00000, 0x0000000086d00000, 0x0000000086e00000|  0%| F|  |TAMS 0x0000000086d00000, 0x0000000086d00000| Untracked 
|  92|0x0000000086e00000, 0x0000000086e00000, 0x0000000086f00000|  0%| F|  |TAMS 0x0000000086e00000, 0x0000000086e00000| Untracked 
|  93|0x0000000086f00000, 0x0000000086f00000, 0x0000000087000000|  0%| F|  |TAMS 0x0000000086f00000, 0x0000000086f00000| Untracked 
|  94|0x0000000087000000, 0x0000000087000000, 0x0000000087100000|  0%| F|  |TAMS 0x0000000087000000, 0x0000000087000000| Untracked 
|  95|0x0000000087100000, 0x0000000087100000, 0x0000000087200000|  0%| F|  |TAMS 0x0000000087100000, 0x0000000087100000| Untracked 
|  96|0x0000000087200000, 0x0000000087200000, 0x0000000087300000|  0%| F|  |TAMS 0x0000000087200000, 0x0000000087200000| Untracked 
|  97|0x0000000087300000, 0x0000000087300000, 0x0000000087400000|  0%| F|  |TAMS 0x0000000087300000, 0x0000000087300000| Untracked 
|  98|0x0000000087400000, 0x0000000087400000, 0x0000000087500000|  0%| F|  |TAMS 0x0000000087400000, 0x0000000087400000| Untracked 
|  99|0x0000000087500000, 0x0000000087500000, 0x0000000087600000|  0%| F|  |TAMS 0x0000000087500000, 0x0000000087500000| Untracked 
| 100|0x0000000087600000, 0x0000000087600000, 0x0000000087700000|  0%| F|  |TAMS 0x0000000087600000, 0x0000000087600000| Untracked 
| 101|0x0000000087700000, 0x0000000087700000, 0x0000000087800000|  0%| F|  |TAMS 0x0000000087700000, 0x0000000087700000| Untracked 
| 102|0x0000000087800000, 0x0000000087800000, 0x0000000087900000|  0%| F|  |TAMS 0x0000000087800000, 0x0000000087800000| Untracked 
| 103|0x0000000087900000, 0x0000000087900000, 0x0000000087a00000|  0%| F|  |TAMS 0x0000000087900000, 0x0000000087900000| Untracked 
| 104|0x0000000087a00000, 0x0000000087a00000, 0x0000000087b00000|  0%| F|  |TAMS 0x0000000087a00000, 0x0000000087a00000| Untracked 
| 105|0x0000000087b00000, 0x0000000087b00000, 0x0000000087c00000|  0%| F|  |TAMS 0x0000000087b00000, 0x0000000087b00000| Untracked 
| 106|0x0000000087c00000, 0x0000000087c00000, 0x0000000087d00000|  0%| F|  |TAMS 0x0000000087c00000, 0x0000000087c00000| Untracked 
| 107|0x0000000087d00000, 0x0000000087d00000, 0x0000000087e00000|  0%| F|  |TAMS 0x0000000087d00000, 0x0000000087d00000| Untracked 
| 108|0x0000000087e00000, 0x0000000087e00000, 0x0000000087f00000|  0%| F|  |TAMS 0x0000000087e00000, 0x0000000087e00000| Untracked 
| 109|0x0000000087f00000, 0x0000000087f00000, 0x0000000088000000|  0%| F|  |TAMS 0x0000000087f00000, 0x0000000087f00000| Untracked 
| 110|0x0000000088000000, 0x0000000088000000, 0x0000000088100000|  0%| F|  |TAMS 0x0000000088000000, 0x0000000088000000| Untracked 
| 111|0x0000000088100000, 0x0000000088100000, 0x0000000088200000|  0%| F|  |TAMS 0x0000000088100000, 0x0000000088100000| Untracked 
| 112|0x0000000088200000, 0x0000000088200000, 0x0000000088300000|  0%| F|  |TAMS 0x0000000088200000, 0x0000000088200000| Untracked 
| 113|0x0000000088300000, 0x0000000088300000, 0x0000000088400000|  0%| F|  |TAMS 0x0000000088300000, 0x0000000088300000| Untracked 
| 114|0x0000000088400000, 0x0000000088400000, 0x0000000088500000|  0%| F|  |TAMS 0x0000000088400000, 0x0000000088400000| Untracked 
| 115|0x0000000088500000, 0x0000000088500000, 0x0000000088600000|  0%| F|  |TAMS 0x0000000088500000, 0x0000000088500000| Untracked 
| 116|0x0000000088600000, 0x0000000088600000, 0x0000000088700000|  0%| F|  |TAMS 0x0000000088600000, 0x0000000088600000| Untracked 
| 117|0x0000000088700000, 0x0000000088700000, 0x0000000088800000|  0%| F|  |TAMS 0x0000000088700000, 0x0000000088700000| Untracked 
| 118|0x0000000088800000, 0x0000000088800000, 0x0000000088900000|  0%| F|  |TAMS 0x0000000088800000, 0x0000000088800000| Untracked 
| 119|0x0000000088900000, 0x0000000088900000, 0x0000000088a00000|  0%| F|  |TAMS 0x0000000088900000, 0x0000000088900000| Untracked 
| 120|0x0000000088a00000, 0x0000000088a00000, 0x0000000088b00000|  0%| F|  |TAMS 0x0000000088a00000, 0x0000000088a00000| Untracked 
| 121|0x0000000088b00000, 0x0000000088b00000, 0x0000000088c00000|  0%| F|  |TAMS 0x0000000088b00000, 0x0000000088b00000| Untracked 
| 122|0x0000000088c00000, 0x0000000088c00000, 0x0000000088d00000|  0%| F|  |TAMS 0x0000000088c00000, 0x0000000088c00000| Untracked 
| 123|0x0000000088d00000, 0x0000000088d00000, 0x0000000088e00000|  0%| F|  |TAMS 0x0000000088d00000, 0x0000000088d00000| Untracked 
| 124|0x0000000088e00000, 0x0000000088e00000, 0x0000000088f00000|  0%| F|  |TAMS 0x0000000088e00000, 0x0000000088e00000| Untracked 
| 125|0x0000000088f00000, 0x0000000088f00000, 0x0000000089000000|  0%| F|  |TAMS 0x0000000088f00000, 0x0000000088f00000| Untracked 
| 126|0x0000000089000000, 0x000000008907cbb0, 0x0000000089100000| 48%| E|  |TAMS 0x0000000089000000, 0x0000000089000000| Complete 
| 127|0x0000000089100000, 0x0000000089200000, 0x0000000089200000|100%| E|CS|TAMS 0x0000000089100000, 0x0000000089100000| Complete 
| 128|0x0000000089200000, 0x0000000089300000, 0x0000000089300000|100%| E|  |TAMS 0x0000000089200000, 0x0000000089200000| Complete 
| 129|0x0000000089300000, 0x0000000089400000, 0x0000000089400000|100%| E|CS|TAMS 0x0000000089300000, 0x0000000089300000| Complete 
| 130|0x0000000089400000, 0x0000000089500000, 0x0000000089500000|100%| E|CS|TAMS 0x0000000089400000, 0x0000000089400000| Complete 
| 131|0x0000000089500000, 0x0000000089600000, 0x0000000089600000|100%| E|CS|TAMS 0x0000000089500000, 0x0000000089500000| Complete 
| 132|0x0000000089600000, 0x0000000089700000, 0x0000000089700000|100%| E|CS|TAMS 0x0000000089600000, 0x0000000089600000| Complete 
| 133|0x0000000089700000, 0x0000000089800000, 0x0000000089800000|100%| E|CS|TAMS 0x0000000089700000, 0x0000000089700000| Complete 
| 134|0x0000000089800000, 0x0000000089900000, 0x0000000089900000|100%| E|CS|TAMS 0x0000000089800000, 0x0000000089800000| Complete 
| 135|0x0000000089900000, 0x0000000089a00000, 0x0000000089a00000|100%| E|CS|TAMS 0x0000000089900000, 0x0000000089900000| Complete 
| 136|0x0000000089a00000, 0x0000000089b00000, 0x0000000089b00000|100%| E|CS|TAMS 0x0000000089a00000, 0x0000000089a00000| Complete 
| 137|0x0000000089b00000, 0x0000000089c00000, 0x0000000089c00000|100%| E|CS|TAMS 0x0000000089b00000, 0x0000000089b00000| Complete 
| 138|0x0000000089c00000, 0x0000000089d00000, 0x0000000089d00000|100%| E|CS|TAMS 0x0000000089c00000, 0x0000000089c00000| Complete 
| 139|0x0000000089d00000, 0x0000000089e00000, 0x0000000089e00000|100%| E|CS|TAMS 0x0000000089d00000, 0x0000000089d00000| Complete 
| 140|0x0000000089e00000, 0x0000000089f00000, 0x0000000089f00000|100%| E|CS|TAMS 0x0000000089e00000, 0x0000000089e00000| Complete 
| 141|0x0000000089f00000, 0x000000008a000000, 0x000000008a000000|100%| E|CS|TAMS 0x0000000089f00000, 0x0000000089f00000| Complete 
| 142|0x000000008a000000, 0x000000008a100000, 0x000000008a100000|100%| E|CS|TAMS 0x000000008a000000, 0x000000008a000000| Complete 
| 143|0x000000008a100000, 0x000000008a200000, 0x000000008a200000|100%| E|CS|TAMS 0x000000008a100000, 0x000000008a100000| Complete 
| 144|0x000000008a200000, 0x000000008a300000, 0x000000008a300000|100%| E|CS|TAMS 0x000000008a200000, 0x000000008a200000| Complete 
| 145|0x000000008a300000, 0x000000008a400000, 0x000000008a400000|100%| E|CS|TAMS 0x000000008a300000, 0x000000008a300000| Complete 
| 146|0x000000008a400000, 0x000000008a500000, 0x000000008a500000|100%| E|CS|TAMS 0x000000008a400000, 0x000000008a400000| Complete 
| 147|0x000000008a500000, 0x000000008a600000, 0x000000008a600000|100%| E|CS|TAMS 0x000000008a500000, 0x000000008a500000| Complete 
| 148|0x000000008a600000, 0x000000008a700000, 0x000000008a700000|100%| E|CS|TAMS 0x000000008a600000, 0x000000008a600000| Complete 
| 149|0x000000008a700000, 0x000000008a800000, 0x000000008a800000|100%| E|CS|TAMS 0x000000008a700000, 0x000000008a700000| Complete 
| 150|0x000000008a800000, 0x000000008a900000, 0x000000008a900000|100%| E|CS|TAMS 0x000000008a800000, 0x000000008a800000| Complete 
| 151|0x000000008a900000, 0x000000008aa00000, 0x000000008aa00000|100%| E|CS|TAMS 0x000000008a900000, 0x000000008a900000| Complete 
| 152|0x000000008aa00000, 0x000000008ab00000, 0x000000008ab00000|100%| E|CS|TAMS 0x000000008aa00000, 0x000000008aa00000| Complete 
| 153|0x000000008ab00000, 0x000000008ac00000, 0x000000008ac00000|100%| E|CS|TAMS 0x000000008ab00000, 0x000000008ab00000| Complete 
| 154|0x000000008ac00000, 0x000000008ad00000, 0x000000008ad00000|100%| E|CS|TAMS 0x000000008ac00000, 0x000000008ac00000| Complete 
| 155|0x000000008ad00000, 0x000000008ae00000, 0x000000008ae00000|100%| E|CS|TAMS 0x000000008ad00000, 0x000000008ad00000| Complete 
| 156|0x000000008ae00000, 0x000000008af00000, 0x000000008af00000|100%| E|CS|TAMS 0x000000008ae00000, 0x000000008ae00000| Complete 
| 157|0x000000008af00000, 0x000000008b000000, 0x000000008b000000|100%| E|CS|TAMS 0x000000008af00000, 0x000000008af00000| Complete 
| 158|0x000000008b000000, 0x000000008b100000, 0x000000008b100000|100%| E|CS|TAMS 0x000000008b000000, 0x000000008b000000| Complete 
| 159|0x000000008b100000, 0x000000008b200000, 0x000000008b200000|100%| E|CS|TAMS 0x000000008b100000, 0x000000008b100000| Complete 
| 160|0x000000008b200000, 0x000000008b300000, 0x000000008b300000|100%| E|CS|TAMS 0x000000008b200000, 0x000000008b200000| Complete 
| 161|0x000000008b300000, 0x000000008b400000, 0x000000008b400000|100%| E|CS|TAMS 0x000000008b300000, 0x000000008b300000| Complete 
| 162|0x000000008b400000, 0x000000008b500000, 0x000000008b500000|100%| E|CS|TAMS 0x000000008b400000, 0x000000008b400000| Complete 
| 163|0x000000008b500000, 0x000000008b600000, 0x000000008b600000|100%| E|CS|TAMS 0x000000008b500000, 0x000000008b500000| Complete 
| 164|0x000000008b600000, 0x000000008b700000, 0x000000008b700000|100%| E|CS|TAMS 0x000000008b600000, 0x000000008b600000| Complete 
| 165|0x000000008b700000, 0x000000008b800000, 0x000000008b800000|100%| E|CS|TAMS 0x000000008b700000, 0x000000008b700000| Complete 
| 166|0x000000008b800000, 0x000000008b900000, 0x000000008b900000|100%| E|CS|TAMS 0x000000008b800000, 0x000000008b800000| Complete 
| 167|0x000000008b900000, 0x000000008ba00000, 0x000000008ba00000|100%| E|CS|TAMS 0x000000008b900000, 0x000000008b900000| Complete 
| 168|0x000000008ba00000, 0x000000008bb00000, 0x000000008bb00000|100%| E|CS|TAMS 0x000000008ba00000, 0x000000008ba00000| Complete 
| 169|0x000000008bb00000, 0x000000008bc00000, 0x000000008bc00000|100%| E|CS|TAMS 0x000000008bb00000, 0x000000008bb00000| Complete 
| 170|0x000000008bc00000, 0x000000008bd00000, 0x000000008bd00000|100%| E|CS|TAMS 0x000000008bc00000, 0x000000008bc00000| Complete 
| 171|0x000000008bd00000, 0x000000008be00000, 0x000000008be00000|100%| E|CS|TAMS 0x000000008bd00000, 0x000000008bd00000| Complete 
| 172|0x000000008be00000, 0x000000008bf00000, 0x000000008bf00000|100%| E|CS|TAMS 0x000000008be00000, 0x000000008be00000| Complete 
| 173|0x000000008bf00000, 0x000000008c000000, 0x000000008c000000|100%| E|CS|TAMS 0x000000008bf00000, 0x000000008bf00000| Complete 
| 174|0x000000008c000000, 0x000000008c100000, 0x000000008c100000|100%| E|CS|TAMS 0x000000008c000000, 0x000000008c000000| Complete 
| 175|0x000000008c100000, 0x000000008c200000, 0x000000008c200000|100%| E|CS|TAMS 0x000000008c100000, 0x000000008c100000| Complete 
| 176|0x000000008c200000, 0x000000008c300000, 0x000000008c300000|100%| E|CS|TAMS 0x000000008c200000, 0x000000008c200000| Complete 
| 177|0x000000008c300000, 0x000000008c400000, 0x000000008c400000|100%| E|CS|TAMS 0x000000008c300000, 0x000000008c300000| Complete 
| 178|0x000000008c400000, 0x000000008c500000, 0x000000008c500000|100%| E|CS|TAMS 0x000000008c400000, 0x000000008c400000| Complete 
| 179|0x000000008c500000, 0x000000008c600000, 0x000000008c600000|100%| E|CS|TAMS 0x000000008c500000, 0x000000008c500000| Complete 
| 180|0x000000008c600000, 0x000000008c700000, 0x000000008c700000|100%| E|CS|TAMS 0x000000008c600000, 0x000000008c600000| Complete 
| 181|0x000000008c700000, 0x000000008c800000, 0x000000008c800000|100%| E|CS|TAMS 0x000000008c700000, 0x000000008c700000| Complete 
| 182|0x000000008c800000, 0x000000008c900000, 0x000000008c900000|100%| E|CS|TAMS 0x000000008c800000, 0x000000008c800000| Complete 
| 183|0x000000008c900000, 0x000000008ca00000, 0x000000008ca00000|100%| E|CS|TAMS 0x000000008c900000, 0x000000008c900000| Complete 
| 184|0x000000008ca00000, 0x000000008cb00000, 0x000000008cb00000|100%| E|CS|TAMS 0x000000008ca00000, 0x000000008ca00000| Complete 

Card table byte_map: [0x00000266e4400000,0x00000266e4800000] _byte_map_base: 0x00000266e3ff7000

Marking Bits (Prev, Next): (CMBitMap*) 0x00000266cb164ef0, (CMBitMap*) 0x00000266cb164eb8
 Prev Bits: [0x00000266e6bc0000, 0x00000266e8b78000)
 Next Bits: [0x00000266e4c00000, 0x00000266e6bb8000)

Polling page: 0x00000266caeb0000

Metaspace:

Usage:
  Non-class:     66.07 MB capacity,    64.86 MB ( 98%) used,   997.71 KB (  1%) free+waste,   240.69 KB ( <1%) overhead. 
      Class:     10.52 MB capacity,     9.75 MB ( 93%) used,   668.44 KB (  6%) free+waste,   115.19 KB (  1%) overhead. 
       Both:     76.59 MB capacity,    74.61 MB ( 97%) used,     1.63 MB (  2%) free+waste,   355.88 KB ( <1%) overhead. 

Virtual space:
  Non-class space:       68.00 MB reserved,      66.16 MB ( 97%) committed 
      Class space:        1.00 GB reserved,      10.63 MB (  1%) committed 
             Both:        1.07 GB reserved,      76.79 MB (  7%) committed 

Chunk freelists:
   Non-Class:  3.63 KB
       Class:  1.88 KB
        Both:  5.50 KB

CodeHeap 'non-profiled nmethods': size=239488Kb used=13386Kb max_used=13386Kb free=226101Kb
 bounds [0x00000266d5220000, 0x00000266d5f40000, 0x00000266e3c00000]
CodeHeap 'non-nmethods': size=6272Kb used=1288Kb max_used=1852Kb free=4983Kb
 bounds [0x00000266d4c00000, 0x00000266d4e70000, 0x00000266d5220000]
 total_blobs=8770 nmethods=8010 adapters=621
 compilation: enabled
              stopped_count=0, restarted_count=0
 full_count=0

Compilation events (10 events):
Event: 251.136 Thread 0x00000266eb874000 8056   !   1       org.h2.mvstore.db.MVTable::unlock (169 bytes)
Event: 251.136 Thread 0x00000266eb874000 nmethod 8056 0x00000266d5f30c10 code [0x00000266d5f30e00, 0x00000266d5f312a0]
Event: 251.137 Thread 0x00000266eb874000 8057       1       org.h2.mvstore.db.MVTableEngine$Store::getMvStore (5 bytes)
Event: 251.137 Thread 0x00000266eb874000 nmethod 8057 0x00000266d5f31490 code [0x00000266d5f31640, 0x00000266d5f31758]
Event: 251.137 Thread 0x00000266eb874000 8058   !   1       org.h2.mvstore.MVStore::isClosed (59 bytes)
Event: 251.138 Thread 0x00000266eb874000 nmethod 8058 0x00000266d5f31810 code [0x00000266d5f31a00, 0x00000266d5f31c70]
Event: 251.138 Thread 0x00000266eb874000 8059       1       org.h2.mvstore.DataUtils::copyExcept (36 bytes)
Event: 251.139 Thread 0x00000266eb874000 nmethod 8059 0x00000266d5f31e90 code [0x00000266d5f32060, 0x00000266d5f32300]
Event: 251.139 Thread 0x00000266eb874000 8060       1       org.h2.mvstore.MVMap::getMapRootKey (23 bytes)
Event: 251.139 Thread 0x00000266eb874000 nmethod 8060 0x00000266d5f32390 code [0x00000266d5f32580, 0x00000266d5f328e0]

GC Heap History (10 events):
Event: 22.823 GC heap before
{Heap before GC invocations=14 (full 0):
 garbage-first heap   total 157696K, used 119296K [0x0000000081200000, 0x0000000100000000)
  region size 1024K, 92 young (94208K), 7 survivors (7168K)
 Metaspace       used 42841K, capacity 44198K, committed 44464K, reserved 1087488K
  class space    used 5286K, capacity 5829K, committed 5888K, reserved 1048576K
}
Event: 22.852 GC heap after
{Heap after GC invocations=15 (full 0):
 garbage-first heap   total 157696K, used 35840K [0x0000000081200000, 0x0000000100000000)
  region size 1024K, 9 young (9216K), 9 survivors (9216K)
 Metaspace       used 42841K, capacity 44198K, committed 44464K, reserved 1087488K
  class space    used 5286K, capacity 5829K, committed 5888K, reserved 1048576K
}
Event: 26.034 GC heap before
{Heap before GC invocations=15 (full 0):
 garbage-first heap   total 157696K, used 120832K [0x0000000081200000, 0x0000000100000000)
  region size 1024K, 92 young (94208K), 9 survivors (9216K)
 Metaspace       used 52314K, capacity 53756K, committed 53936K, reserved 1095680K
  class space    used 6606K, capacity 7137K, committed 7168K, reserved 1048576K
}
Event: 26.055 GC heap after
{Heap after GC invocations=16 (full 0):
 garbage-first heap   total 189440K, used 39820K [0x0000000081200000, 0x0000000100000000)
  region size 1024K, 9 young (9216K), 9 survivors (9216K)
 Metaspace       used 52314K, capacity 53756K, committed 53936K, reserved 1095680K
  class space    used 6606K, capacity 7137K, committed 7168K, reserved 1048576K
}
Event: 27.498 GC heap before
{Heap before GC invocations=16 (full 0):
 garbage-first heap   total 189440K, used 111500K [0x0000000081200000, 0x0000000100000000)
  region size 1024K, 80 young (81920K), 9 survivors (9216K)
 Metaspace       used 58154K, capacity 59667K, committed 59940K, reserved 1101824K
  class space    used 7485K, capacity 8033K, committed 8064K, reserved 1048576K
}
Event: 27.517 GC heap after
{Heap after GC invocations=17 (full 0):
 garbage-first heap   total 189440K, used 41868K [0x0000000081200000, 0x0000000100000000)
  region size 1024K, 9 young (9216K), 9 survivors (9216K)
 Metaspace       used 58154K, capacity 59667K, committed 59940K, reserved 1101824K
  class space    used 7485K, capacity 8033K, committed 8064K, reserved 1048576K
}
Event: 29.828 GC heap before
{Heap before GC invocations=18 (full 0):
 garbage-first heap   total 189440K, used 145292K [0x0000000081200000, 0x0000000100000000)
  region size 1024K, 110 young (112640K), 9 survivors (9216K)
 Metaspace       used 66825K, capacity 68664K, committed 68772K, reserved 1107968K
  class space    used 8739K, capacity 9445K, committed 9472K, reserved 1048576K
}
Event: 29.854 GC heap after
{Heap after GC invocations=19 (full 0):
 garbage-first heap   total 189440K, used 45454K [0x0000000081200000, 0x0000000100000000)
  region size 1024K, 10 young (10240K), 10 survivors (10240K)
 Metaspace       used 66825K, capacity 68664K, committed 68772K, reserved 1107968K
  class space    used 8739K, capacity 9445K, committed 9472K, reserved 1048576K
}
Event: 34.255 GC heap before
{Heap before GC invocations=19 (full 0):
 garbage-first heap   total 189440K, used 148878K [0x0000000081200000, 0x0000000100000000)
  region size 1024K, 111 young (113664K), 10 survivors (10240K)
 Metaspace       used 76131K, capacity 78100K, committed 78244K, reserved 1116160K
  class space    used 9936K, capacity 10683K, committed 10752K, reserved 1048576K
}
Event: 34.289 GC heap after
{Heap after GC invocations=20 (full 0):
 garbage-first heap   total 189440K, used 49777K [0x0000000081200000, 0x0000000100000000)
  region size 1024K, 10 young (10240K), 10 survivors (10240K)
 Metaspace       used 76131K, capacity 78100K, committed 78244K, reserved 1116160K
  class space    used 9936K, capacity 10683K, committed 10752K, reserved 1048576K
}

Deoptimization events (0 events):
No events

Classes redefined (0 events):
No events

Internal exceptions (10 events):
Event: 30.548 Thread 0x00000266ecec9800 Exception <a 'java/lang/ClassNotFoundException'{0x000000008af65a00}: com/marcio/cursomc/domain/PagamentoComCartaoCustomizer> (0x000000008af65a00) thrown at [t:/workspace/open/src/hotspot/share/classfile/systemDictionary.cpp, line 231]
Event: 30.582 Thread 0x00000266ecec9800 Exception <a 'java/lang/ClassNotFoundException'{0x000000008afa9770}: java/lang/ObjectCustomizer> (0x000000008afa9770) thrown at [t:/workspace/open/src/hotspot/share/classfile/systemDictionary.cpp, line 231]
Event: 30.583 Thread 0x00000266ecec9800 Exception <a 'java/lang/ClassNotFoundException'{0x000000008afd1338}: com/marcio/cursomc/domain/PagamentoCustomizer> (0x000000008afd1338) thrown at [t:/workspace/open/src/hotspot/share/classfile/systemDictionary.cpp, line 231]
Event: 30.585 Thread 0x00000266ecec9800 Exception <a 'java/lang/ClassNotFoundException'{0x000000008affd558}: com/marcio/cursomc/domain/PagamentoComBoletoCustomizer> (0x000000008affd558) thrown at [t:/workspace/open/src/hotspot/share/classfile/systemDictionary.cpp, line 231]
Event: 30.744 Thread 0x00000266ecec9800 Exception <a 'java/lang/NoSuchMethodError'{0x000000008abf8518}: java.lang.invoke.DirectMethodHandle$Holder.invokeInterface(Ljava/lang/Object;Ljava/lang/Object;Ljava/lang/Object;Ljava/lang/Object;)Ljava/lang/Object;> (0x000000008abf8518) thrown at [t:/work
Event: 31.092 Thread 0x00000266ecec9800 Exception <a 'java/lang/IncompatibleClassChangeError'{0x000000008943aa40}: Found class java.lang.Object, but interface was expected> (0x000000008943aa40) thrown at [t:/workspace/open/src/hotspot/share/interpreter/linkResolver.cpp, line 838]
Event: 31.702 Thread 0x00000266ecec9800 Exception <a 'java/lang/NullPointerException'{0x0000000088193ae0}> (0x0000000088193ae0) thrown at [t:/workspace/open/src/hotspot/share/interpreter/linkResolver.cpp, line 1436]
Event: 250.343 Thread 0x00000266eeda7000 Exception <a 'java/lang/InterruptedException'{0x0000000089440880}: sleep interrupted> (0x0000000089440880) thrown at [t:/workspace/open/src/hotspot/share/prims/jvm.cpp, line 3117]
Event: 250.344 Thread 0x00000266f2e63800 Exception <a 'java/lang/InterruptedException'{0x000000008963ce90}: sleep interrupted> (0x000000008963ce90) thrown at [t:/workspace/open/src/hotspot/share/prims/jvm.cpp, line 3117]
Event: 250.347 Thread 0x00000266eeda5800 Exception <a 'java/lang/InterruptedException'{0x000000008b942018}: sleep interrupted> (0x000000008b942018) thrown at [t:/workspace/open/src/hotspot/share/prims/jvm.cpp, line 3117]

Events (10 events):
Event: 251.139 Executing VM operation: RevokeBias done
Event: 251.139 Thread 0x00000266f2e63000 Thread exited: 0x00000266f2e63000
Event: 251.179 Executing VM operation: RevokeBias
Event: 251.179 Executing VM operation: RevokeBias done
Event: 251.179 Executing VM operation: RevokeBias
Event: 251.179 Executing VM operation: RevokeBias done
Event: 251.180 Thread 0x00000266f2e68000 Thread exited: 0x00000266f2e68000
Event: 251.181 Thread 0x00000266f2e65800 Thread exited: 0x00000266f2e65800
Event: 251.183 Thread 0x00000266eb86f800 Thread exited: 0x00000266eb86f800
Event: 251.183 Thread 0x00000266f2e6c000 Thread exited: 0x00000266f2e6c000


Dynamic libraries:
0x00007ff647400000 - 0x00007ff647447000 	C:\Program Files\Java\jdk-11.0.4\bin\javaw.exe
0x00007ffcb4940000 - 0x00007ffcb4b30000 	C:\WINDOWS\SYSTEM32\ntdll.dll
0x00007ffcb3e80000 - 0x00007ffcb3f32000 	C:\WINDOWS\System32\KERNEL32.DLL
0x00007ffcb1b80000 - 0x00007ffcb1e24000 	C:\WINDOWS\System32\KERNELBASE.dll
0x00007ffcaf630000 - 0x00007ffcaf6bf000 	C:\WINDOWS\SYSTEM32\apphelp.dll
0x00007ffc76dd0000 - 0x00007ffc77262000 	C:\WINDOWS\SYSTEM32\AcLayers.DLL
0x00007ffcb2f10000 - 0x00007ffcb2fae000 	C:\WINDOWS\System32\msvcrt.dll
0x00007ffcb3f40000 - 0x00007ffcb40d4000 	C:\WINDOWS\System32\USER32.dll
0x00007ffcb2970000 - 0x00007ffcb2991000 	C:\WINDOWS\System32\win32u.dll
0x00007ffcb4850000 - 0x00007ffcb4876000 	C:\WINDOWS\System32\GDI32.dll
0x00007ffcb19c0000 - 0x00007ffcb1b56000 	C:\WINDOWS\System32\gdi32full.dll
0x00007ffcb1920000 - 0x00007ffcb19be000 	C:\WINDOWS\System32\msvcp_win.dll
0x00007ffcb2870000 - 0x00007ffcb296a000 	C:\WINDOWS\System32\ucrtbase.dll
0x00007ffcb34e0000 - 0x00007ffcb3532000 	C:\WINDOWS\System32\SHLWAPI.dll
0x00007ffcb2a00000 - 0x00007ffcb2d35000 	C:\WINDOWS\System32\combase.dll
0x00007ffcb3d60000 - 0x00007ffcb3e80000 	C:\WINDOWS\System32\RPCRT4.dll
0x00007ffcb1ee0000 - 0x00007ffcb1f60000 	C:\WINDOWS\System32\bcryptPrimitives.dll
0x00007ffcb32e0000 - 0x00007ffcb3383000 	C:\WINDOWS\System32\ADVAPI32.dll
0x00007ffcb2df0000 - 0x00007ffcb2e87000 	C:\WINDOWS\System32\sechost.dll
0x00000266cae60000 - 0x00000266cae63000 	C:\WINDOWS\SYSTEM32\sfc.dll
0x00007ffc9afd0000 - 0x00007ffc9b059000 	C:\WINDOWS\SYSTEM32\WINSPOOL.DRV
0x00007ffcb1850000 - 0x00007ffcb1861000 	C:\WINDOWS\System32\kernel.appcore.dll
0x00007ffcb2840000 - 0x00007ffcb2866000 	C:\WINDOWS\System32\bcrypt.dll
0x00007ffcae870000 - 0x00007ffcae960000 	C:\WINDOWS\SYSTEM32\PROPSYS.dll
0x00007ffcb3b60000 - 0x00007ffcb3c25000 	C:\WINDOWS\System32\OLEAUT32.dll
0x00007ffcb2d40000 - 0x00007ffcb2de9000 	C:\WINDOWS\System32\shcore.dll
0x00007ffcb0d70000 - 0x00007ffcb0daa000 	C:\WINDOWS\SYSTEM32\IPHLPAPI.DLL
0x00007ffc9b060000 - 0x00007ffc9b071000 	C:\WINDOWS\SYSTEM32\sfc_os.DLL
0x00007ffcb35a0000 - 0x00007ffcb35ce000 	C:\WINDOWS\System32\IMM32.DLL
0x00007ffca4860000 - 0x00007ffca4ae4000 	C:\WINDOWS\WinSxS\amd64_microsoft.windows.common-controls_6595b64144ccf1df_6.0.18362.959_none_e6c7bbbf130c62bb\COMCTL32.dll
0x00007ffca4840000 - 0x00007ffca484a000 	C:\WINDOWS\SYSTEM32\VERSION.dll
0x00007ffc9b200000 - 0x00007ffc9b216000 	C:\Program Files\Java\jdk-11.0.4\bin\vcruntime140.dll
0x00007ffc86350000 - 0x00007ffc863fa000 	C:\Program Files\Java\jdk-11.0.4\bin\msvcp140.dll
0x00007ffc74320000 - 0x00007ffc74e47000 	C:\Program Files\Java\jdk-11.0.4\bin\server\jvm.dll
0x00007ffcb2e90000 - 0x00007ffcb2e98000 	C:\WINDOWS\System32\PSAPI.DLL
0x00007ffc9d270000 - 0x00007ffc9d279000 	C:\WINDOWS\SYSTEM32\WSOCK32.dll
0x00007ffcb3a40000 - 0x00007ffcb3aaf000 	C:\WINDOWS\System32\WS2_32.dll
0x00007ffcaf400000 - 0x00007ffcaf424000 	C:\WINDOWS\SYSTEM32\WINMM.dll
0x00007ffcaf3d0000 - 0x00007ffcaf3fd000 	C:\WINDOWS\SYSTEM32\WINMMBASE.dll
0x00007ffcb29a0000 - 0x00007ffcb29ea000 	C:\WINDOWS\System32\cfgmgr32.dll
0x00007ffca6b90000 - 0x00007ffca6ba1000 	C:\Program Files\Java\jdk-11.0.4\bin\verify.dll
0x00007ffcaff40000 - 0x00007ffcb0134000 	C:\WINDOWS\SYSTEM32\DBGHELP.DLL
0x00007ffca4460000 - 0x00007ffca448a000 	C:\WINDOWS\SYSTEM32\dbgcore.DLL
0x00007ffca5160000 - 0x00007ffca5189000 	C:\Program Files\Java\jdk-11.0.4\bin\java.dll
0x00007ffca5140000 - 0x00007ffca5156000 	C:\Program Files\Java\jdk-11.0.4\bin\zip.dll
0x00007ffcadc10000 - 0x00007ffcadc1a000 	C:\Program Files\Java\jdk-11.0.4\bin\jimage.dll
0x00007ffcb40e0000 - 0x00007ffcb47c6000 	C:\WINDOWS\System32\SHELL32.dll
0x00007ffcb1f60000 - 0x00007ffcb26e2000 	C:\WINDOWS\System32\windows.storage.dll
0x00007ffcb1890000 - 0x00007ffcb18b3000 	C:\WINDOWS\System32\profapi.dll
0x00007ffcb1800000 - 0x00007ffcb184a000 	C:\WINDOWS\System32\powrprof.dll
0x00007ffcb17f0000 - 0x00007ffcb1800000 	C:\WINDOWS\System32\UMPDC.dll
0x00007ffcb1b60000 - 0x00007ffcb1b77000 	C:\WINDOWS\System32\cryptsp.dll
0x00007ffca5120000 - 0x00007ffca5139000 	C:\Program Files\Java\jdk-11.0.4\bin\net.dll
0x00007ffca5c00000 - 0x00007ffca5dd6000 	C:\WINDOWS\SYSTEM32\urlmon.dll
0x00007ffca8350000 - 0x00007ffca8440000 	C:\WINDOWS\SYSTEM32\WINHTTP.dll
0x00007ffca5fa0000 - 0x00007ffca6246000 	C:\WINDOWS\SYSTEM32\iertutil.dll
0x00007ffcb1230000 - 0x00007ffcb123c000 	C:\WINDOWS\SYSTEM32\CRYPTBASE.DLL
0x00007ffcb1060000 - 0x00007ffcb10c7000 	C:\WINDOWS\system32\mswsock.dll
0x00007ffca5100000 - 0x00007ffca5113000 	C:\Program Files\Java\jdk-11.0.4\bin\nio.dll
0x00007ffca6250000 - 0x00007ffca6259000 	C:\Program Files\Java\jdk-11.0.4\bin\management.dll
0x00007ffca4fa0000 - 0x00007ffca4fac000 	C:\Program Files\Java\jdk-11.0.4\bin\management_ext.dll
0x00007ffca0670000 - 0x00007ffca0686000 	C:\WINDOWS\system32\napinsp.dll
0x00007ffca0650000 - 0x00007ffca066a000 	C:\WINDOWS\system32\pnrpnsp.dll
0x00007ffcb0db0000 - 0x00007ffcb0e7b000 	C:\WINDOWS\SYSTEM32\DNSAPI.dll
0x00007ffcb29f0000 - 0x00007ffcb29f8000 	C:\WINDOWS\System32\NSI.dll
0x00007ffca0640000 - 0x00007ffca064e000 	C:\WINDOWS\System32\winrnr.dll
0x00007ffcadbf0000 - 0x00007ffcadc0c000 	C:\WINDOWS\system32\NLAapi.dll
0x00007ffca0620000 - 0x00007ffca0635000 	C:\WINDOWS\system32\wshbth.dll
0x00007ffca4cd0000 - 0x00007ffca4cda000 	C:\Windows\System32\rasadhlp.dll
0x00007ffca9470000 - 0x00007ffca94e7000 	C:\WINDOWS\System32\fwpuclnt.dll
0x00007ffcb0bd0000 - 0x00007ffcb0c03000 	C:\WINDOWS\system32\rsaenh.dll
0x00007ffcb16e0000 - 0x00007ffcb1705000 	C:\WINDOWS\SYSTEM32\USERENV.dll
0x00007ffca97a0000 - 0x00007ffca97b6000 	C:\WINDOWS\SYSTEM32\dhcpcsvc6.DLL
0x00007ffca9780000 - 0x00007ffca979c000 	C:\WINDOWS\SYSTEM32\dhcpcsvc.DLL
0x00007ffc97dc0000 - 0x00007ffc97de7000 	C:\Program Files\Java\jdk-11.0.4\bin\sunec.dll
0x00007ffc9b890000 - 0x00007ffc9b89d000 	C:\Program Files\Java\jdk-11.0.4\bin\sunmscapi.dll
0x00007ffcb26f0000 - 0x00007ffcb2839000 	C:\WINDOWS\System32\CRYPT32.dll
0x00007ffcb1870000 - 0x00007ffcb1882000 	C:\WINDOWS\System32\MSASN1.dll
0x00007ffcb1330000 - 0x00007ffcb1356000 	C:\WINDOWS\SYSTEM32\ncrypt.dll
0x00007ffcb12f0000 - 0x00007ffcb132b000 	C:\WINDOWS\SYSTEM32\NTASN1.dll

dbghelp: loaded successfully - version: 4.0.5 - missing functions: none
symbol engine: initialized successfully - sym options: 0x614 - pdb path: .;C:\Program Files\Java\jdk-11.0.4\bin;C:\WINDOWS\SYSTEM32;C:\WINDOWS\WinSxS\amd64_microsoft.windows.common-controls_6595b64144ccf1df_6.0.18362.959_none_e6c7bbbf130c62bb;C:\Program Files\Java\jdk-11.0.4\bin\server

VM Arguments:
jvm_args: -Dcom.sun.management.jmxremote -Dcom.sun.management.jmxremote.port=55079 -Dcom.sun.management.jmxremote.authenticate=false -Dcom.sun.management.jmxremote.ssl=false -Djava.rmi.server.hostname=localhost -Dspring.jmx.enabled=true -Dspring.application.admin.enabled=true -Xverify:none -XX:TieredStopAtLevel=1 -Dspring.boot.project.name=spring-boot-ionic-backend -Dfile.encoding=UTF-8 
java_command: com.marcio.cursomc.CursomcApplication --spring.output.ansi.enabled=always
java_class_path (initial): C:\Users\Marcio\spring-boot-projects\spring-boot-ionic-backend\target\classes;C:\Users\Marcio\.m2\repository\org\springframework\boot\spring-boot-starter-web\2.3.1.RELEASE\spring-boot-starter-web-2.3.1.RELEASE.jar;C:\Users\Marcio\.m2\repository\org\springframework\boot\spring-boot-starter\2.3.1.RELEASE\spring-boot-starter-2.3.1.RELEASE.jar;C:\Users\Marcio\.m2\repository\org\springframework\boot\spring-boot-starter-logging\2.3.1.RELEASE\spring-boot-starter-logging-2.3.1.RELEASE.jar;C:\Users\Marcio\.m2\repository\ch\qos\logback\logback-classic\1.2.3\logback-classic-1.2.3.jar;C:\Users\Marcio\.m2\repository\ch\qos\logback\logback-core\1.2.3\logback-core-1.2.3.jar;C:\Users\Marcio\.m2\repository\org\apache\logging\log4j\log4j-to-slf4j\2.13.3\log4j-to-slf4j-2.13.3.jar;C:\Users\Marcio\.m2\repository\org\apache\logging\log4j\log4j-api\2.13.3\log4j-api-2.13.3.jar;C:\Users\Marcio\.m2\repository\org\slf4j\jul-to-slf4j\1.7.30\jul-to-slf4j-1.7.30.jar;C:\Users\Marcio\.m2\repository\jakarta\annotation\jakarta.annotation-api\1.3.5\jakarta.annotation-api-1.3.5.jar;C:\Users\Marcio\.m2\repository\org\yaml\snakeyaml\1.26\snakeyaml-1.26.jar;C:\Users\Marcio\.m2\repository\org\springframework\boot\spring-boot-starter-json\2.3.1.RELEASE\spring-boot-starter-json-2.3.1.RELEASE.jar;C:\Users\Marcio\.m2\repository\com\fasterxml\jackson\datatype\jackson-datatype-jdk8\2.11.0\jackson-datatype-jdk8-2.11.0.jar;C:\Users\Marcio\.m2\repository\com\fasterxml\jackson\datatype\jackson-datatype-jsr310\2.11.0\jackson-datatype-jsr310-2.11.0.jar;C:\Users\Marcio\.m2\repository\com\fasterxml\jackson\module\jackson-module-parameter-names\2.11.0\jackson-module-parameter-names-2.11.0.jar;C:\Users\Marcio\.m2\repository\org\springframework\boot\spring-boot-starter-tomcat\2.3.1.RELEASE\spring-boot-starter-tomcat-2.3.1.RELEASE.jar;C:\Users\Marcio\.m2\repository\org\apache\tomcat\embed\tomcat-embed-core\9.0.36\tomcat-embed-core-9.0.36.jar;C:\Users\Marcio\.m2\repository\org\glassfish\jakarta.
Launcher Type: SUN_STANDARD

[Global flags]
     bool BytecodeVerificationLocal                = false                                     {product} {command line}
     bool BytecodeVerificationRemote               = false                                     {product} {command line}
     intx CICompilerCount                          = 2                                         {product} {ergonomic}
     uint ConcGCThreads                            = 1                                         {product} {ergonomic}
     uint G1ConcRefinementThreads                  = 2                                         {product} {ergonomic}
   size_t G1HeapRegionSize                         = 1048576                                   {product} {ergonomic}
    uintx GCDrainStackTargetSize                   = 64                                        {product} {ergonomic}
   size_t InitialHeapSize                          = 134217728                                 {product} {ergonomic}
     bool ManagementServer                         = true                                      {product} {command line}
   size_t MarkStackSize                            = 4194304                                   {product} {ergonomic}
   size_t MaxHeapSize                              = 2128609280                                {product} {ergonomic}
   size_t MaxNewSize                               = 1277165568                                {product} {ergonomic}
   size_t MinHeapDeltaBytes                        = 1048576                                   {product} {ergonomic}
    uintx NonNMethodCodeHeapSize                   = 6396312                                {pd product} {ergonomic}
    uintx NonProfiledCodeHeapSize                  = 245261928                              {pd product} {ergonomic}
    uintx ProfiledCodeHeapSize                     = 0                                      {pd product} {ergonomic}
    uintx ReservedCodeCacheSize                    = 251658240                              {pd product} {ergonomic}
     bool SegmentedCodeCache                       = true                                      {product} {ergonomic}
     intx TieredStopAtLevel                        = 1                                         {product} {command line}
     bool UseCompressedClassPointers               = true                                 {lp64_product} {ergonomic}
     bool UseCompressedOops                        = true                                 {lp64_product} {ergonomic}
     bool UseG1GC                                  = true                                      {product} {ergonomic}
     bool UseLargePagesIndividualAllocation        = false                                  {pd product} {ergonomic}

Logging:
Log output configuration:
 #0: stdout all=warning uptime,level,tags
 #1: stderr all=off uptime,level,tags

Environment Variables:
JAVA_HOME=C:\Program Files\Java\jdk-11.0.4
PATH=C:/Program Files/Java/jdk-11.0.4/bin/server;C:/Program Files/Java/jdk-11.0.4/bin;C:\oraclexe\client_oracle11;C:\Program Files (x86)\ActiveState Komodo Edit 10\;C:\WINDOWS\system32;C:\WINDOWS;C:\WINDOWS\System32\Wbem;C:\WINDOWS\System32\WindowsPowerShell\v1.0\;C:\WINDOWS\System32\OpenSSH\;C:\Program Files\Java\jdk-11.0.4\bin;C:\Program Files\Git\cmd;C:\Program Files\Java\jdk-11.0.4\bin;C:\Program Files\MongoDB\Server\4.2\bin;C:\xampp\php;C:\xampp\mysql\bin;C:\Users\Marcio\AppData\Local\Microsoft\WindowsApps;C:\Program Files\heroku\bin;C:\SpringBoot\sts-4.7.1.RELEASE;
USERNAME=Marcio
OS=Windows_NT
PROCESSOR_IDENTIFIER=Intel64 Family 6 Model 60 Stepping 3, GenuineIntel



---------------  S Y S T E M  ---------------

OS: Windows 10 , 64 bit Build 18362 (10.0.18362.959)

CPU:total 2 (initial active 2) (2 cores per cpu, 1 threads per core) family 6 model 60 stepping 3, cmov, cx8, fxsr, mmx, sse, sse2, sse3, ssse3, sse4.1, sse4.2, popcnt, clmul, erms, lzcnt, tsc, tscinvbit

Memory: 4k page, system-wide physical 8113M (2921M free)
TotalPageFile size 10682M (AvailPageFile size 3173M)
current process WorkingSet (physical memory assigned to process): 330M, peak: 330M
current process commit charge ("private bytes"): 393M, peak: 395M

vm_info: Java HotSpot(TM) 64-Bit Server VM (11.0.4+10-LTS) for windows-amd64 JRE (11.0.4+10-LTS), built on Jul  4 2019 16:28:13 by "mach5one" with MS VC++ 15.5 (VS2017)

END.
