#
# A fatal error has been detected by the Java Runtime Environment:
#
#  EXCEPTION_ACCESS_VIOLATION (0xc0000005) at pc=0x00007ffb14e47a16, pid=1168, tid=10144
#
# JRE version: Java(TM) SE Runtime Environment (11.0.4+10) (build 11.0.4+10-LTS)
# Java VM: Java HotSpot(TM) 64-Bit Server VM (11.0.4+10-LTS, mixed mode, tiered, compressed oops, g1 gc, windows-amd64)
# Problematic frame:
# V  [combase.dll+0x6c7a16]
#
# No core dump will be written. Minidumps are not enabled by default on client versions of Windows
#
# If you would like to submit a bug report, please visit:
#   http://bugreport.java.com/bugreport/crash.jsp
#

---------------  S U M M A R Y ------------

Command Line: -Dcom.sun.management.jmxremote -Dcom.sun.management.jmxremote.port=54557 -Dcom.sun.management.jmxremote.authenticate=false -Dcom.sun.management.jmxremote.ssl=false -Djava.rmi.server.hostname=localhost -Dspring.jmx.enabled=true -Dspring.application.admin.enabled=true -Xverify:none -XX:TieredStopAtLevel=1 -Dspring.boot.project.name=spring-boot-ionic-backend -Dfile.encoding=UTF-8 com.marcio.cursomc.CursomcApplication --spring.output.ansi.enabled=always

Host: Intel(R) Celeron(R) CPU G1820 @ 2.70GHz, 2 cores, 7G,  Windows 10 , 64 bit Build 18362 (10.0.18362.959)
Time: Tue Aug  4 19:09:03 2020 Hora oficial do Brasil elapsed time: 1 seconds (0d 0h 0m 1s)

---------------  T H R E A D  ---------------

Current thread (0x00000246f9c1c000):  WatcherThread [stack: 0x0000009b38100000,0x0000009b38200000] [id=10144]

Stack: [0x0000009b38100000,0x0000009b38200000],  sp=0x0000009b381ff540,  free space=1021k
Native frames: (J=compiled Java code, j=interpreted, Vv=VM code, C=native code)
V  [jvm.dll+0x6c7a16]
V  [jvm.dll+0x71321d]
V  [jvm.dll+0x738bd9]
V  [jvm.dll+0x634c82]
C  [ucrtbase.dll+0x20e82]
C  [KERNEL32.DLL+0x17bd4]
C  [ntdll.dll+0x6ce51]


siginfo: EXCEPTION_ACCESS_VIOLATION (0xc0000005), reading address 0x0000000c0000000b


Register to memory mapping:

RIP=0x00007ffb14e47a16 jvm.dll
RAX=0x0000000c0000000b is an unknown value
RBX=0x0 is NULL
RCX=0x00000246f9c0db20 points into unknown readable memory: 58 35 05 15 fb 7f 00 00
RDX=0x0000000000000032 is an unknown value
RSP=0x0000009b381ff540 points into unknown readable memory: 00 c0 c1 f9 46 02 00 00
RBP=0x0000000000000002 is an unknown value
RSI=0x00000246f9b255e0 points into unknown readable memory: 0b 00 00 00 0c 00 00 00
RDI=0x0000000000000001 is an unknown value
R8 =0x0 is NULL
R9 =0x0000024680000b90 is at begin+0 in a stub
StubRoutines::atomic_cmpxchg_long [0x0000024680000b90, 0x0000024680000b99[ (9 bytes)
R10=0x00000000546c6148 is an unknown value
R11=0xfffffffff6ef75eb is an unknown value
R12=0x0 is NULL
R13=0x00000246f9c1c000 points into unknown readable memory: 58 7c 05 15 fb 7f 00 00
R14=0x0000000000000032 is an unknown value
R15=0x00000246f9a86750 points into unknown readable memory: 00 00 00 00 00 00 00 00


Registers:
RAX=0x0000000c0000000b, RBX=0x0000000000000000, RCX=0x00000246f9c0db20, RDX=0x0000000000000032
RSP=0x0000009b381ff540, RBP=0x0000000000000002, RSI=0x00000246f9b255e0, RDI=0x0000000000000001
R8 =0x0000000000000000, R9 =0x0000024680000b90, R10=0x00000000546c6148, R11=0xfffffffff6ef75eb
R12=0x0000000000000000, R13=0x00000246f9c1c000, R14=0x0000000000000032, R15=0x00000246f9a86750
RIP=0x00007ffb14e47a16, EFLAGS=0x0000000000010246

Top of Stack: (sp=0x0000009b381ff540)
0x0000009b381ff540:   00000246f9c1c000 00000246f9c1c000
0x0000009b381ff550:   00000d195d989e68 00007ffb14d887c9
0x0000009b381ff560:   00007ffb151f3798 00007ffb14e9321d
0x0000009b381ff570:   00000246e927b350 00000246e927b350
0x0000009b381ff580:   00000246e927b350 431bde82d7b634db
0x0000009b381ff590:   00000246f9a86750 00000d195d989e68
0x0000009b381ff5a0:   00000246e927b350 00007ffb14eb8bd9
0x0000009b381ff5b0:   0000000000000001 0000000000000032
0x0000009b381ff5c0:   0000000000000032 0000000000000002
0x0000009b381ff5d0:   0000000000000000 0000000000000000
0x0000009b381ff5e0:   0000000000000000 0000000000000000
0x0000009b381ff5f0:   0000000000000000 0000000000000000
0x0000009b381ff600:   0000000000000000 0000000000000000
0x0000009b381ff610:   0000000000000000 0000000000000000
0x0000009b381ff620:   0000000000000000 0000009b381ff7e0
0x0000009b381ff630:   00000246f9c1c000 00007ffb14db4c82 

Instructions: (pc=0x00007ffb14e47a16)
0x00007ffb14e479f6:   cc cc cc cc cc cc cc cc cc cc 48 89 5c 24 10 56
0x00007ffb14e47a06:   48 83 ec 20 48 8b 35 47 6c 3a 00 33 db 48 8b 06
0x00007ffb14e47a16:   39 18 7e 27 48 89 7c 24 30 8b fb 48 8b 40 18 48
0x00007ffb14e47a26:   8b 0c 07 48 8b 01 ff 50 08 48 8b 06 48 8d 7f 08 


Stack slot to memory mapping:
stack at sp + 0 slots: 0x00000246f9c1c000 points into unknown readable memory: 58 7c 05 15 fb 7f 00 00
stack at sp + 1 slots: 0x00000246f9c1c000 points into unknown readable memory: 58 7c 05 15 fb 7f 00 00
stack at sp + 2 slots: 0x00000d195d989e68 is an unknown value
stack at sp + 3 slots: 0x00007ffb14d887c9 jvm.dll
stack at sp + 4 slots: 0x00007ffb151f3798 jvm.dll
stack at sp + 5 slots: 0x00007ffb14e9321d jvm.dll
stack at sp + 6 slots: 0x00000246e927b350 points into unknown readable memory: 01 00 00 00 00 00 00 00
stack at sp + 7 slots: 0x00000246e927b350 points into unknown readable memory: 01 00 00 00 00 00 00 00


---------------  P R O C E S S  ---------------

Threads class SMR info:
_java_thread_list=0x00000246f9c11eb0, length=13, elements={
0x00000246e927d000, 0x00000246f812c000, 0x00000246f8136000, 0x00000246f8128800,
0x00000246f8ab3800, 0x00000246f8137000, 0x00000246f814a000, 0x00000246f80ac000,
0x00000246f8c45800, 0x00000246f8cbe800, 0x00000246f9ba9000, 0x00000246f9bb6800,
0x00000246f9c11000
}

Java Threads: ( => current thread )
  0x00000246e927d000 JavaThread "main" [_thread_in_vm, id=1400, stack(0x0000009b36d00000,0x0000009b36e00000)]
  0x00000246f812c000 JavaThread "Reference Handler" daemon [_thread_blocked, id=6104, stack(0x0000009b37400000,0x0000009b37500000)]
  0x00000246f8136000 JavaThread "Finalizer" daemon [_thread_blocked, id=7468, stack(0x0000009b37500000,0x0000009b37600000)]
  0x00000246f8128800 JavaThread "Signal Dispatcher" daemon [_thread_blocked, id=8020, stack(0x0000009b37600000,0x0000009b37700000)]
  0x00000246f8ab3800 JavaThread "Attach Listener" daemon [_thread_blocked, id=8704, stack(0x0000009b37700000,0x0000009b37800000)]
  0x00000246f8137000 JavaThread "C1 CompilerThread0" daemon [_thread_in_native, id=7056, stack(0x0000009b37800000,0x0000009b37900000)]
  0x00000246f814a000 JavaThread "Sweeper thread" daemon [_thread_blocked, id=5644, stack(0x0000009b37900000,0x0000009b37a00000)]
  0x00000246f80ac000 JavaThread "Common-Cleaner" daemon [_thread_blocked, id=1264, stack(0x0000009b37a00000,0x0000009b37b00000)]
  0x00000246f8c45800 JavaThread "C1 CompilerThread1" daemon [_thread_in_vm, id=8528, stack(0x0000009b37b00000,0x0000009b37c00000)]
  0x00000246f8cbe800 JavaThread "Service Thread" daemon [_thread_blocked, id=9428, stack(0x0000009b37c00000,0x0000009b37d00000)]
  0x00000246f9ba9000 JavaThread "RMI TCP Accept-0" daemon [_thread_in_native, id=8144, stack(0x0000009b37e00000,0x0000009b37f00000)]
  0x00000246f9bb6800 JavaThread "RMI TCP Accept-54557" daemon [_thread_in_native, id=10124, stack(0x0000009b37f00000,0x0000009b38000000)]
  0x00000246f9c11000 JavaThread "RMI TCP Accept-0" daemon [_thread_in_native, id=4260, stack(0x0000009b38000000,0x0000009b38100000)]

Other Threads:
  0x00000246f80f0800 VMThread "VM Thread" [stack: 0x0000009b37300000,0x0000009b37400000] [id=4140]
=>0x00000246f9c1c000 WatcherThread [stack: 0x0000009b38100000,0x0000009b38200000] [id=10144]
  0x00000246e9293800 GCTaskThread "GC Thread#0" [stack: 0x0000009b36e00000,0x0000009b36f00000] [id=10080]
  0x00000246f905a000 GCTaskThread "GC Thread#1" [stack: 0x0000009b37d00000,0x0000009b37e00000] [id=2496]
  0x00000246e92c4800 ConcurrentGCThread "G1 Main Marker" [stack: 0x0000009b36f00000,0x0000009b37000000] [id=2252]
  0x00000246e92c6000 ConcurrentGCThread "G1 Conc#0" [stack: 0x0000009b37000000,0x0000009b37100000] [id=8456]
  0x00000246e933e000 ConcurrentGCThread "G1 Refine#0" [stack: 0x0000009b37100000,0x0000009b37200000] [id=3560]
  0x00000246f7f61000 ConcurrentGCThread "G1 Young RemSet Sampling" [stack: 0x0000009b37200000,0x0000009b37300000] [id=4672]

Threads with active compile tasks:
C1 CompilerThread01340       1       sun.util.locale.InternalLocaleBuilder::getLocaleExtensions (65 bytes)
C1 CompilerThread11222       1       java.nio.ByteBuffer::<init> (12 bytes)

VM state:not at safepoint (normal execution)

VM Mutex/Monitor currently owned by a thread:  ([mutex/lock_event])
[0x00000246e927b350] PeriodicTask_lock - owner thread: 0x00000246f9c1c000

Heap address: 0x0000000081200000, size: 2030 MB, Compressed Oops mode: 32-bit
Narrow klass base: 0x0000000000000000, Narrow klass shift: 3
Compressed class space size: 1073741824 Address: 0x0000000100000000

Heap:
 garbage-first heap   total 131072K, used 27638K [0x0000000081200000, 0x0000000100000000)
  region size 1024K, 12 young (12288K), 2 survivors (2048K)
 Metaspace       used 12977K, capacity 13365K, committed 13568K, reserved 1060864K
  class space    used 1360K, capacity 1502K, committed 1536K, reserved 1048576K
Heap Regions: E=young(eden), S=young(survivor), O=old, HS=humongous(starts), HC=humongous(continues), CS=collection set, F=free, A=archive, TAMS=top-at-mark-start (previous, next)
|   0|0x0000000081200000, 0x0000000081300000, 0x0000000081300000|100%|HS|  |TAMS 0x0000000081200000, 0x0000000081200000| Complete 
|   1|0x0000000081300000, 0x0000000081400000, 0x0000000081400000|100%| O|  |TAMS 0x0000000081300000, 0x0000000081300000| Untracked 
|   2|0x0000000081400000, 0x0000000081500000, 0x0000000081500000|100%| O|  |TAMS 0x0000000081400000, 0x0000000081400000| Untracked 
|   3|0x0000000081500000, 0x0000000081600000, 0x0000000081600000|100%| O|  |TAMS 0x0000000081500000, 0x0000000081500000| Untracked 
|   4|0x0000000081600000, 0x0000000081700000, 0x0000000081700000|100%| O|  |TAMS 0x0000000081600000, 0x0000000081600000| Untracked 
|   5|0x0000000081700000, 0x0000000081800000, 0x0000000081800000|100%| O|  |TAMS 0x0000000081700000, 0x0000000081700000| Untracked 
|   6|0x0000000081800000, 0x0000000081900000, 0x0000000081900000|100%| O|  |TAMS 0x0000000081800000, 0x0000000081800000| Untracked 
|   7|0x0000000081900000, 0x0000000081a00000, 0x0000000081a00000|100%| O|  |TAMS 0x0000000081900000, 0x0000000081900000| Untracked 
|   8|0x0000000081a00000, 0x0000000081b00000, 0x0000000081b00000|100%| O|  |TAMS 0x0000000081a00000, 0x0000000081a00000| Untracked 
|   9|0x0000000081b00000, 0x0000000081c00000, 0x0000000081c00000|100%| O|  |TAMS 0x0000000081b00000, 0x0000000081b00000| Untracked 
|  10|0x0000000081c00000, 0x0000000081d00000, 0x0000000081d00000|100%| O|  |TAMS 0x0000000081c00000, 0x0000000081c00000| Untracked 
|  11|0x0000000081d00000, 0x0000000081e00000, 0x0000000081e00000|100%| O|  |TAMS 0x0000000081d00000, 0x0000000081d00000| Untracked 
|  12|0x0000000081e00000, 0x0000000081f00000, 0x0000000081f00000|100%| O|  |TAMS 0x0000000081e00000, 0x0000000081e00000| Untracked 
|  13|0x0000000081f00000, 0x0000000082000000, 0x0000000082000000|100%| O|  |TAMS 0x0000000081f00000, 0x0000000081f00000| Untracked 
|  14|0x0000000082000000, 0x0000000082100000, 0x0000000082100000|100%| O|  |TAMS 0x0000000082000000, 0x0000000082000000| Untracked 
|  15|0x0000000082100000, 0x00000000821fd800, 0x0000000082200000| 99%| O|  |TAMS 0x0000000082100000, 0x0000000082100000| Untracked 
|  16|0x0000000082200000, 0x0000000082200000, 0x0000000082300000|  0%| F|  |TAMS 0x0000000082200000, 0x0000000082200000| Untracked 
|  17|0x0000000082300000, 0x0000000082300000, 0x0000000082400000|  0%| F|  |TAMS 0x0000000082300000, 0x0000000082300000| Untracked 
|  18|0x0000000082400000, 0x0000000082400000, 0x0000000082500000|  0%| F|  |TAMS 0x0000000082400000, 0x0000000082400000| Untracked 
|  19|0x0000000082500000, 0x0000000082500000, 0x0000000082600000|  0%| F|  |TAMS 0x0000000082500000, 0x0000000082500000| Untracked 
|  20|0x0000000082600000, 0x0000000082600000, 0x0000000082700000|  0%| F|  |TAMS 0x0000000082600000, 0x0000000082600000| Untracked 
|  21|0x0000000082700000, 0x0000000082700000, 0x0000000082800000|  0%| F|  |TAMS 0x0000000082700000, 0x0000000082700000| Untracked 
|  22|0x0000000082800000, 0x0000000082800000, 0x0000000082900000|  0%| F|  |TAMS 0x0000000082800000, 0x0000000082800000| Untracked 
|  23|0x0000000082900000, 0x0000000082900000, 0x0000000082a00000|  0%| F|  |TAMS 0x0000000082900000, 0x0000000082900000| Untracked 
|  24|0x0000000082a00000, 0x0000000082a00000, 0x0000000082b00000|  0%| F|  |TAMS 0x0000000082a00000, 0x0000000082a00000| Untracked 
|  25|0x0000000082b00000, 0x0000000082b00000, 0x0000000082c00000|  0%| F|  |TAMS 0x0000000082b00000, 0x0000000082b00000| Untracked 
|  26|0x0000000082c00000, 0x0000000082c00000, 0x0000000082d00000|  0%| F|  |TAMS 0x0000000082c00000, 0x0000000082c00000| Untracked 
|  27|0x0000000082d00000, 0x0000000082d00000, 0x0000000082e00000|  0%| F|  |TAMS 0x0000000082d00000, 0x0000000082d00000| Untracked 
|  28|0x0000000082e00000, 0x0000000082e00000, 0x0000000082f00000|  0%| F|  |TAMS 0x0000000082e00000, 0x0000000082e00000| Untracked 
|  29|0x0000000082f00000, 0x0000000082f00000, 0x0000000083000000|  0%| F|  |TAMS 0x0000000082f00000, 0x0000000082f00000| Untracked 
|  30|0x0000000083000000, 0x0000000083000000, 0x0000000083100000|  0%| F|  |TAMS 0x0000000083000000, 0x0000000083000000| Untracked 
|  31|0x0000000083100000, 0x0000000083100000, 0x0000000083200000|  0%| F|  |TAMS 0x0000000083100000, 0x0000000083100000| Untracked 
|  32|0x0000000083200000, 0x0000000083200000, 0x0000000083300000|  0%| F|  |TAMS 0x0000000083200000, 0x0000000083200000| Untracked 
|  33|0x0000000083300000, 0x0000000083300000, 0x0000000083400000|  0%| F|  |TAMS 0x0000000083300000, 0x0000000083300000| Untracked 
|  34|0x0000000083400000, 0x0000000083400000, 0x0000000083500000|  0%| F|  |TAMS 0x0000000083400000, 0x0000000083400000| Untracked 
|  35|0x0000000083500000, 0x0000000083500000, 0x0000000083600000|  0%| F|  |TAMS 0x0000000083500000, 0x0000000083500000| Untracked 
|  36|0x0000000083600000, 0x0000000083600000, 0x0000000083700000|  0%| F|  |TAMS 0x0000000083600000, 0x0000000083600000| Untracked 
|  37|0x0000000083700000, 0x0000000083700000, 0x0000000083800000|  0%| F|  |TAMS 0x0000000083700000, 0x0000000083700000| Untracked 
|  38|0x0000000083800000, 0x0000000083800000, 0x0000000083900000|  0%| F|  |TAMS 0x0000000083800000, 0x0000000083800000| Untracked 
|  39|0x0000000083900000, 0x0000000083900000, 0x0000000083a00000|  0%| F|  |TAMS 0x0000000083900000, 0x0000000083900000| Untracked 
|  40|0x0000000083a00000, 0x0000000083a00000, 0x0000000083b00000|  0%| F|  |TAMS 0x0000000083a00000, 0x0000000083a00000| Untracked 
|  41|0x0000000083b00000, 0x0000000083b00000, 0x0000000083c00000|  0%| F|  |TAMS 0x0000000083b00000, 0x0000000083b00000| Untracked 
|  42|0x0000000083c00000, 0x0000000083c00000, 0x0000000083d00000|  0%| F|  |TAMS 0x0000000083c00000, 0x0000000083c00000| Untracked 
|  43|0x0000000083d00000, 0x0000000083d00000, 0x0000000083e00000|  0%| F|  |TAMS 0x0000000083d00000, 0x0000000083d00000| Untracked 
|  44|0x0000000083e00000, 0x0000000083e00000, 0x0000000083f00000|  0%| F|  |TAMS 0x0000000083e00000, 0x0000000083e00000| Untracked 
|  45|0x0000000083f00000, 0x0000000083f00000, 0x0000000084000000|  0%| F|  |TAMS 0x0000000083f00000, 0x0000000083f00000| Untracked 
|  46|0x0000000084000000, 0x0000000084000000, 0x0000000084100000|  0%| F|  |TAMS 0x0000000084000000, 0x0000000084000000| Untracked 
|  47|0x0000000084100000, 0x0000000084100000, 0x0000000084200000|  0%| F|  |TAMS 0x0000000084100000, 0x0000000084100000| Untracked 
|  48|0x0000000084200000, 0x0000000084200000, 0x0000000084300000|  0%| F|  |TAMS 0x0000000084200000, 0x0000000084200000| Untracked 
|  49|0x0000000084300000, 0x0000000084300000, 0x0000000084400000|  0%| F|  |TAMS 0x0000000084300000, 0x0000000084300000| Untracked 
|  50|0x0000000084400000, 0x0000000084400000, 0x0000000084500000|  0%| F|  |TAMS 0x0000000084400000, 0x0000000084400000| Untracked 
|  51|0x0000000084500000, 0x0000000084500000, 0x0000000084600000|  0%| F|  |TAMS 0x0000000084500000, 0x0000000084500000| Untracked 
|  52|0x0000000084600000, 0x0000000084600000, 0x0000000084700000|  0%| F|  |TAMS 0x0000000084600000, 0x0000000084600000| Untracked 
|  53|0x0000000084700000, 0x0000000084700000, 0x0000000084800000|  0%| F|  |TAMS 0x0000000084700000, 0x0000000084700000| Untracked 
|  54|0x0000000084800000, 0x0000000084800000, 0x0000000084900000|  0%| F|  |TAMS 0x0000000084800000, 0x0000000084800000| Untracked 
|  55|0x0000000084900000, 0x0000000084900000, 0x0000000084a00000|  0%| F|  |TAMS 0x0000000084900000, 0x0000000084900000| Untracked 
|  56|0x0000000084a00000, 0x0000000084a00000, 0x0000000084b00000|  0%| F|  |TAMS 0x0000000084a00000, 0x0000000084a00000| Untracked 
|  57|0x0000000084b00000, 0x0000000084b00000, 0x0000000084c00000|  0%| F|  |TAMS 0x0000000084b00000, 0x0000000084b00000| Untracked 
|  58|0x0000000084c00000, 0x0000000084c00000, 0x0000000084d00000|  0%| F|  |TAMS 0x0000000084c00000, 0x0000000084c00000| Untracked 
|  59|0x0000000084d00000, 0x0000000084d00000, 0x0000000084e00000|  0%| F|  |TAMS 0x0000000084d00000, 0x0000000084d00000| Untracked 
|  60|0x0000000084e00000, 0x0000000084e00000, 0x0000000084f00000|  0%| F|  |TAMS 0x0000000084e00000, 0x0000000084e00000| Untracked 
|  61|0x0000000084f00000, 0x0000000084f00000, 0x0000000085000000|  0%| F|  |TAMS 0x0000000084f00000, 0x0000000084f00000| Untracked 
|  62|0x0000000085000000, 0x0000000085000000, 0x0000000085100000|  0%| F|  |TAMS 0x0000000085000000, 0x0000000085000000| Untracked 
|  63|0x0000000085100000, 0x0000000085100000, 0x0000000085200000|  0%| F|  |TAMS 0x0000000085100000, 0x0000000085100000| Untracked 
|  64|0x0000000085200000, 0x0000000085200000, 0x0000000085300000|  0%| F|  |TAMS 0x0000000085200000, 0x0000000085200000| Untracked 
|  65|0x0000000085300000, 0x0000000085300000, 0x0000000085400000|  0%| F|  |TAMS 0x0000000085300000, 0x0000000085300000| Untracked 
|  66|0x0000000085400000, 0x0000000085400000, 0x0000000085500000|  0%| F|  |TAMS 0x0000000085400000, 0x0000000085400000| Untracked 
|  67|0x0000000085500000, 0x0000000085500000, 0x0000000085600000|  0%| F|  |TAMS 0x0000000085500000, 0x0000000085500000| Untracked 
|  68|0x0000000085600000, 0x0000000085600000, 0x0000000085700000|  0%| F|  |TAMS 0x0000000085600000, 0x0000000085600000| Untracked 
|  69|0x0000000085700000, 0x0000000085700000, 0x0000000085800000|  0%| F|  |TAMS 0x0000000085700000, 0x0000000085700000| Untracked 
|  70|0x0000000085800000, 0x0000000085800000, 0x0000000085900000|  0%| F|  |TAMS 0x0000000085800000, 0x0000000085800000| Untracked 
|  71|0x0000000085900000, 0x0000000085900000, 0x0000000085a00000|  0%| F|  |TAMS 0x0000000085900000, 0x0000000085900000| Untracked 
|  72|0x0000000085a00000, 0x0000000085a00000, 0x0000000085b00000|  0%| F|  |TAMS 0x0000000085a00000, 0x0000000085a00000| Untracked 
|  73|0x0000000085b00000, 0x0000000085b00000, 0x0000000085c00000|  0%| F|  |TAMS 0x0000000085b00000, 0x0000000085b00000| Untracked 
|  74|0x0000000085c00000, 0x0000000085c00000, 0x0000000085d00000|  0%| F|  |TAMS 0x0000000085c00000, 0x0000000085c00000| Untracked 
|  75|0x0000000085d00000, 0x0000000085d00000, 0x0000000085e00000|  0%| F|  |TAMS 0x0000000085d00000, 0x0000000085d00000| Untracked 
|  76|0x0000000085e00000, 0x0000000085e00000, 0x0000000085f00000|  0%| F|  |TAMS 0x0000000085e00000, 0x0000000085e00000| Untracked 
|  77|0x0000000085f00000, 0x0000000085f00000, 0x0000000086000000|  0%| F|  |TAMS 0x0000000085f00000, 0x0000000085f00000| Untracked 
|  78|0x0000000086000000, 0x0000000086000000, 0x0000000086100000|  0%| F|  |TAMS 0x0000000086000000, 0x0000000086000000| Untracked 
|  79|0x0000000086100000, 0x0000000086100000, 0x0000000086200000|  0%| F|  |TAMS 0x0000000086100000, 0x0000000086100000| Untracked 
|  80|0x0000000086200000, 0x0000000086200000, 0x0000000086300000|  0%| F|  |TAMS 0x0000000086200000, 0x0000000086200000| Untracked 
|  81|0x0000000086300000, 0x0000000086300000, 0x0000000086400000|  0%| F|  |TAMS 0x0000000086300000, 0x0000000086300000| Untracked 
|  82|0x0000000086400000, 0x0000000086400000, 0x0000000086500000|  0%| F|  |TAMS 0x0000000086400000, 0x0000000086400000| Untracked 
|  83|0x0000000086500000, 0x0000000086500000, 0x0000000086600000|  0%| F|  |TAMS 0x0000000086500000, 0x0000000086500000| Untracked 
|  84|0x0000000086600000, 0x0000000086600000, 0x0000000086700000|  0%| F|  |TAMS 0x0000000086600000, 0x0000000086600000| Untracked 
|  85|0x0000000086700000, 0x0000000086700000, 0x0000000086800000|  0%| F|  |TAMS 0x0000000086700000, 0x0000000086700000| Untracked 
|  86|0x0000000086800000, 0x0000000086800000, 0x0000000086900000|  0%| F|  |TAMS 0x0000000086800000, 0x0000000086800000| Untracked 
|  87|0x0000000086900000, 0x0000000086900000, 0x0000000086a00000|  0%| F|  |TAMS 0x0000000086900000, 0x0000000086900000| Untracked 
|  88|0x0000000086a00000, 0x0000000086a00000, 0x0000000086b00000|  0%| F|  |TAMS 0x0000000086a00000, 0x0000000086a00000| Untracked 
|  89|0x0000000086b00000, 0x0000000086b00000, 0x0000000086c00000|  0%| F|  |TAMS 0x0000000086b00000, 0x0000000086b00000| Untracked 
|  90|0x0000000086c00000, 0x0000000086c00000, 0x0000000086d00000|  0%| F|  |TAMS 0x0000000086c00000, 0x0000000086c00000| Untracked 
|  91|0x0000000086d00000, 0x0000000086d00000, 0x0000000086e00000|  0%| F|  |TAMS 0x0000000086d00000, 0x0000000086d00000| Untracked 
|  92|0x0000000086e00000, 0x0000000086e00000, 0x0000000086f00000|  0%| F|  |TAMS 0x0000000086e00000, 0x0000000086e00000| Untracked 
|  93|0x0000000086f00000, 0x0000000086f00000, 0x0000000087000000|  0%| F|  |TAMS 0x0000000086f00000, 0x0000000086f00000| Untracked 
|  94|0x0000000087000000, 0x0000000087000000, 0x0000000087100000|  0%| F|  |TAMS 0x0000000087000000, 0x0000000087000000| Untracked 
|  95|0x0000000087100000, 0x0000000087100000, 0x0000000087200000|  0%| F|  |TAMS 0x0000000087100000, 0x0000000087100000| Untracked 
|  96|0x0000000087200000, 0x0000000087200000, 0x0000000087300000|  0%| F|  |TAMS 0x0000000087200000, 0x0000000087200000| Untracked 
|  97|0x0000000087300000, 0x0000000087300000, 0x0000000087400000|  0%| F|  |TAMS 0x0000000087300000, 0x0000000087300000| Untracked 
|  98|0x0000000087400000, 0x0000000087400000, 0x0000000087500000|  0%| F|  |TAMS 0x0000000087400000, 0x0000000087400000| Untracked 
|  99|0x0000000087500000, 0x0000000087500000, 0x0000000087600000|  0%| F|  |TAMS 0x0000000087500000, 0x0000000087500000| Untracked 
| 100|0x0000000087600000, 0x0000000087600000, 0x0000000087700000|  0%| F|  |TAMS 0x0000000087600000, 0x0000000087600000| Untracked 
| 101|0x0000000087700000, 0x0000000087700000, 0x0000000087800000|  0%| F|  |TAMS 0x0000000087700000, 0x0000000087700000| Untracked 
| 102|0x0000000087800000, 0x0000000087800000, 0x0000000087900000|  0%| F|  |TAMS 0x0000000087800000, 0x0000000087800000| Untracked 
| 103|0x0000000087900000, 0x0000000087900000, 0x0000000087a00000|  0%| F|  |TAMS 0x0000000087900000, 0x0000000087900000| Untracked 
| 104|0x0000000087a00000, 0x0000000087a00000, 0x0000000087b00000|  0%| F|  |TAMS 0x0000000087a00000, 0x0000000087a00000| Untracked 
| 105|0x0000000087b00000, 0x0000000087b00000, 0x0000000087c00000|  0%| F|  |TAMS 0x0000000087b00000, 0x0000000087b00000| Untracked 
| 106|0x0000000087c00000, 0x0000000087c00000, 0x0000000087d00000|  0%| F|  |TAMS 0x0000000087c00000, 0x0000000087c00000| Untracked 
| 107|0x0000000087d00000, 0x0000000087d00000, 0x0000000087e00000|  0%| F|  |TAMS 0x0000000087d00000, 0x0000000087d00000| Untracked 
| 108|0x0000000087e00000, 0x0000000087e00000, 0x0000000087f00000|  0%| F|  |TAMS 0x0000000087e00000, 0x0000000087e00000| Untracked 
| 109|0x0000000087f00000, 0x0000000087f00000, 0x0000000088000000|  0%| F|  |TAMS 0x0000000087f00000, 0x0000000087f00000| Untracked 
| 110|0x0000000088000000, 0x0000000088000000, 0x0000000088100000|  0%| F|  |TAMS 0x0000000088000000, 0x0000000088000000| Untracked 
| 111|0x0000000088100000, 0x0000000088100000, 0x0000000088200000|  0%| F|  |TAMS 0x0000000088100000, 0x0000000088100000| Untracked 
| 112|0x0000000088200000, 0x0000000088200000, 0x0000000088300000|  0%| F|  |TAMS 0x0000000088200000, 0x0000000088200000| Untracked 
| 113|0x0000000088300000, 0x0000000088300000, 0x0000000088400000|  0%| F|  |TAMS 0x0000000088300000, 0x0000000088300000| Untracked 
| 114|0x0000000088400000, 0x0000000088400000, 0x0000000088500000|  0%| F|  |TAMS 0x0000000088400000, 0x0000000088400000| Untracked 
| 115|0x0000000088500000, 0x0000000088500000, 0x0000000088600000|  0%| F|  |TAMS 0x0000000088500000, 0x0000000088500000| Untracked 
| 116|0x0000000088600000, 0x0000000088665ec0, 0x0000000088700000| 39%| E|  |TAMS 0x0000000088600000, 0x0000000088600000| Complete 
| 117|0x0000000088700000, 0x0000000088800000, 0x0000000088800000|100%| S|CS|TAMS 0x0000000088700000, 0x0000000088700000| Complete 
| 118|0x0000000088800000, 0x0000000088900000, 0x0000000088900000|100%| S|CS|TAMS 0x0000000088800000, 0x0000000088800000| Complete 
| 119|0x0000000088900000, 0x0000000088a00000, 0x0000000088a00000|100%| E|CS|TAMS 0x0000000088900000, 0x0000000088900000| Complete 
| 120|0x0000000088a00000, 0x0000000088b00000, 0x0000000088b00000|100%| E|CS|TAMS 0x0000000088a00000, 0x0000000088a00000| Complete 
| 121|0x0000000088b00000, 0x0000000088c00000, 0x0000000088c00000|100%| E|CS|TAMS 0x0000000088b00000, 0x0000000088b00000| Complete 
| 122|0x0000000088c00000, 0x0000000088d00000, 0x0000000088d00000|100%| E|CS|TAMS 0x0000000088c00000, 0x0000000088c00000| Complete 
| 123|0x0000000088d00000, 0x0000000088e00000, 0x0000000088e00000|100%| E|CS|TAMS 0x0000000088d00000, 0x0000000088d00000| Complete 
| 124|0x0000000088e00000, 0x0000000088f00000, 0x0000000088f00000|100%| E|CS|TAMS 0x0000000088e00000, 0x0000000088e00000| Complete 
| 125|0x0000000088f00000, 0x0000000089000000, 0x0000000089000000|100%| E|CS|TAMS 0x0000000088f00000, 0x0000000088f00000| Complete 
| 126|0x0000000089000000, 0x0000000089100000, 0x0000000089100000|100%| E|CS|TAMS 0x0000000089000000, 0x0000000089000000| Complete 
| 127|0x0000000089100000, 0x0000000089200000, 0x0000000089200000|100%| E|CS|TAMS 0x0000000089100000, 0x0000000089100000| Complete 

Card table byte_map: [0x00000246f15b0000,0x00000246f19b0000] _byte_map_base: 0x00000246f11a7000

Marking Bits (Prev, Next): (CMBitMap*) 0x00000246e92badb8, (CMBitMap*) 0x00000246e92badf0
 Prev Bits: [0x00000246f1db0000, 0x00000246f3d68000)
 Next Bits: [0x00000246f3d70000, 0x00000246f5d28000)

Polling page: 0x00000246e7040000

Metaspace:

Usage:
  Non-class:     11.58 MB capacity,    11.34 MB ( 98%) used,   215.66 KB (  2%) free+waste,    30.63 KB ( <1%) overhead. 
      Class:      1.47 MB capacity,     1.33 MB ( 91%) used,   126.07 KB (  8%) free+waste,    15.13 KB (  1%) overhead. 
       Both:     13.05 MB capacity,    12.67 MB ( 97%) used,   341.73 KB (  3%) free+waste,    45.75 KB ( <1%) overhead. 

Virtual space:
  Non-class space:       12.00 MB reserved,      11.75 MB ( 98%) committed 
      Class space:        1.00 GB reserved,       1.50 MB ( <1%) committed 
             Both:        1.01 GB reserved,      13.25 MB (  1%) committed 

Chunk freelists:
   Non-Class:  5.13 KB
       Class:  256 bytes
        Both:  5.38 KB

CodeHeap 'non-profiled nmethods': size=239488Kb used=2001Kb max_used=2001Kb free=237486Kb
 bounds [0x0000024680620000, 0x0000024680890000, 0x000002468f000000]
CodeHeap 'non-nmethods': size=6272Kb used=1662Kb max_used=1662Kb free=4610Kb
 bounds [0x0000024680000000, 0x0000024680270000, 0x0000024680620000]
 total_blobs=1774 nmethods=1353 adapters=332
 compilation: enabled
              stopped_count=0, restarted_count=0
 full_count=0

Compilation events (10 events):
Event: 1.140 Thread 0x00000246f8137000 1263       1       java.nio.DirectByteBufferR::<init> (19 bytes)
Event: 1.140 Thread 0x00000246f8137000 nmethod 1263 0x00000246807eab10 code [0x00000246807eace0, 0x00000246807eaf60]
Event: 1.140 Thread 0x00000246f8137000 1264       1       java.nio.DirectByteBufferR::slice (81 bytes)
Event: 1.141 Thread 0x00000246f8137000 nmethod 1264 0x00000246807eb090 code [0x00000246807eb240, 0x00000246807eb430]
Event: 1.141 Thread 0x00000246f8137000 1260       1       jdk.internal.loader.BuiltinClassLoader::moduleReaderFor (45 bytes)
Event: 1.141 Thread 0x00000246f8137000 nmethod 1260 0x00000246807eb510 code [0x00000246807eb6e0, 0x00000246807eba40]
Event: 1.141 Thread 0x00000246f8137000 1261       1       jdk.internal.module.SystemModuleFinders$SystemModuleReader::findImageLocation (42 bytes)
Event: 1.141 Thread 0x00000246f8137000 nmethod 1261 0x00000246807ebb10 code [0x00000246807ebd00, 0x00000246807ec0c0]
Event: 1.142 Thread 0x00000246f8137000 1265       1       java.security.CodeSource::getLocationNoFragString (5 bytes)
Event: 1.142 Thread 0x00000246f8137000 nmethod 1265 0x00000246807ec290 code [0x00000246807ec440, 0x00000246807ec558]

GC Heap History (6 events):
Event: 0.452 GC heap before
{Heap before GC invocations=0 (full 0):
 garbage-first heap   total 131072K, used 7168K [0x0000000081200000, 0x0000000100000000)
  region size 1024K, 7 young (7168K), 0 survivors (0K)
 Metaspace       used 6097K, capacity 6174K, committed 6272K, reserved 1056768K
  class space    used 540K, capacity 567K, committed 640K, reserved 1048576K
}
Event: 0.457 GC heap after
{Heap after GC invocations=1 (full 0):
 garbage-first heap   total 131072K, used 5608K [0x0000000081200000, 0x0000000100000000)
  region size 1024K, 1 young (1024K), 1 survivors (1024K)
 Metaspace       used 6097K, capacity 6174K, committed 6272K, reserved 1056768K
  class space    used 540K, capacity 567K, committed 640K, reserved 1048576K
}
Event: 0.535 GC heap before
{Heap before GC invocations=1 (full 0):
 garbage-first heap   total 131072K, used 9704K [0x0000000081200000, 0x0000000100000000)
  region size 1024K, 6 young (6144K), 1 survivors (1024K)
 Metaspace       used 6098K, capacity 6174K, committed 6272K, reserved 1056768K
  class space    used 540K, capacity 567K, committed 640K, reserved 1048576K
}
Event: 0.538 GC heap after
{Heap after GC invocations=2 (full 0):
 garbage-first heap   total 131072K, used 10023K [0x0000000081200000, 0x0000000100000000)
  region size 1024K, 1 young (1024K), 1 survivors (1024K)
 Metaspace       used 6098K, capacity 6174K, committed 6272K, reserved 1056768K
  class space    used 540K, capacity 567K, committed 640K, reserved 1048576K
}
Event: 0.627 GC heap before
{Heap before GC invocations=2 (full 0):
 garbage-first heap   total 131072K, used 17191K [0x0000000081200000, 0x0000000100000000)
  region size 1024K, 9 young (9216K), 1 survivors (1024K)
 Metaspace       used 6098K, capacity 6174K, committed 6272K, reserved 1056768K
  class space    used 540K, capacity 567K, committed 640K, reserved 1048576K
}
Event: 0.631 GC heap after
{Heap after GC invocations=3 (full 0):
 garbage-first heap   total 131072K, used 18422K [0x0000000081200000, 0x0000000100000000)
  region size 1024K, 2 young (2048K), 2 survivors (2048K)
 Metaspace       used 6098K, capacity 6174K, committed 6272K, reserved 1056768K
  class space    used 540K, capacity 567K, committed 640K, reserved 1048576K
}

Deoptimization events (0 events):
No events

Classes redefined (0 events):
No events

Internal exceptions (10 events):
Event: 0.897 Thread 0x00000246e927d000 Exception <a 'java/lang/NoSuchMethodError'{0x0000000088d781f0}: java.lang.invoke.DirectMethodHandle$Holder.invokeStaticInit(Ljava/lang/Object;IIII)Ljava/lang/Object;> (0x0000000088d781f0) thrown at [t:/workspace/open/src/hotspot/share/interpreter/linkReso
Event: 1.007 Thread 0x00000246e927d000 Exception <a 'java/lang/NoSuchMethodError'{0x0000000088dd91f0}: java.lang.invoke.DirectMethodHandle$Holder.invokeStatic(Ljava/lang/Object;Ljava/lang/Object;IIII)Ljava/lang/Object;> (0x0000000088dd91f0) thrown at [t:/workspace/open/src/hotspot/share/interp
Event: 1.007 Thread 0x00000246e927d000 Exception <a 'java/lang/NoSuchMethodError'{0x0000000088ddc538}: java.lang.invoke.DirectMethodHandle$Holder.invokeStaticInit(Ljava/lang/Object;Ljava/lang/Object;IIII)Ljava/lang/Object;> (0x0000000088ddc538) thrown at [t:/workspace/open/src/hotspot/share/in
Event: 1.022 Thread 0x00000246e927d000 Exception <a 'java/lang/ClassNotFoundException'{0x0000000088df9d50}: javax/management/remote/rmi/RMIServerImpl_Skel> (0x0000000088df9d50) thrown at [t:/workspace/open/src/hotspot/share/classfile/systemDictionary.cpp, line 231]
Event: 1.065 Thread 0x00000246e927d000 Exception <a 'java/lang/ClassNotFoundException'{0x0000000088ca8178}: jdk/internal/agent/resources/spi/agentProvider> (0x0000000088ca8178) thrown at [t:/workspace/open/src/hotspot/share/classfile/systemDictionary.cpp, line 231]
Event: 1.073 Thread 0x00000246e927d000 Exception <a 'java/lang/NoSuchMethodError'{0x0000000088cfe238}: java.lang.invoke.DirectMethodHandle$Holder.invokeStatic(Ljava/lang/Object;Ljava/lang/Object;Ljava/lang/Object;Ljava/lang/Object;Ljava/lang/Object;Ljava/lang/Object;Ljava/lang/Object;Ljava/lan
Event: 1.074 Thread 0x00000246e927d000 Exception <a 'java/lang/NoSuchMethodError'{0x0000000088b0af10}: java.lang.invoke.DirectMethodHandle$Holder.invokeStatic(Ljava/lang/Object;Ljava/lang/Object;Ljava/lang/Object;Ljava/lang/Object;Ljava/lang/Object;Ljava/lang/Object;Ljava/lang/Object;Ljava/lan
Event: 1.078 Thread 0x00000246e927d000 Exception <a 'java/lang/NoSuchMethodError'{0x0000000088b249e8}: java.lang.invoke.DelegatingMethodHandle$Holder.reinvoke_L(Ljava/lang/Object;ILjava/lang/Object;)Ljava/lang/Object;> (0x0000000088b249e8) thrown at [t:/workspace/open/src/hotspot/share/interpr
Event: 1.131 Thread 0x00000246e927d000 Exception <a 'java/lang/ClassNotFoundException'{0x0000000088ae8310}: javax/smartcardio/CardPermission> (0x0000000088ae8310) thrown at [t:/workspace/open/src/hotspot/share/classfile/systemDictionary.cpp, line 231]
Event: 1.135 Thread 0x00000246e927d000 Exception <a 'java/io/FileNotFoundException'{0x0000000088af69b0}> (0x0000000088af69b0) thrown at [t:/workspace/open/src/hotspot/share/prims/jni.cpp, line 615]

Events (10 events):
Event: 1.139 loading class ch/qos/logback/core/status/StatusBase
Event: 1.139 loading class ch/qos/logback/core/status/StatusBase done
Event: 1.139 loading class ch/qos/logback/core/status/Status
Event: 1.139 loading class ch/qos/logback/core/status/Status done
Event: 1.141 loading class ch/qos/logback/classic/spi/Configurator
Event: 1.141 loading class ch/qos/logback/classic/spi/Configurator done
Event: 1.141 loading class ch/qos/logback/core/spi/ContextAware
Event: 1.141 loading class ch/qos/logback/core/spi/ContextAware done
Event: 1.142 loading class ch/qos/logback/classic/util/EnvUtil
Event: 1.142 loading class ch/qos/logback/classic/util/EnvUtil done


Dynamic libraries:
0x00007ff793e20000 - 0x00007ff793e67000 	C:\Program Files\Java\jdk-11.0.4\bin\javaw.exe
0x00007ffb59280000 - 0x00007ffb59470000 	C:\WINDOWS\SYSTEM32\ntdll.dll
0x00007ffb58df0000 - 0x00007ffb58ea2000 	C:\WINDOWS\System32\KERNEL32.DLL
0x00007ffb56280000 - 0x00007ffb56524000 	C:\WINDOWS\System32\KERNELBASE.dll
0x00007ffb58b50000 - 0x00007ffb58bf3000 	C:\WINDOWS\System32\ADVAPI32.dll
0x00007ffb587c0000 - 0x00007ffb5885e000 	C:\WINDOWS\System32\msvcrt.dll
0x00007ffb57350000 - 0x00007ffb573e7000 	C:\WINDOWS\System32\sechost.dll
0x00007ffb58eb0000 - 0x00007ffb58fd0000 	C:\WINDOWS\System32\RPCRT4.dll
0x00007ffb57bb0000 - 0x00007ffb57d44000 	C:\WINDOWS\System32\USER32.dll
0x00007ffb571f0000 - 0x00007ffb57211000 	C:\WINDOWS\System32\win32u.dll
0x00007ffb57430000 - 0x00007ffb57456000 	C:\WINDOWS\System32\GDI32.dll
0x00007ffb57050000 - 0x00007ffb571e6000 	C:\WINDOWS\System32\gdi32full.dll
0x00007ffb56eb0000 - 0x00007ffb56f4e000 	C:\WINDOWS\System32\msvcp_win.dll
0x00007ffb56f50000 - 0x00007ffb5704a000 	C:\WINDOWS\System32\ucrtbase.dll
0x00007ffb3fb60000 - 0x00007ffb3fde4000 	C:\WINDOWS\WinSxS\amd64_microsoft.windows.common-controls_6595b64144ccf1df_6.0.18362.959_none_e6c7bbbf130c62bb\COMCTL32.dll
0x00007ffb58410000 - 0x00007ffb58745000 	C:\WINDOWS\System32\combase.dll
0x00007ffb56200000 - 0x00007ffb56280000 	C:\WINDOWS\System32\bcryptPrimitives.dll
0x00007ffb497e0000 - 0x00007ffb497ea000 	C:\WINDOWS\SYSTEM32\VERSION.dll
0x00007ffb573f0000 - 0x00007ffb5741e000 	C:\WINDOWS\System32\IMM32.DLL
0x00007ffb3e500000 - 0x00007ffb3e516000 	C:\Program Files\Java\jdk-11.0.4\bin\vcruntime140.dll
0x00007ffb33980000 - 0x00007ffb33a2a000 	C:\Program Files\Java\jdk-11.0.4\bin\msvcp140.dll
0x00007ffb14780000 - 0x00007ffb152a7000 	C:\Program Files\Java\jdk-11.0.4\bin\server\jvm.dll
0x00007ffb59050000 - 0x00007ffb59058000 	C:\WINDOWS\System32\PSAPI.DLL
0x00007ffb449c0000 - 0x00007ffb449c9000 	C:\WINDOWS\SYSTEM32\WSOCK32.dll
0x00007ffb58930000 - 0x00007ffb5899f000 	C:\WINDOWS\System32\WS2_32.dll
0x00007ffb541c0000 - 0x00007ffb541e4000 	C:\WINDOWS\SYSTEM32\WINMM.dll
0x00007ffb54190000 - 0x00007ffb541bd000 	C:\WINDOWS\SYSTEM32\WINMMBASE.dll
0x00007ffb56530000 - 0x00007ffb5657a000 	C:\WINDOWS\System32\cfgmgr32.dll
0x00007ffb56140000 - 0x00007ffb56151000 	C:\WINDOWS\System32\kernel.appcore.dll
0x00007ffb54260000 - 0x00007ffb54271000 	C:\Program Files\Java\jdk-11.0.4\bin\verify.dll
0x00007ffb493e0000 - 0x00007ffb495d4000 	C:\WINDOWS\SYSTEM32\DBGHELP.DLL
0x00007ffb48dd0000 - 0x00007ffb48dfa000 	C:\WINDOWS\SYSTEM32\dbgcore.DLL
0x00007ffb3d8c0000 - 0x00007ffb3d8e9000 	C:\Program Files\Java\jdk-11.0.4\bin\java.dll
0x00007ffb3d9a0000 - 0x00007ffb3d9b6000 	C:\Program Files\Java\jdk-11.0.4\bin\zip.dll
0x00007ffb54290000 - 0x00007ffb5429a000 	C:\Program Files\Java\jdk-11.0.4\bin\jimage.dll
0x00007ffb57460000 - 0x00007ffb57b46000 	C:\WINDOWS\System32\SHELL32.dll
0x00007ffb58c60000 - 0x00007ffb58d09000 	C:\WINDOWS\System32\shcore.dll
0x00007ffb566f0000 - 0x00007ffb56e72000 	C:\WINDOWS\System32\windows.storage.dll
0x00007ffb561d0000 - 0x00007ffb561f3000 	C:\WINDOWS\System32\profapi.dll
0x00007ffb56160000 - 0x00007ffb561aa000 	C:\WINDOWS\System32\powrprof.dll
0x00007ffb56130000 - 0x00007ffb56140000 	C:\WINDOWS\System32\UMPDC.dll
0x00007ffb57d50000 - 0x00007ffb57da2000 	C:\WINDOWS\System32\shlwapi.dll
0x00007ffb566d0000 - 0x00007ffb566e7000 	C:\WINDOWS\System32\cryptsp.dll
0x00007ffb3d8a0000 - 0x00007ffb3d8b9000 	C:\Program Files\Java\jdk-11.0.4\bin\net.dll
0x00007ffb4d100000 - 0x00007ffb4d1f0000 	C:\WINDOWS\SYSTEM32\WINHTTP.dll
0x00007ffb4a7c0000 - 0x00007ffb4a996000 	C:\WINDOWS\SYSTEM32\urlmon.dll
0x00007ffb4aac0000 - 0x00007ffb4ad66000 	C:\WINDOWS\SYSTEM32\iertutil.dll
0x00007ffb55b70000 - 0x00007ffb55b7c000 	C:\WINDOWS\SYSTEM32\CRYPTBASE.DLL
0x00007ffb559a0000 - 0x00007ffb55a07000 	C:\WINDOWS\system32\mswsock.dll
0x00007ffb3d880000 - 0x00007ffb3d893000 	C:\Program Files\Java\jdk-11.0.4\bin\nio.dll
0x00007ffb44870000 - 0x00007ffb44879000 	C:\Program Files\Java\jdk-11.0.4\bin\management.dll
0x00007ffb44660000 - 0x00007ffb4466c000 	C:\Program Files\Java\jdk-11.0.4\bin\management_ext.dll
0x00007ffb48990000 - 0x00007ffb489a6000 	C:\WINDOWS\system32\napinsp.dll
0x00007ffb451e0000 - 0x00007ffb451fa000 	C:\WINDOWS\system32\pnrpnsp.dll
0x00007ffb55700000 - 0x00007ffb557cb000 	C:\WINDOWS\SYSTEM32\DNSAPI.dll
0x00007ffb57420000 - 0x00007ffb57428000 	C:\WINDOWS\System32\NSI.dll
0x00007ffb556b0000 - 0x00007ffb556ea000 	C:\WINDOWS\SYSTEM32\IPHLPAPI.DLL
0x00007ffb451d0000 - 0x00007ffb451de000 	C:\WINDOWS\System32\winrnr.dll
0x00007ffb52960000 - 0x00007ffb5297c000 	C:\WINDOWS\system32\NLAapi.dll
0x00007ffb451b0000 - 0x00007ffb451c5000 	C:\WINDOWS\system32\wshbth.dll
0x00007ffb4c8c0000 - 0x00007ffb4c8ca000 	C:\Windows\System32\rasadhlp.dll
0x00007ffb4e1b0000 - 0x00007ffb4e227000 	C:\WINDOWS\System32\fwpuclnt.dll
0x00007ffb56e80000 - 0x00007ffb56ea6000 	C:\WINDOWS\System32\bcrypt.dll
0x00007ffb55510000 - 0x00007ffb55543000 	C:\WINDOWS\system32\rsaenh.dll
0x00007ffb56020000 - 0x00007ffb56045000 	C:\WINDOWS\SYSTEM32\USERENV.dll
0x00007ffb4e3f0000 - 0x00007ffb4e406000 	C:\WINDOWS\SYSTEM32\dhcpcsvc6.DLL
0x00007ffb4e3d0000 - 0x00007ffb4e3ec000 	C:\WINDOWS\SYSTEM32\dhcpcsvc.DLL

dbghelp: loaded successfully - version: 4.0.5 - missing functions: none
symbol engine: initialized successfully - sym options: 0x614 - pdb path: .;C:\Program Files\Java\jdk-11.0.4\bin;C:\WINDOWS\SYSTEM32;C:\WINDOWS\WinSxS\amd64_microsoft.windows.common-controls_6595b64144ccf1df_6.0.18362.959_none_e6c7bbbf130c62bb;C:\Program Files\Java\jdk-11.0.4\bin\server

VM Arguments:
jvm_args: -Dcom.sun.management.jmxremote -Dcom.sun.management.jmxremote.port=54557 -Dcom.sun.management.jmxremote.authenticate=false -Dcom.sun.management.jmxremote.ssl=false -Djava.rmi.server.hostname=localhost -Dspring.jmx.enabled=true -Dspring.application.admin.enabled=true -Xverify:none -XX:TieredStopAtLevel=1 -Dspring.boot.project.name=spring-boot-ionic-backend -Dfile.encoding=UTF-8 
java_command: com.marcio.cursomc.CursomcApplication --spring.output.ansi.enabled=always
java_class_path (initial): C:\Users\Marcio\spring-boot-projects\spring-boot-ionic-backend\target\classes;C:\Users\Marcio\.m2\repository\org\springframework\boot\spring-boot-starter-web\2.3.1.RELEASE\spring-boot-starter-web-2.3.1.RELEASE.jar;C:\Users\Marcio\.m2\repository\org\springframework\boot\spring-boot-starter\2.3.1.RELEASE\spring-boot-starter-2.3.1.RELEASE.jar;C:\Users\Marcio\.m2\repository\org\springframework\boot\spring-boot-starter-logging\2.3.1.RELEASE\spring-boot-starter-logging-2.3.1.RELEASE.jar;C:\Users\Marcio\.m2\repository\ch\qos\logback\logback-classic\1.2.3\logback-classic-1.2.3.jar;C:\Users\Marcio\.m2\repository\ch\qos\logback\logback-core\1.2.3\logback-core-1.2.3.jar;C:\Users\Marcio\.m2\repository\org\apache\logging\log4j\log4j-to-slf4j\2.13.3\log4j-to-slf4j-2.13.3.jar;C:\Users\Marcio\.m2\repository\org\apache\logging\log4j\log4j-api\2.13.3\log4j-api-2.13.3.jar;C:\Users\Marcio\.m2\repository\org\slf4j\jul-to-slf4j\1.7.30\jul-to-slf4j-1.7.30.jar;C:\Users\Marcio\.m2\repository\jakarta\annotation\jakarta.annotation-api\1.3.5\jakarta.annotation-api-1.3.5.jar;C:\Users\Marcio\.m2\repository\org\yaml\snakeyaml\1.26\snakeyaml-1.26.jar;C:\Users\Marcio\.m2\repository\org\springframework\boot\spring-boot-starter-json\2.3.1.RELEASE\spring-boot-starter-json-2.3.1.RELEASE.jar;C:\Users\Marcio\.m2\repository\com\fasterxml\jackson\datatype\jackson-datatype-jdk8\2.11.0\jackson-datatype-jdk8-2.11.0.jar;C:\Users\Marcio\.m2\repository\com\fasterxml\jackson\datatype\jackson-datatype-jsr310\2.11.0\jackson-datatype-jsr310-2.11.0.jar;C:\Users\Marcio\.m2\repository\com\fasterxml\jackson\module\jackson-module-parameter-names\2.11.0\jackson-module-parameter-names-2.11.0.jar;C:\Users\Marcio\.m2\repository\org\springframework\boot\spring-boot-starter-tomcat\2.3.1.RELEASE\spring-boot-starter-tomcat-2.3.1.RELEASE.jar;C:\Users\Marcio\.m2\repository\org\apache\tomcat\embed\tomcat-embed-core\9.0.36\tomcat-embed-core-9.0.36.jar;C:\Users\Marcio\.m2\repository\org\glassfish\jakarta.
Launcher Type: SUN_STANDARD

[Global flags]
     bool BytecodeVerificationLocal                = false                                     {product} {command line}
     bool BytecodeVerificationRemote               = false                                     {product} {command line}
     intx CICompilerCount                          = 2                                         {product} {ergonomic}
     uint ConcGCThreads                            = 1                                         {product} {ergonomic}
     uint G1ConcRefinementThreads                  = 2                                         {product} {ergonomic}
   size_t G1HeapRegionSize                         = 1048576                                   {product} {ergonomic}
    uintx GCDrainStackTargetSize                   = 64                                        {product} {ergonomic}
   size_t InitialHeapSize                          = 134217728                                 {product} {ergonomic}
     bool ManagementServer                         = true                                      {product} {command line}
   size_t MarkStackSize                            = 4194304                                   {product} {ergonomic}
   size_t MaxHeapSize                              = 2128609280                                {product} {ergonomic}
   size_t MaxNewSize                               = 1277165568                                {product} {ergonomic}
   size_t MinHeapDeltaBytes                        = 1048576                                   {product} {ergonomic}
    uintx NonNMethodCodeHeapSize                   = 6396312                                {pd product} {ergonomic}
    uintx NonProfiledCodeHeapSize                  = 245261928                              {pd product} {ergonomic}
    uintx ProfiledCodeHeapSize                     = 0                                      {pd product} {ergonomic}
    uintx ReservedCodeCacheSize                    = 251658240                              {pd product} {ergonomic}
     bool SegmentedCodeCache                       = true                                      {product} {ergonomic}
     intx TieredStopAtLevel                        = 1                                         {product} {command line}
     bool UseCompressedClassPointers               = true                                 {lp64_product} {ergonomic}
     bool UseCompressedOops                        = true                                 {lp64_product} {ergonomic}
     bool UseG1GC                                  = true                                      {product} {ergonomic}
     bool UseLargePagesIndividualAllocation        = false                                  {pd product} {ergonomic}

Logging:
Log output configuration:
 #0: stdout all=warning uptime,level,tags
 #1: stderr all=off uptime,level,tags

Environment Variables:
JAVA_HOME=C:\Program Files\Java\jdk-11.0.4
PATH=C:/Program Files/Java/jdk-11.0.4/bin/server;C:/Program Files/Java/jdk-11.0.4/bin;C:\oraclexe\client_oracle11;C:\Program Files (x86)\ActiveState Komodo Edit 10\;C:\WINDOWS\system32;C:\WINDOWS;C:\WINDOWS\System32\Wbem;C:\WINDOWS\System32\WindowsPowerShell\v1.0\;C:\WINDOWS\System32\OpenSSH\;C:\Program Files\Java\jdk-11.0.4\bin;C:\Program Files\Git\cmd;C:\Program Files\Java\jdk-11.0.4\bin;C:\Program Files\MongoDB\Server\4.2\bin;C:\xampp\php;C:\xampp\mysql\bin;C:\Users\Marcio\AppData\Local\Microsoft\WindowsApps;C:\Program Files\heroku\bin;C:\SpringBoot\sts-4.7.1.RELEASE;
USERNAME=Marcio
OS=Windows_NT
PROCESSOR_IDENTIFIER=Intel64 Family 6 Model 60 Stepping 3, GenuineIntel



---------------  S Y S T E M  ---------------

OS: Windows 10 , 64 bit Build 18362 (10.0.18362.959)

CPU:total 2 (initial active 2) (2 cores per cpu, 1 threads per core) family 6 model 60 stepping 3, cmov, cx8, fxsr, mmx, sse, sse2, sse3, ssse3, sse4.1, sse4.2, popcnt, clmul, erms, lzcnt, tsc, tscinvbit

Memory: 4k page, system-wide physical 8113M (3233M free)
TotalPageFile size 9841M (AvailPageFile size 2789M)
current process WorkingSet (physical memory assigned to process): 75M, peak: 75M
current process commit charge ("private bytes"): 213M, peak: 213M

vm_info: Java HotSpot(TM) 64-Bit Server VM (11.0.4+10-LTS) for windows-amd64 JRE (11.0.4+10-LTS), built on Jul  4 2019 16:28:13 by "mach5one" with MS VC++ 15.5 (VS2017)

END.
